{"numTotalTestSuites":68,"numPassedTestSuites":68,"numFailedTestSuites":0,"numPendingTestSuites":0,"numTotalTests":120,"numPassedTests":120,"numFailedTests":0,"numPendingTests":0,"numTodoTests":0,"snapshot":{"added":0,"failure":false,"filesAdded":0,"filesRemoved":0,"filesRemovedList":[],"filesUnmatched":0,"filesUpdated":0,"matched":0,"total":0,"unchecked":0,"uncheckedKeysByFile":[],"unmatched":0,"updated":0,"didUpdate":false},"startTime":1762639233108,"success":true,"testResults":[{"assertionResults":[{"ancestorTitles":["App"],"fullName":"App should render without crashing","status":"passed","title":"should render without crashing","duration":57.544791999999916,"failureMessages":[],"meta":{}},{"ancestorTitles":["App"],"fullName":"App should wrap app in QueryClientProvider","status":"passed","title":"should wrap app in QueryClientProvider","duration":5.878832999999986,"failureMessages":[],"meta":{}},{"ancestorTitles":["App"],"fullName":"App should wrap app in BrowserRouter","status":"passed","title":"should wrap app in BrowserRouter","duration":4.935500000000047,"failureMessages":[],"meta":{}}],"startTime":1762639236492,"endTime":1762639236559.9355,"status":"passed","message":"","name":"/Users/jayasimha/Workspace/ChronoGuard/frontend/src/App.test.tsx"},{"assertionResults":[{"ancestorTitles":["main.tsx"],"fullName":"main.tsx should set default tenantId in localStorage","status":"passed","title":"should set default tenantId in localStorage","duration":0.6326250000000755,"failureMessages":[],"meta":{}},{"ancestorTitles":["main.tsx"],"fullName":"main.tsx should have tenantId as valid UUID","status":"passed","title":"should have tenantId as valid UUID","duration":0.21612499999991996,"failureMessages":[],"meta":{}}],"startTime":1762639236553,"endTime":1762639236554.216,"status":"passed","message":"","name":"/Users/jayasimha/Workspace/ChronoGuard/frontend/src/main.test.tsx"},{"assertionResults":[{"ancestorTitles":["Layout"],"fullName":"Layout should render ChronoGuard title","status":"passed","title":"should render ChronoGuard title","duration":33.29816699999992,"failureMessages":[],"meta":{}},{"ancestorTitles":["Layout"],"fullName":"Layout should render navigation links","status":"passed","title":"should render navigation links","duration":13.297667000000047,"failureMessages":[],"meta":{}},{"ancestorTitles":["Layout"],"fullName":"Layout should render outlet content","status":"passed","title":"should render outlet content","duration":9.313999999999965,"failureMessages":[],"meta":{}},{"ancestorTitles":["Layout"],"fullName":"Layout should have navigation items with correct hrefs","status":"passed","title":"should have navigation items with correct hrefs","duration":12.541541000000052,"failureMessages":[],"meta":{}}],"startTime":1762639235035,"endTime":1762639235102.5415,"status":"passed","message":"","name":"/Users/jayasimha/Workspace/ChronoGuard/frontend/src/components/Layout.test.tsx"},{"assertionResults":[{"ancestorTitles":["useApi Comprehensive Coverage","Query Keys"],"fullName":"useApi Comprehensive Coverage Query Keys should have correct query keys structure","status":"passed","title":"should have correct query keys structure","duration":1.338624999999979,"failureMessages":[],"meta":{}},{"ancestorTitles":["useApi Comprehensive Coverage","useCreateAgent mutation"],"fullName":"useApi Comprehensive Coverage useCreateAgent mutation should call create agent API","status":"passed","title":"should call create agent API","duration":64.73954200000003,"failureMessages":[],"meta":{}},{"ancestorTitles":["useApi Comprehensive Coverage","useUpdateAgent mutation"],"fullName":"useApi Comprehensive Coverage useUpdateAgent mutation should call update agent API","status":"passed","title":"should call update agent API","duration":54.23670800000002,"failureMessages":[],"meta":{}},{"ancestorTitles":["useApi Comprehensive Coverage","useCreatePolicy mutation"],"fullName":"useApi Comprehensive Coverage useCreatePolicy mutation should call create policy API","status":"passed","title":"should call create policy API","duration":58.792958999999996,"failureMessages":[],"meta":{}},{"ancestorTitles":["useApi Comprehensive Coverage","useUpdatePolicy mutation"],"fullName":"useApi Comprehensive Coverage useUpdatePolicy mutation should call update policy API","status":"passed","title":"should call update policy API","duration":54.889084000000025,"failureMessages":[],"meta":{}},{"ancestorTitles":["useApi Comprehensive Coverage","useDeletePolicy mutation"],"fullName":"useApi Comprehensive Coverage useDeletePolicy mutation should call delete policy API","status":"passed","title":"should call delete policy API","duration":57.74637500000006,"failureMessages":[],"meta":{}},{"ancestorTitles":["useApi Comprehensive Coverage","usePolicy query"],"fullName":"useApi Comprehensive Coverage usePolicy query should fetch single policy","status":"passed","title":"should fetch single policy","duration":58.432624999999916,"failureMessages":[],"meta":{}},{"ancestorTitles":["useApi Comprehensive Coverage","usePolicy query"],"fullName":"useApi Comprehensive Coverage usePolicy query should not fetch when policyId is empty","status":"passed","title":"should not fetch when policyId is empty","duration":1.0333749999999782,"failureMessages":[],"meta":{}},{"ancestorTitles":["useApi Comprehensive Coverage","useAuditQuery query"],"fullName":"useApi Comprehensive Coverage useAuditQuery query should fetch audit entries","status":"passed","title":"should fetch audit entries","duration":54.56616600000007,"failureMessages":[],"meta":{}},{"ancestorTitles":["useApi Comprehensive Coverage","Query with filters"],"fullName":"useApi Comprehensive Coverage Query with filters should support filtering by decision","status":"passed","title":"should support filtering by decision","duration":55.06645800000001,"failureMessages":[],"meta":{}},{"ancestorTitles":["useApi Comprehensive Coverage","Query with filters"],"fullName":"useApi Comprehensive Coverage Query with filters should support filtering by domain","status":"passed","title":"should support filtering by domain","duration":54.81033400000001,"failureMessages":[],"meta":{}},{"ancestorTitles":["useApi Comprehensive Coverage","Query with filters"],"fullName":"useApi Comprehensive Coverage Query with filters should support filtering by date range","status":"passed","title":"should support filtering by date range","duration":54.243541999999934,"failureMessages":[],"meta":{}}],"startTime":1762639233919,"endTime":1762639234491.2437,"status":"passed","message":"","name":"/Users/jayasimha/Workspace/ChronoGuard/frontend/src/hooks/useApi.comprehensive.test.tsx"},{"assertionResults":[{"ancestorTitles":["useApi mutation hooks","useCreateAgent"],"fullName":"useApi mutation hooks useCreateAgent should create agent","status":"passed","title":"should create agent","duration":69.48845899999992,"failureMessages":[],"meta":{}},{"ancestorTitles":["useApi mutation hooks","useUpdateAgent"],"fullName":"useApi mutation hooks useUpdateAgent should update agent","status":"passed","title":"should update agent","duration":55.10666600000002,"failureMessages":[],"meta":{}},{"ancestorTitles":["useApi mutation hooks","useCreatePolicy"],"fullName":"useApi mutation hooks useCreatePolicy should create policy","status":"passed","title":"should create policy","duration":55.80558400000007,"failureMessages":[],"meta":{}},{"ancestorTitles":["useApi mutation hooks","useUpdatePolicy"],"fullName":"useApi mutation hooks useUpdatePolicy should update policy","status":"passed","title":"should update policy","duration":54.36491699999999,"failureMessages":[],"meta":{}},{"ancestorTitles":["useApi mutation hooks","useDeletePolicy"],"fullName":"useApi mutation hooks useDeletePolicy should delete policy","status":"passed","title":"should delete policy","duration":55.65579200000002,"failureMessages":[],"meta":{}},{"ancestorTitles":["useApi mutation hooks","usePolicy"],"fullName":"useApi mutation hooks usePolicy should fetch single policy","status":"passed","title":"should fetch single policy","duration":2.6280830000000606,"failureMessages":[],"meta":{}},{"ancestorTitles":["useApi mutation hooks","useAuditQuery"],"fullName":"useApi mutation hooks useAuditQuery should query audit entries","status":"passed","title":"should query audit entries","duration":0.19074999999998,"failureMessages":[],"meta":{}}],"startTime":1762639233918,"endTime":1762639234213.1907,"status":"passed","message":"","name":"/Users/jayasimha/Workspace/ChronoGuard/frontend/src/hooks/useApi.mutations.test.tsx"},{"assertionResults":[{"ancestorTitles":["useApi hooks","useHealth"],"fullName":"useApi hooks useHealth should fetch health check data","status":"passed","title":"should fetch health check data","duration":73.166833,"failureMessages":[],"meta":{}},{"ancestorTitles":["useApi hooks","useMetrics"],"fullName":"useApi hooks useMetrics should fetch metrics data","status":"passed","title":"should fetch metrics data","duration":54.196417,"failureMessages":[],"meta":{}},{"ancestorTitles":["useApi hooks","useAgents"],"fullName":"useApi hooks useAgents should fetch agents list","status":"passed","title":"should fetch agents list","duration":57.230542000000014,"failureMessages":[],"meta":{}},{"ancestorTitles":["useApi hooks","useAgent"],"fullName":"useApi hooks useAgent should fetch single agent","status":"passed","title":"should fetch single agent","duration":56.493791999999985,"failureMessages":[],"meta":{}},{"ancestorTitles":["useApi hooks","useAgent"],"fullName":"useApi hooks useAgent should not fetch when agentId is empty","status":"passed","title":"should not fetch when agentId is empty","duration":1.9470000000001164,"failureMessages":[],"meta":{}},{"ancestorTitles":["useApi hooks","usePolicies"],"fullName":"useApi hooks usePolicies should fetch policies list","status":"passed","title":"should fetch policies list","duration":53.04241699999989,"failureMessages":[],"meta":{}},{"ancestorTitles":["useApi hooks","useAuditAnalytics"],"fullName":"useApi hooks useAuditAnalytics should fetch analytics data","status":"passed","title":"should fetch analytics data","duration":53.97737499999994,"failureMessages":[],"meta":{}},{"ancestorTitles":["useApi hooks","useAuditAnalytics"],"fullName":"useApi hooks useAuditAnalytics should not fetch when times are empty","status":"passed","title":"should not fetch when times are empty","duration":3.0438329999999496,"failureMessages":[],"meta":{}}],"startTime":1762639233918,"endTime":1762639234272.044,"status":"passed","message":"","name":"/Users/jayasimha/Workspace/ChronoGuard/frontend/src/hooks/useApi.test.tsx"},{"assertionResults":[{"ancestorTitles":["utils","cn"],"fullName":"utils cn should merge class names","status":"passed","title":"should merge class names","duration":4.957707999999911,"failureMessages":[],"meta":{}},{"ancestorTitles":["utils","cn"],"fullName":"utils cn should handle conditional classes","status":"passed","title":"should handle conditional classes","duration":0.4941670000000613,"failureMessages":[],"meta":{}},{"ancestorTitles":["utils","cn"],"fullName":"utils cn should handle tailwind conflicts","status":"passed","title":"should handle tailwind conflicts","duration":1.6725839999999152,"failureMessages":[],"meta":{}},{"ancestorTitles":["utils","cn"],"fullName":"utils cn should handle empty inputs","status":"passed","title":"should handle empty inputs","duration":0.32054200000004585,"failureMessages":[],"meta":{}},{"ancestorTitles":["utils","cn"],"fullName":"utils cn should handle array inputs","status":"passed","title":"should handle array inputs","duration":1.179749999999899,"failureMessages":[],"meta":{}}],"startTime":1762639235847,"endTime":1762639235856.1797,"status":"passed","message":"","name":"/Users/jayasimha/Workspace/ChronoGuard/frontend/src/lib/utils.test.ts"},{"assertionResults":[{"ancestorTitles":["API Comprehensive Coverage","Type Definitions"],"fullName":"API Comprehensive Coverage Type Definitions should define AuditQueryRequest type","status":"passed","title":"should define AuditQueryRequest type","duration":0.7781250000000455,"failureMessages":[],"meta":{}},{"ancestorTitles":["API Comprehensive Coverage","Type Definitions"],"fullName":"API Comprehensive Coverage Type Definitions should define CreateAgentRequest type","status":"passed","title":"should define CreateAgentRequest type","duration":0.07933400000001711,"failureMessages":[],"meta":{}},{"ancestorTitles":["API Comprehensive Coverage","Type Definitions"],"fullName":"API Comprehensive Coverage Type Definitions should define UpdateAgentRequest type","status":"passed","title":"should define UpdateAgentRequest type","duration":0.20412500000009004,"failureMessages":[],"meta":{}},{"ancestorTitles":["API Comprehensive Coverage","Type Definitions"],"fullName":"API Comprehensive Coverage Type Definitions should define CreatePolicyRequest type","status":"passed","title":"should define CreatePolicyRequest type","duration":0.10287499999992633,"failureMessages":[],"meta":{}},{"ancestorTitles":["API Comprehensive Coverage","Type Definitions"],"fullName":"API Comprehensive Coverage Type Definitions should define UpdatePolicyRequest type","status":"passed","title":"should define UpdatePolicyRequest type","duration":0.09808400000008533,"failureMessages":[],"meta":{}},{"ancestorTitles":["API Comprehensive Coverage","Type Definitions"],"fullName":"API Comprehensive Coverage Type Definitions should handle optional fields","status":"passed","title":"should handle optional fields","duration":0.38345800000001873,"failureMessages":[],"meta":{}},{"ancestorTitles":["API Comprehensive Coverage","Type Definitions"],"fullName":"API Comprehensive Coverage Type Definitions should handle all decision types","status":"passed","title":"should handle all decision types","duration":0.09283400000003894,"failureMessages":[],"meta":{}},{"ancestorTitles":["API Comprehensive Coverage","Type Definitions"],"fullName":"API Comprehensive Coverage Type Definitions should handle all agent statuses","status":"passed","title":"should handle all agent statuses","duration":0.08275000000003274,"failureMessages":[],"meta":{}},{"ancestorTitles":["API Comprehensive Coverage","Type Definitions"],"fullName":"API Comprehensive Coverage Type Definitions should handle policy actions","status":"passed","title":"should handle policy actions","duration":0.2216249999999036,"failureMessages":[],"meta":{}},{"ancestorTitles":["API Comprehensive Coverage","Type Definitions"],"fullName":"API Comprehensive Coverage Type Definitions should handle export formats","status":"passed","title":"should handle export formats","duration":0.26233300000001236,"failureMessages":[],"meta":{}}],"startTime":1762639236467,"endTime":1762639236470.2625,"status":"passed","message":"","name":"/Users/jayasimha/Workspace/ChronoGuard/frontend/src/services/api.comprehensive.test.ts"},{"assertionResults":[{"ancestorTitles":["API Method Coverage","API endpoint paths"],"fullName":"API Method Coverage API endpoint paths should define health endpoints","status":"passed","title":"should define health endpoints","duration":1.6149580000000014,"failureMessages":[],"meta":{}},{"ancestorTitles":["API Method Coverage","API endpoint paths"],"fullName":"API Method Coverage API endpoint paths should define agent endpoints","status":"passed","title":"should define agent endpoints","duration":0.19966699999997672,"failureMessages":[],"meta":{}},{"ancestorTitles":["API Method Coverage","API endpoint paths"],"fullName":"API Method Coverage API endpoint paths should define policy endpoints","status":"passed","title":"should define policy endpoints","duration":0.21295899999995527,"failureMessages":[],"meta":{}},{"ancestorTitles":["API Method Coverage","API endpoint paths"],"fullName":"API Method Coverage API endpoint paths should define audit endpoints","status":"passed","title":"should define audit endpoints","duration":0.15537499999993543,"failureMessages":[],"meta":{}},{"ancestorTitles":["API Method Coverage","Request parameters"],"fullName":"API Method Coverage Request parameters should handle pagination parameters","status":"passed","title":"should handle pagination parameters","duration":0.1515830000000733,"failureMessages":[],"meta":{}},{"ancestorTitles":["API Method Coverage","Request parameters"],"fullName":"API Method Coverage Request parameters should handle filter parameters","status":"passed","title":"should handle filter parameters","duration":0.0595419999999649,"failureMessages":[],"meta":{}},{"ancestorTitles":["API Method Coverage","Request parameters"],"fullName":"API Method Coverage Request parameters should handle export parameters","status":"passed","title":"should handle export parameters","duration":0.03904099999999744,"failureMessages":[],"meta":{}},{"ancestorTitles":["API Method Coverage","HTTP Methods"],"fullName":"API Method Coverage HTTP Methods should use GET for list operations","status":"passed","title":"should use GET for list operations","duration":0.03366700000003675,"failureMessages":[],"meta":{}},{"ancestorTitles":["API Method Coverage","HTTP Methods"],"fullName":"API Method Coverage HTTP Methods should use POST for create and query operations","status":"passed","title":"should use POST for create and query operations","duration":0.13141699999994216,"failureMessages":[],"meta":{}},{"ancestorTitles":["API Method Coverage","HTTP Methods"],"fullName":"API Method Coverage HTTP Methods should use PUT for update operations","status":"passed","title":"should use PUT for update operations","duration":0.0360840000000735,"failureMessages":[],"meta":{}},{"ancestorTitles":["API Method Coverage","HTTP Methods"],"fullName":"API Method Coverage HTTP Methods should use DELETE for delete operations","status":"passed","title":"should use DELETE for delete operations","duration":0.08579099999997197,"failureMessages":[],"meta":{}},{"ancestorTitles":["API Method Coverage","Headers and Configuration"],"fullName":"API Method Coverage Headers and Configuration should use Content-Type application/json","status":"passed","title":"should use Content-Type application/json","duration":0.03408300000000963,"failureMessages":[],"meta":{}},{"ancestorTitles":["API Method Coverage","Headers and Configuration"],"fullName":"API Method Coverage Headers and Configuration should use X-Tenant-ID header","status":"passed","title":"should use X-Tenant-ID header","duration":0.03141600000003564,"failureMessages":[],"meta":{}},{"ancestorTitles":["API Method Coverage","Headers and Configuration"],"fullName":"API Method Coverage Headers and Configuration should use X-User-ID header","status":"passed","title":"should use X-User-ID header","duration":0.037707999999952335,"failureMessages":[],"meta":{}},{"ancestorTitles":["API Method Coverage","Headers and Configuration"],"fullName":"API Method Coverage Headers and Configuration should handle blob response type for exports","status":"passed","title":"should handle blob response type for exports","duration":0.041333000000008724,"failureMessages":[],"meta":{}},{"ancestorTitles":["API Method Coverage","Base URL configuration"],"fullName":"API Method Coverage Base URL configuration should have default base URL","status":"passed","title":"should have default base URL","duration":0.04245900000000802,"failureMessages":[],"meta":{}},{"ancestorTitles":["API Method Coverage","Base URL configuration"],"fullName":"API Method Coverage Base URL configuration should support environment variable override","status":"passed","title":"should support environment variable override","duration":0.05899999999996908,"failureMessages":[],"meta":{}},{"ancestorTitles":["API Method Coverage","LocalStorage integration"],"fullName":"API Method Coverage LocalStorage integration should read tenantId from localStorage","status":"passed","title":"should read tenantId from localStorage","duration":0.041958000000022366,"failureMessages":[],"meta":{}},{"ancestorTitles":["API Method Coverage","LocalStorage integration"],"fullName":"API Method Coverage LocalStorage integration should read userId from localStorage","status":"passed","title":"should read userId from localStorage","duration":0.03462500000000546,"failureMessages":[],"meta":{}},{"ancestorTitles":["API Method Coverage","Error Handling"],"fullName":"API Method Coverage Error Handling should handle 401 unauthorized errors","status":"passed","title":"should handle 401 unauthorized errors","duration":0.032207999999968706,"failureMessages":[],"meta":{}},{"ancestorTitles":["API Method Coverage","Error Handling"],"fullName":"API Method Coverage Error Handling should handle network errors","status":"passed","title":"should handle network errors","duration":0.04770799999994324,"failureMessages":[],"meta":{}},{"ancestorTitles":["API Method Coverage","Error Handling"],"fullName":"API Method Coverage Error Handling should handle timeout errors","status":"passed","title":"should handle timeout errors","duration":0.03854100000000926,"failureMessages":[],"meta":{}}],"startTime":1762639236474,"endTime":1762639236478.059,"status":"passed","message":"","name":"/Users/jayasimha/Workspace/ChronoGuard/frontend/src/services/api.methods.test.ts"},{"assertionResults":[{"ancestorTitles":["API Client","Configuration"],"fullName":"API Client Configuration should define API base URL from environment or default","status":"passed","title":"should define API base URL from environment or default","duration":1.9440409999999702,"failureMessages":[],"meta":{}},{"ancestorTitles":["API Client","Configuration"],"fullName":"API Client Configuration should have tenantId in localStorage","status":"passed","title":"should have tenantId in localStorage","duration":0.21420799999998508,"failureMessages":[],"meta":{}}],"startTime":1762639235968,"endTime":1762639235970.214,"status":"passed","message":"","name":"/Users/jayasimha/Workspace/ChronoGuard/frontend/src/services/api.test.ts"},{"assertionResults":[{"ancestorTitles":["AgentsPage"],"fullName":"AgentsPage should display loading state","status":"passed","title":"should display loading state","duration":17.813417000000072,"failureMessages":[],"meta":{}},{"ancestorTitles":["AgentsPage"],"fullName":"AgentsPage should display error state","status":"passed","title":"should display error state","duration":2.0717919999999594,"failureMessages":[],"meta":{}},{"ancestorTitles":["AgentsPage"],"fullName":"AgentsPage should display agents table","status":"passed","title":"should display agents table","duration":10.44466599999987,"failureMessages":[],"meta":{}},{"ancestorTitles":["AgentsPage"],"fullName":"AgentsPage should display pagination when has more data","status":"passed","title":"should display pagination when has more data","duration":3.592875000000049,"failureMessages":[],"meta":{}}],"startTime":1762639236789,"endTime":1762639236822.5928,"status":"passed","message":"","name":"/Users/jayasimha/Workspace/ChronoGuard/frontend/src/pages/AgentsPage.test.tsx"},{"assertionResults":[{"ancestorTitles":["AuditPage Comprehensive Coverage"],"fullName":"AuditPage Comprehensive Coverage should initialize with default 7-day date range","status":"passed","title":"should initialize with default 7-day date range","duration":64.35416699999996,"failureMessages":[],"meta":{}},{"ancestorTitles":["AuditPage Comprehensive Coverage"],"fullName":"AuditPage Comprehensive Coverage should display agent ID shortened in table","status":"passed","title":"should display agent ID shortened in table","duration":159.89020800000003,"failureMessages":[],"meta":{}},{"ancestorTitles":["AuditPage Comprehensive Coverage"],"fullName":"AuditPage Comprehensive Coverage should show allow decision with green badge and checkmark icon","status":"passed","title":"should show allow decision with green badge and checkmark icon","duration":66.48345900000004,"failureMessages":[],"meta":{}},{"ancestorTitles":["AuditPage Comprehensive Coverage"],"fullName":"AuditPage Comprehensive Coverage should display filter controls when no data","status":"passed","title":"should display filter controls when no data","duration":11.039875000000166,"failureMessages":[],"meta":{}},{"ancestorTitles":["AuditPage Comprehensive Coverage"],"fullName":"AuditPage Comprehensive Coverage should format timestamp correctly","status":"passed","title":"should format timestamp correctly","duration":20.020708999999897,"failureMessages":[],"meta":{}},{"ancestorTitles":["AuditPage Comprehensive Coverage"],"fullName":"AuditPage Comprehensive Coverage should show decision dropdown with all options","status":"passed","title":"should show decision dropdown with all options","duration":18.612957999999935,"failureMessages":[],"meta":{}}],"startTime":1762639234730,"endTime":1762639235070.613,"status":"passed","message":"","name":"/Users/jayasimha/Workspace/ChronoGuard/frontend/src/pages/AuditPage.comprehensive.test.tsx"},{"assertionResults":[{"ancestorTitles":["AuditPage Display Tests"],"fullName":"AuditPage Display Tests should display deny decision with red badge","status":"passed","title":"should display deny decision with red badge","duration":79.04375000000005,"failureMessages":[],"meta":{}},{"ancestorTitles":["AuditPage Display Tests"],"fullName":"AuditPage Display Tests should display multiple audit entries","status":"passed","title":"should display multiple audit entries","duration":29.50974999999994,"failureMessages":[],"meta":{}},{"ancestorTitles":["AuditPage Display Tests"],"fullName":"AuditPage Display Tests should truncate long paths","status":"passed","title":"should truncate long paths","duration":10.136290999999801,"failureMessages":[],"meta":{}},{"ancestorTitles":["AuditPage Display Tests"],"fullName":"AuditPage Display Tests should show filter UI elements","status":"passed","title":"should show filter UI elements","duration":5.330416999999898,"failureMessages":[],"meta":{}}],"startTime":1762639234801,"endTime":1762639234925.3303,"status":"passed","message":"","name":"/Users/jayasimha/Workspace/ChronoGuard/frontend/src/pages/AuditPage.display.test.tsx"},{"assertionResults":[{"ancestorTitles":["AuditPage Event Handlers"],"fullName":"AuditPage Event Handlers should handle domain search input change","status":"passed","title":"should handle domain search input change","duration":45.20595800000001,"failureMessages":[],"meta":{}},{"ancestorTitles":["AuditPage Event Handlers"],"fullName":"AuditPage Event Handlers should handle search button click","status":"passed","title":"should handle search button click","duration":194.97504099999992,"failureMessages":[],"meta":{}},{"ancestorTitles":["AuditPage Event Handlers"],"fullName":"AuditPage Event Handlers should handle enter key in search input","status":"passed","title":"should handle enter key in search input","duration":13.519208999999819,"failureMessages":[],"meta":{}},{"ancestorTitles":["AuditPage Event Handlers"],"fullName":"AuditPage Event Handlers should handle decision filter change","status":"passed","title":"should handle decision filter change","duration":70.74308300000007,"failureMessages":[],"meta":{}},{"ancestorTitles":["AuditPage Event Handlers"],"fullName":"AuditPage Event Handlers should have date range inputs","status":"passed","title":"should have date range inputs","duration":18.650875000000042,"failureMessages":[],"meta":{}},{"ancestorTitles":["AuditPage Event Handlers"],"fullName":"AuditPage Event Handlers should test export functionality exists","status":"passed","title":"should test export functionality exists","duration":9.398709000000053,"failureMessages":[],"meta":{}}],"startTime":1762639234755,"endTime":1762639235108.3987,"status":"passed","message":"","name":"/Users/jayasimha/Workspace/ChronoGuard/frontend/src/pages/AuditPage.handlers.test.tsx"},{"assertionResults":[{"ancestorTitles":["AuditPage"],"fullName":"AuditPage should render audit page title","status":"passed","title":"should render audit page title","duration":86.45229100000006,"failureMessages":[],"meta":{}},{"ancestorTitles":["AuditPage"],"fullName":"AuditPage should display loading state","status":"passed","title":"should display loading state","duration":5.377624999999853,"failureMessages":[],"meta":{}},{"ancestorTitles":["AuditPage"],"fullName":"AuditPage should display error state","status":"passed","title":"should display error state","duration":1.818042000000105,"failureMessages":[],"meta":{}},{"ancestorTitles":["AuditPage"],"fullName":"AuditPage should display empty state","status":"passed","title":"should display empty state","duration":9.588250000000016,"failureMessages":[],"meta":{}},{"ancestorTitles":["AuditPage"],"fullName":"AuditPage should display audit entries table","status":"passed","title":"should display audit entries table","duration":56.64016700000002,"failureMessages":[],"meta":{}},{"ancestorTitles":["AuditPage"],"fullName":"AuditPage should have decision filter","status":"passed","title":"should have decision filter","duration":134.95124999999985,"failureMessages":[],"meta":{}},{"ancestorTitles":["AuditPage"],"fullName":"AuditPage should have search functionality","status":"passed","title":"should have search functionality","duration":37.25241699999992,"failureMessages":[],"meta":{}},{"ancestorTitles":["AuditPage"],"fullName":"AuditPage should have export CSV button","status":"passed","title":"should have export CSV button","duration":13.884375000000091,"failureMessages":[],"meta":{}},{"ancestorTitles":["AuditPage"],"fullName":"AuditPage should have export JSON button","status":"passed","title":"should have export JSON button","duration":4.699957999999924,"failureMessages":[],"meta":{}},{"ancestorTitles":["AuditPage"],"fullName":"AuditPage should render filter controls","status":"passed","title":"should render filter controls","duration":10.589375000000018,"failureMessages":[],"meta":{}}],"startTime":1762639234778,"endTime":1762639235139.5894,"status":"passed","message":"","name":"/Users/jayasimha/Workspace/ChronoGuard/frontend/src/pages/AuditPage.test.tsx"},{"assertionResults":[{"ancestorTitles":["Dashboard"],"fullName":"Dashboard should render dashboard title","status":"passed","title":"should render dashboard title","duration":27.014374999999973,"failureMessages":[],"meta":{}},{"ancestorTitles":["Dashboard"],"fullName":"Dashboard should display loading state","status":"passed","title":"should display loading state","duration":2.9111250000000837,"failureMessages":[],"meta":{}},{"ancestorTitles":["Dashboard"],"fullName":"Dashboard should display metrics when loaded","status":"passed","title":"should display metrics when loaded","duration":19.50754199999983,"failureMessages":[],"meta":{}},{"ancestorTitles":["Dashboard"],"fullName":"Dashboard should display compliance score","status":"passed","title":"should display compliance score","duration":5.870582999999897,"failureMessages":[],"meta":{}},{"ancestorTitles":["Dashboard"],"fullName":"Dashboard should display anomalies when present","status":"passed","title":"should display anomalies when present","duration":17.251457999999957,"failureMessages":[],"meta":{}},{"ancestorTitles":["Dashboard"],"fullName":"Dashboard should display top domains","status":"passed","title":"should display top domains","duration":13.207458000000088,"failureMessages":[],"meta":{}}],"startTime":1762639236099,"endTime":1762639236185.2075,"status":"passed","message":"","name":"/Users/jayasimha/Workspace/ChronoGuard/frontend/src/pages/Dashboard.test.tsx"},{"assertionResults":[{"ancestorTitles":["PoliciesPage"],"fullName":"PoliciesPage should render policies page title","status":"passed","title":"should render policies page title","duration":20.629416999999876,"failureMessages":[],"meta":{}},{"ancestorTitles":["PoliciesPage"],"fullName":"PoliciesPage should display loading state","status":"passed","title":"should display loading state","duration":2.126416000000063,"failureMessages":[],"meta":{}},{"ancestorTitles":["PoliciesPage"],"fullName":"PoliciesPage should display error state","status":"passed","title":"should display error state","duration":1.7016250000001492,"failureMessages":[],"meta":{}},{"ancestorTitles":["PoliciesPage"],"fullName":"PoliciesPage should display policies list","status":"passed","title":"should display policies list","duration":8.38325000000009,"failureMessages":[],"meta":{}},{"ancestorTitles":["PoliciesPage"],"fullName":"PoliciesPage should display allowed domains","status":"passed","title":"should display allowed domains","duration":5.254166000000168,"failureMessages":[],"meta":{}},{"ancestorTitles":["PoliciesPage"],"fullName":"PoliciesPage should display blocked domains","status":"passed","title":"should display blocked domains","duration":4.056874999999991,"failureMessages":[],"meta":{}}],"startTime":1762639236725,"endTime":1762639236768.057,"status":"passed","message":"","name":"/Users/jayasimha/Workspace/ChronoGuard/frontend/src/pages/PoliciesPage.test.tsx"},{"assertionResults":[{"ancestorTitles":["API Types"],"fullName":"API Types should define AgentDTO type","status":"passed","title":"should define AgentDTO type","duration":2.2009160000000065,"failureMessages":[],"meta":{}},{"ancestorTitles":["API Types"],"fullName":"API Types should define TemporalPatternDTO type","status":"passed","title":"should define TemporalPatternDTO type","duration":0.16695800000002237,"failureMessages":[],"meta":{}},{"ancestorTitles":["API Types"],"fullName":"API Types should define MetricsSummaryResponse type","status":"passed","title":"should define MetricsSummaryResponse type","duration":0.33562500000005,"failureMessages":[],"meta":{}}],"startTime":1762639235848,"endTime":1762639235851.3357,"status":"passed","message":"","name":"/Users/jayasimha/Workspace/ChronoGuard/frontend/src/types/api.test.ts"}],"coverageMap":{"/Users/jayasimha/Workspace/ChronoGuard/frontend/src/App.tsx":{"path":"/Users/jayasimha/Workspace/ChronoGuard/frontend/src/App.tsx","statementMap":{"0":{"start":{"line":10,"column":20},"end":{"line":18,"column":null}},"1":{"start":{"line":21,"column":2},"end":{"line":33,"column":null}}},"fnMap":{"0":{"name":"App","decl":{"start":{"line":20,"column":9},"end":{"line":20,"column":15}},"loc":{"start":{"line":20,"column":15},"end":{"line":35,"column":null}},"line":20}},"branchMap":{},"s":{"0":1,"1":3},"f":{"0":3},"b":{},"meta":{"lastBranch":0,"lastFunction":1,"lastStatement":2,"seen":{"s:10:20:18:Infinity":0,"f:20:9:20:15":0,"s:21:2:33:Infinity":1}}},"/Users/jayasimha/Workspace/ChronoGuard/frontend/src/lib/utils.ts":{"path":"/Users/jayasimha/Workspace/ChronoGuard/frontend/src/lib/utils.ts","statementMap":{"0":{"start":{"line":5,"column":2},"end":{"line":5,"column":null}}},"fnMap":{"0":{"name":"cn","decl":{"start":{"line":4,"column":16},"end":{"line":4,"column":22}},"loc":{"start":{"line":4,"column":44},"end":{"line":6,"column":null}},"line":4}},"branchMap":{},"s":{"0":5},"f":{"0":5},"b":{},"meta":{"lastBranch":0,"lastFunction":1,"lastStatement":1,"seen":{"f:4:16:4:22":0,"s:5:2:5:Infinity":0}}},"/Users/jayasimha/Workspace/ChronoGuard/frontend/src/components/Layout.tsx":{"path":"/Users/jayasimha/Workspace/ChronoGuard/frontend/src/components/Layout.tsx","statementMap":{"0":{"start":{"line":10,"column":8},"end":{"line":10,"column":null}},"1":{"start":{"line":12,"column":21},"end":{"line":17,"column":null}},"2":{"start":{"line":19,"column":19},"end":{"line":24,"column":null}},"3":{"start":{"line":20,"column":4},"end":{"line":22,"column":null}},"4":{"start":{"line":21,"column":6},"end":{"line":21,"column":null}},"5":{"start":{"line":23,"column":4},"end":{"line":23,"column":null}},"6":{"start":{"line":26,"column":2},"end":{"line":60,"column":null}},"7":{"start":{"line":35,"column":25},"end":{"line":35,"column":null}},"8":{"start":{"line":36,"column":12},"end":{"line":48,"column":null}}},"fnMap":{"0":{"name":"Layout","decl":{"start":{"line":9,"column":16},"end":{"line":9,"column":23}},"loc":{"start":{"line":9,"column":50},"end":{"line":62,"column":null}},"line":9},"1":{"name":"(anonymous_1)","decl":{"start":{"line":19,"column":19},"end":{"line":19,"column":20}},"loc":{"start":{"line":19,"column":37},"end":{"line":24,"column":null}},"line":19},"2":{"name":"(anonymous_2)","decl":{"start":{"line":34,"column":26},"end":{"line":34,"column":27}},"loc":{"start":{"line":34,"column":36},"end":{"line":50,"column":11}},"line":34}},"branchMap":{"0":{"loc":{"start":{"line":20,"column":4},"end":{"line":22,"column":null}},"type":"if","locations":[{"start":{"line":20,"column":4},"end":{"line":22,"column":null}},{"start":{},"end":{}}],"line":20},"1":{"loc":{"start":{"line":41,"column":18},"end":{"line":43,"column":null}},"type":"cond-expr","locations":[{"start":{"line":42,"column":22},"end":{"line":42,"column":null}},{"start":{"line":43,"column":22},"end":{"line":43,"column":null}}],"line":41},"2":{"loc":{"start":{"line":57,"column":11},"end":{"line":57,"column":null}},"type":"binary-expr","locations":[{"start":{"line":57,"column":11},"end":{"line":57,"column":23}},{"start":{"line":57,"column":23},"end":{"line":57,"column":null}}],"line":57}},"s":{"0":7,"1":7,"2":7,"3":28,"4":7,"5":21,"6":7,"7":28,"8":28},"f":{"0":7,"1":28,"2":28},"b":{"0":[7,21],"1":[7,21],"2":[7,7]},"meta":{"lastBranch":3,"lastFunction":3,"lastStatement":9,"seen":{"f:9:16:9:23":0,"s:10:8:10:Infinity":0,"s:12:21:17:Infinity":1,"s:19:19:24:Infinity":2,"f:19:19:19:20":1,"b:20:4:22:Infinity:undefined:undefined:undefined:undefined":0,"s:20:4:22:Infinity":3,"s:21:6:21:Infinity":4,"s:23:4:23:Infinity":5,"s:26:2:60:Infinity":6,"f:34:26:34:27":2,"s:35:25:35:Infinity":7,"s:36:12:48:Infinity":8,"b:42:22:42:Infinity:43:22:43:Infinity":1,"b:57:11:57:23:57:23:57:Infinity":2}}},"/Users/jayasimha/Workspace/ChronoGuard/frontend/src/hooks/useApi.ts":{"path":"/Users/jayasimha/Workspace/ChronoGuard/frontend/src/hooks/useApi.ts","statementMap":{"0":{"start":{"line":17,"column":25},"end":{"line":35,"column":null}},"1":{"start":{"line":22,"column":28},"end":{"line":22,"column":null}},"2":{"start":{"line":23,"column":28},"end":{"line":23,"column":null}},"3":{"start":{"line":27,"column":28},"end":{"line":27,"column":null}},"4":{"start":{"line":28,"column":28},"end":{"line":28,"column":null}},"5":{"start":{"line":32,"column":42},"end":{"line":32,"column":null}},"6":{"start":{"line":33,"column":47},"end":{"line":33,"column":null}},"7":{"start":{"line":38,"column":25},"end":{"line":44,"column":null}},"8":{"start":{"line":39,"column":2},"end":{"line":43,"column":null}},"9":{"start":{"line":41,"column":13},"end":{"line":41,"column":null}},"10":{"start":{"line":46,"column":26},"end":{"line":52,"column":null}},"11":{"start":{"line":47,"column":2},"end":{"line":51,"column":null}},"12":{"start":{"line":49,"column":13},"end":{"line":49,"column":null}},"13":{"start":{"line":55,"column":25},"end":{"line":61,"column":null}},"14":{"start":{"line":56,"column":2},"end":{"line":60,"column":null}},"15":{"start":{"line":58,"column":13},"end":{"line":58,"column":null}},"16":{"start":{"line":63,"column":24},"end":{"line":69,"column":null}},"17":{"start":{"line":64,"column":2},"end":{"line":68,"column":null}},"18":{"start":{"line":66,"column":13},"end":{"line":66,"column":null}},"19":{"start":{"line":71,"column":30},"end":{"line":80,"column":null}},"20":{"start":{"line":72,"column":8},"end":{"line":72,"column":null}},"21":{"start":{"line":74,"column":2},"end":{"line":79,"column":null}},"22":{"start":{"line":75,"column":46},"end":{"line":75,"column":null}},"23":{"start":{"line":77,"column":6},"end":{"line":77,"column":null}},"24":{"start":{"line":82,"column":30},"end":{"line":92,"column":null}},"25":{"start":{"line":83,"column":8},"end":{"line":83,"column":null}},"26":{"start":{"line":85,"column":2},"end":{"line":91,"column":null}},"27":{"start":{"line":87,"column":6},"end":{"line":87,"column":null}},"28":{"start":{"line":89,"column":6},"end":{"line":89,"column":null}},"29":{"start":{"line":95,"column":27},"end":{"line":101,"column":null}},"30":{"start":{"line":96,"column":2},"end":{"line":100,"column":null}},"31":{"start":{"line":98,"column":13},"end":{"line":98,"column":null}},"32":{"start":{"line":103,"column":25},"end":{"line":109,"column":null}},"33":{"start":{"line":104,"column":2},"end":{"line":108,"column":null}},"34":{"start":{"line":106,"column":13},"end":{"line":106,"column":null}},"35":{"start":{"line":111,"column":31},"end":{"line":120,"column":null}},"36":{"start":{"line":112,"column":8},"end":{"line":112,"column":null}},"37":{"start":{"line":114,"column":2},"end":{"line":119,"column":null}},"38":{"start":{"line":115,"column":47},"end":{"line":115,"column":null}},"39":{"start":{"line":117,"column":6},"end":{"line":117,"column":null}},"40":{"start":{"line":122,"column":31},"end":{"line":132,"column":null}},"41":{"start":{"line":123,"column":8},"end":{"line":123,"column":null}},"42":{"start":{"line":125,"column":2},"end":{"line":131,"column":null}},"43":{"start":{"line":127,"column":6},"end":{"line":127,"column":null}},"44":{"start":{"line":129,"column":6},"end":{"line":129,"column":null}},"45":{"start":{"line":134,"column":31},"end":{"line":143,"column":null}},"46":{"start":{"line":135,"column":8},"end":{"line":135,"column":null}},"47":{"start":{"line":137,"column":2},"end":{"line":142,"column":null}},"48":{"start":{"line":138,"column":38},"end":{"line":138,"column":null}},"49":{"start":{"line":140,"column":6},"end":{"line":140,"column":null}},"50":{"start":{"line":146,"column":29},"end":{"line":152,"column":null}},"51":{"start":{"line":147,"column":2},"end":{"line":151,"column":null}},"52":{"start":{"line":149,"column":13},"end":{"line":149,"column":null}},"53":{"start":{"line":154,"column":33},"end":{"line":161,"column":null}},"54":{"start":{"line":155,"column":2},"end":{"line":160,"column":null}},"55":{"start":{"line":157,"column":13},"end":{"line":157,"column":null}}},"fnMap":{"0":{"name":"(anonymous_0)","decl":{"start":{"line":22,"column":10},"end":{"line":22,"column":11}},"loc":{"start":{"line":22,"column":28},"end":{"line":22,"column":null}},"line":22},"1":{"name":"(anonymous_1)","decl":{"start":{"line":23,"column":12},"end":{"line":23,"column":13}},"loc":{"start":{"line":23,"column":28},"end":{"line":23,"column":null}},"line":23},"2":{"name":"(anonymous_2)","decl":{"start":{"line":27,"column":10},"end":{"line":27,"column":11}},"loc":{"start":{"line":27,"column":28},"end":{"line":27,"column":null}},"line":27},"3":{"name":"(anonymous_3)","decl":{"start":{"line":28,"column":12},"end":{"line":28,"column":13}},"loc":{"start":{"line":28,"column":28},"end":{"line":28,"column":null}},"line":28},"4":{"name":"(anonymous_4)","decl":{"start":{"line":32,"column":11},"end":{"line":32,"column":12}},"loc":{"start":{"line":32,"column":42},"end":{"line":32,"column":null}},"line":32},"5":{"name":"(anonymous_5)","decl":{"start":{"line":33,"column":15},"end":{"line":33,"column":16}},"loc":{"start":{"line":33,"column":47},"end":{"line":33,"column":null}},"line":33},"6":{"name":"(anonymous_6)","decl":{"start":{"line":38,"column":25},"end":{"line":38,"column":31}},"loc":{"start":{"line":38,"column":31},"end":{"line":44,"column":null}},"line":38},"7":{"name":"(anonymous_7)","decl":{"start":{"line":41,"column":13},"end":{"line":41,"column":26}},"loc":{"start":{"line":41,"column":13},"end":{"line":41,"column":null}},"line":41},"8":{"name":"(anonymous_8)","decl":{"start":{"line":46,"column":26},"end":{"line":46,"column":32}},"loc":{"start":{"line":46,"column":32},"end":{"line":52,"column":null}},"line":46},"9":{"name":"(anonymous_9)","decl":{"start":{"line":49,"column":13},"end":{"line":49,"column":26}},"loc":{"start":{"line":49,"column":13},"end":{"line":49,"column":null}},"line":49},"10":{"name":"(anonymous_10)","decl":{"start":{"line":55,"column":25},"end":{"line":55,"column":26}},"loc":{"start":{"line":55,"column":54},"end":{"line":61,"column":null}},"line":55},"11":{"name":"(anonymous_11)","decl":{"start":{"line":58,"column":13},"end":{"line":58,"column":26}},"loc":{"start":{"line":58,"column":13},"end":{"line":58,"column":null}},"line":58},"12":{"name":"(anonymous_12)","decl":{"start":{"line":63,"column":24},"end":{"line":63,"column":25}},"loc":{"start":{"line":63,"column":45},"end":{"line":69,"column":null}},"line":63},"13":{"name":"(anonymous_13)","decl":{"start":{"line":66,"column":13},"end":{"line":66,"column":26}},"loc":{"start":{"line":66,"column":13},"end":{"line":66,"column":null}},"line":66},"14":{"name":"(anonymous_14)","decl":{"start":{"line":71,"column":30},"end":{"line":71,"column":36}},"loc":{"start":{"line":71,"column":36},"end":{"line":80,"column":null}},"line":71},"15":{"name":"(anonymous_15)","decl":{"start":{"line":75,"column":16},"end":{"line":75,"column":17}},"loc":{"start":{"line":75,"column":46},"end":{"line":75,"column":null}},"line":75},"16":{"name":"(anonymous_16)","decl":{"start":{"line":76,"column":15},"end":{"line":76,"column":21}},"loc":{"start":{"line":76,"column":21},"end":{"line":78,"column":null}},"line":76},"17":{"name":"(anonymous_17)","decl":{"start":{"line":82,"column":30},"end":{"line":82,"column":36}},"loc":{"start":{"line":82,"column":36},"end":{"line":92,"column":null}},"line":82},"18":{"name":"(anonymous_18)","decl":{"start":{"line":86,"column":16},"end":{"line":86,"column":17}},"loc":{"start":{"line":87,"column":6},"end":{"line":87,"column":null}},"line":87},"19":{"name":"(anonymous_19)","decl":{"start":{"line":88,"column":15},"end":{"line":88,"column":21}},"loc":{"start":{"line":88,"column":21},"end":{"line":90,"column":null}},"line":88},"20":{"name":"(anonymous_20)","decl":{"start":{"line":95,"column":27},"end":{"line":95,"column":28}},"loc":{"start":{"line":95,"column":56},"end":{"line":101,"column":null}},"line":95},"21":{"name":"(anonymous_21)","decl":{"start":{"line":98,"column":13},"end":{"line":98,"column":26}},"loc":{"start":{"line":98,"column":13},"end":{"line":98,"column":null}},"line":98},"22":{"name":"(anonymous_22)","decl":{"start":{"line":103,"column":25},"end":{"line":103,"column":26}},"loc":{"start":{"line":103,"column":47},"end":{"line":109,"column":null}},"line":103},"23":{"name":"(anonymous_23)","decl":{"start":{"line":106,"column":13},"end":{"line":106,"column":26}},"loc":{"start":{"line":106,"column":13},"end":{"line":106,"column":null}},"line":106},"24":{"name":"(anonymous_24)","decl":{"start":{"line":111,"column":31},"end":{"line":111,"column":37}},"loc":{"start":{"line":111,"column":37},"end":{"line":120,"column":null}},"line":111},"25":{"name":"(anonymous_25)","decl":{"start":{"line":115,"column":16},"end":{"line":115,"column":17}},"loc":{"start":{"line":115,"column":47},"end":{"line":115,"column":null}},"line":115},"26":{"name":"(anonymous_26)","decl":{"start":{"line":116,"column":15},"end":{"line":116,"column":21}},"loc":{"start":{"line":116,"column":21},"end":{"line":118,"column":null}},"line":116},"27":{"name":"(anonymous_27)","decl":{"start":{"line":122,"column":31},"end":{"line":122,"column":37}},"loc":{"start":{"line":122,"column":37},"end":{"line":132,"column":null}},"line":122},"28":{"name":"(anonymous_28)","decl":{"start":{"line":126,"column":16},"end":{"line":126,"column":17}},"loc":{"start":{"line":127,"column":6},"end":{"line":127,"column":null}},"line":127},"29":{"name":"(anonymous_29)","decl":{"start":{"line":128,"column":15},"end":{"line":128,"column":21}},"loc":{"start":{"line":128,"column":21},"end":{"line":130,"column":null}},"line":128},"30":{"name":"(anonymous_30)","decl":{"start":{"line":134,"column":31},"end":{"line":134,"column":37}},"loc":{"start":{"line":134,"column":37},"end":{"line":143,"column":null}},"line":134},"31":{"name":"(anonymous_31)","decl":{"start":{"line":138,"column":16},"end":{"line":138,"column":17}},"loc":{"start":{"line":138,"column":38},"end":{"line":138,"column":null}},"line":138},"32":{"name":"(anonymous_32)","decl":{"start":{"line":139,"column":15},"end":{"line":139,"column":21}},"loc":{"start":{"line":139,"column":21},"end":{"line":141,"column":null}},"line":139},"33":{"name":"(anonymous_33)","decl":{"start":{"line":146,"column":29},"end":{"line":146,"column":30}},"loc":{"start":{"line":146,"column":60},"end":{"line":152,"column":null}},"line":146},"34":{"name":"(anonymous_34)","decl":{"start":{"line":149,"column":13},"end":{"line":149,"column":26}},"loc":{"start":{"line":149,"column":13},"end":{"line":149,"column":null}},"line":149},"35":{"name":"(anonymous_35)","decl":{"start":{"line":154,"column":33},"end":{"line":154,"column":34}},"loc":{"start":{"line":154,"column":73},"end":{"line":161,"column":null}},"line":154},"36":{"name":"(anonymous_36)","decl":{"start":{"line":157,"column":13},"end":{"line":157,"column":26}},"loc":{"start":{"line":157,"column":13},"end":{"line":157,"column":null}},"line":157}},"branchMap":{"0":{"loc":{"start":{"line":55,"column":26},"end":{"line":55,"column":36}},"type":"default-arg","locations":[{"start":{"line":55,"column":33},"end":{"line":55,"column":36}}],"line":55},"1":{"loc":{"start":{"line":55,"column":36},"end":{"line":55,"column":54}},"type":"default-arg","locations":[{"start":{"line":55,"column":47},"end":{"line":55,"column":54}}],"line":55},"2":{"loc":{"start":{"line":95,"column":28},"end":{"line":95,"column":38}},"type":"default-arg","locations":[{"start":{"line":95,"column":35},"end":{"line":95,"column":38}}],"line":95},"3":{"loc":{"start":{"line":95,"column":38},"end":{"line":95,"column":56}},"type":"default-arg","locations":[{"start":{"line":95,"column":49},"end":{"line":95,"column":56}}],"line":95},"4":{"loc":{"start":{"line":159,"column":13},"end":{"line":159,"column":null}},"type":"binary-expr","locations":[{"start":{"line":159,"column":13},"end":{"line":159,"column":28}},{"start":{"line":159,"column":28},"end":{"line":159,"column":null}}],"line":159}},"s":{"0":4,"1":3,"2":4,"3":2,"4":3,"5":8,"6":6,"7":4,"8":2,"9":1,"10":4,"11":5,"12":2,"13":4,"14":2,"15":1,"16":4,"17":3,"18":1,"19":4,"20":4,"21":4,"22":2,"23":2,"24":4,"25":4,"26":4,"27":2,"28":2,"29":4,"30":2,"31":1,"32":4,"33":3,"34":1,"35":4,"36":4,"37":4,"38":2,"39":2,"40":4,"41":4,"42":4,"43":2,"44":2,"45":4,"46":4,"47":4,"48":2,"49":2,"50":4,"51":8,"52":4,"53":4,"54":6,"55":4},"f":{"0":3,"1":4,"2":2,"3":3,"4":8,"5":6,"6":2,"7":1,"8":5,"9":2,"10":2,"11":1,"12":3,"13":1,"14":4,"15":2,"16":2,"17":4,"18":2,"19":2,"20":2,"21":1,"22":3,"23":1,"24":4,"25":2,"26":2,"27":4,"28":2,"29":2,"30":4,"31":2,"32":2,"33":8,"34":4,"35":6,"36":4},"b":{"0":[2],"1":[2],"2":[2],"3":[2],"4":[6,5]},"meta":{"lastBranch":5,"lastFunction":37,"lastStatement":56,"seen":{"s:17:25:35:Infinity":0,"f:22:10:22:11":0,"s:22:28:22:Infinity":1,"f:23:12:23:13":1,"s:23:28:23:Infinity":2,"f:27:10:27:11":2,"s:27:28:27:Infinity":3,"f:28:12:28:13":3,"s:28:28:28:Infinity":4,"f:32:11:32:12":4,"s:32:42:32:Infinity":5,"f:33:15:33:16":5,"s:33:47:33:Infinity":6,"s:38:25:44:Infinity":7,"f:38:25:38:31":6,"s:39:2:43:Infinity":8,"f:41:13:41:26":7,"s:41:13:41:Infinity":9,"s:46:26:52:Infinity":10,"f:46:26:46:32":8,"s:47:2:51:Infinity":11,"f:49:13:49:26":9,"s:49:13:49:Infinity":12,"s:55:25:61:Infinity":13,"f:55:25:55:26":10,"b:55:33:55:36":0,"b:55:47:55:54":1,"s:56:2:60:Infinity":14,"f:58:13:58:26":11,"s:58:13:58:Infinity":15,"s:63:24:69:Infinity":16,"f:63:24:63:25":12,"s:64:2:68:Infinity":17,"f:66:13:66:26":13,"s:66:13:66:Infinity":18,"s:71:30:80:Infinity":19,"f:71:30:71:36":14,"s:72:8:72:Infinity":20,"s:74:2:79:Infinity":21,"f:75:16:75:17":15,"s:75:46:75:Infinity":22,"f:76:15:76:21":16,"s:77:6:77:Infinity":23,"s:82:30:92:Infinity":24,"f:82:30:82:36":17,"s:83:8:83:Infinity":25,"s:85:2:91:Infinity":26,"f:86:16:86:17":18,"s:87:6:87:Infinity":27,"f:88:15:88:21":19,"s:89:6:89:Infinity":28,"s:95:27:101:Infinity":29,"f:95:27:95:28":20,"b:95:35:95:38":2,"b:95:49:95:56":3,"s:96:2:100:Infinity":30,"f:98:13:98:26":21,"s:98:13:98:Infinity":31,"s:103:25:109:Infinity":32,"f:103:25:103:26":22,"s:104:2:108:Infinity":33,"f:106:13:106:26":23,"s:106:13:106:Infinity":34,"s:111:31:120:Infinity":35,"f:111:31:111:37":24,"s:112:8:112:Infinity":36,"s:114:2:119:Infinity":37,"f:115:16:115:17":25,"s:115:47:115:Infinity":38,"f:116:15:116:21":26,"s:117:6:117:Infinity":39,"s:122:31:132:Infinity":40,"f:122:31:122:37":27,"s:123:8:123:Infinity":41,"s:125:2:131:Infinity":42,"f:126:16:126:17":28,"s:127:6:127:Infinity":43,"f:128:15:128:21":29,"s:129:6:129:Infinity":44,"s:134:31:143:Infinity":45,"f:134:31:134:37":30,"s:135:8:135:Infinity":46,"s:137:2:142:Infinity":47,"f:138:16:138:17":31,"s:138:38:138:Infinity":48,"f:139:15:139:21":32,"s:140:6:140:Infinity":49,"s:146:29:152:Infinity":50,"f:146:29:146:30":33,"s:147:2:151:Infinity":51,"f:149:13:149:26":34,"s:149:13:149:Infinity":52,"s:154:33:161:Infinity":53,"f:154:33:154:34":35,"s:155:2:160:Infinity":54,"f:157:13:157:26":36,"s:157:13:157:Infinity":55,"b:159:13:159:28:159:28:159:Infinity":4}}},"/Users/jayasimha/Workspace/ChronoGuard/frontend/src/pages/AgentsPage.tsx":{"path":"/Users/jayasimha/Workspace/ChronoGuard/frontend/src/pages/AgentsPage.tsx","statementMap":{"0":{"start":{"line":6,"column":33},"end":{"line":6,"column":null}},"1":{"start":{"line":8,"column":2},"end":{"line":14,"column":null}},"2":{"start":{"line":9,"column":4},"end":{"line":12,"column":null}},"3":{"start":{"line":16,"column":2},"end":{"line":22,"column":null}},"4":{"start":{"line":17,"column":4},"end":{"line":20,"column":null}},"5":{"start":{"line":24,"column":2},"end":{"line":114,"column":null}},"6":{"start":{"line":58,"column":14},"end":{"line":93,"column":null}}},"fnMap":{"0":{"name":"AgentsPage","decl":{"start":{"line":5,"column":16},"end":{"line":5,"column":29}},"loc":{"start":{"line":5,"column":29},"end":{"line":116,"column":null}},"line":5},"1":{"name":"(anonymous_1)","decl":{"start":{"line":57,"column":30},"end":{"line":57,"column":31}},"loc":{"start":{"line":58,"column":14},"end":{"line":93,"column":null}},"line":58}},"branchMap":{"0":{"loc":{"start":{"line":8,"column":2},"end":{"line":14,"column":null}},"type":"if","locations":[{"start":{"line":8,"column":2},"end":{"line":14,"column":null}},{"start":{},"end":{}}],"line":8},"1":{"loc":{"start":{"line":16,"column":2},"end":{"line":22,"column":null}},"type":"if","locations":[{"start":{"line":16,"column":2},"end":{"line":22,"column":null}},{"start":{},"end":{}}],"line":16},"2":{"loc":{"start":{"line":73,"column":22},"end":{"line":77,"column":null}},"type":"cond-expr","locations":[{"start":{"line":74,"column":26},"end":{"line":74,"column":null}},{"start":{"line":75,"column":26},"end":{"line":77,"column":null}}],"line":73},"3":{"loc":{"start":{"line":75,"column":26},"end":{"line":77,"column":null}},"type":"cond-expr","locations":[{"start":{"line":76,"column":26},"end":{"line":76,"column":null}},{"start":{"line":77,"column":26},"end":{"line":77,"column":null}}],"line":75},"4":{"loc":{"start":{"line":99,"column":7},"end":{"line":112,"column":null}},"type":"binary-expr","locations":[{"start":{"line":99,"column":7},"end":{"line":99,"column":15}},{"start":{"line":99,"column":15},"end":{"line":99,"column":null}},{"start":{"line":100,"column":8},"end":{"line":112,"column":null}}],"line":99}},"s":{"0":4,"1":4,"2":1,"3":3,"4":1,"5":2,"6":1},"f":{"0":4,"1":1},"b":{"0":[1,3],"1":[1,2],"2":[1,0],"3":[0,0],"4":[4,2,1]},"meta":{"lastBranch":5,"lastFunction":2,"lastStatement":7,"seen":{"f:5:16:5:29":0,"s:6:33:6:Infinity":0,"b:8:2:14:Infinity:undefined:undefined:undefined:undefined":0,"s:8:2:14:Infinity":1,"s:9:4:12:Infinity":2,"b:16:2:22:Infinity:undefined:undefined:undefined:undefined":1,"s:16:2:22:Infinity":3,"s:17:4:20:Infinity":4,"s:24:2:114:Infinity":5,"f:57:30:57:31":1,"s:58:14:93:Infinity":6,"b:74:26:74:Infinity:75:26:77:Infinity":2,"b:76:26:76:Infinity:77:26:77:Infinity":3,"b:99:7:99:15:99:15:99:Infinity:100:8:112:Infinity":4}}},"/Users/jayasimha/Workspace/ChronoGuard/frontend/src/pages/Dashboard.tsx":{"path":"/Users/jayasimha/Workspace/ChronoGuard/frontend/src/pages/Dashboard.tsx","statementMap":{"0":{"start":{"line":6,"column":51},"end":{"line":6,"column":null}},"1":{"start":{"line":9,"column":18},"end":{"line":9,"column":null}},"2":{"start":{"line":10,"column":8},"end":{"line":10,"column":null}},"3":{"start":{"line":11,"column":55},"end":{"line":14,"column":null}},"4":{"start":{"line":16,"column":2},"end":{"line":22,"column":null}},"5":{"start":{"line":17,"column":4},"end":{"line":20,"column":null}},"6":{"start":{"line":24,"column":16},"end":{"line":53,"column":null}},"7":{"start":{"line":55,"column":2},"end":{"line":140,"column":null}},"8":{"start":{"line":67,"column":23},"end":{"line":67,"column":null}},"9":{"start":{"line":68,"column":10},"end":{"line":85,"column":null}},"10":{"start":{"line":96,"column":14},"end":{"line":115,"column":null}},"11":{"start":{"line":127,"column":14},"end":{"line":135,"column":null}}},"fnMap":{"0":{"name":"Dashboard","decl":{"start":{"line":5,"column":16},"end":{"line":5,"column":28}},"loc":{"start":{"line":5,"column":28},"end":{"line":142,"column":null}},"line":5},"1":{"name":"(anonymous_1)","decl":{"start":{"line":66,"column":19},"end":{"line":66,"column":20}},"loc":{"start":{"line":66,"column":29},"end":{"line":87,"column":9}},"line":66},"2":{"name":"(anonymous_2)","decl":{"start":{"line":95,"column":49},"end":{"line":95,"column":50}},"loc":{"start":{"line":96,"column":14},"end":{"line":115,"column":null}},"line":96},"3":{"name":"(anonymous_3)","decl":{"start":{"line":126,"column":51},"end":{"line":126,"column":52}},"loc":{"start":{"line":127,"column":14},"end":{"line":135,"column":null}},"line":127}},"branchMap":{"0":{"loc":{"start":{"line":16,"column":2},"end":{"line":22,"column":null}},"type":"if","locations":[{"start":{"line":16,"column":2},"end":{"line":22,"column":null}},{"start":{},"end":{}}],"line":16},"1":{"loc":{"start":{"line":16,"column":6},"end":{"line":16,"column":42}},"type":"binary-expr","locations":[{"start":{"line":16,"column":6},"end":{"line":16,"column":24}},{"start":{"line":16,"column":24},"end":{"line":16,"column":42}}],"line":16},"2":{"loc":{"start":{"line":27,"column":13},"end":{"line":27,"column":null}},"type":"binary-expr","locations":[{"start":{"line":27,"column":13},"end":{"line":27,"column":38}},{"start":{"line":27,"column":38},"end":{"line":27,"column":null}}],"line":27},"3":{"loc":{"start":{"line":29,"column":17},"end":{"line":29,"column":44}},"type":"binary-expr","locations":[{"start":{"line":29,"column":17},"end":{"line":29,"column":43}},{"start":{"line":29,"column":43},"end":{"line":29,"column":44}}],"line":29},"4":{"loc":{"start":{"line":34,"column":13},"end":{"line":34,"column":null}},"type":"binary-expr","locations":[{"start":{"line":34,"column":13},"end":{"line":34,"column":40}},{"start":{"line":34,"column":40},"end":{"line":34,"column":null}}],"line":34},"5":{"loc":{"start":{"line":36,"column":17},"end":{"line":36,"column":46}},"type":"binary-expr","locations":[{"start":{"line":36,"column":17},"end":{"line":36,"column":45}},{"start":{"line":36,"column":45},"end":{"line":36,"column":46}}],"line":36},"6":{"loc":{"start":{"line":41,"column":16},"end":{"line":41,"column":59}},"type":"binary-expr","locations":[{"start":{"line":41,"column":16},"end":{"line":41,"column":58}},{"start":{"line":41,"column":58},"end":{"line":41,"column":59}}],"line":41},"7":{"loc":{"start":{"line":48,"column":13},"end":{"line":48,"column":null}},"type":"binary-expr","locations":[{"start":{"line":48,"column":13},"end":{"line":48,"column":41}},{"start":{"line":48,"column":41},"end":{"line":48,"column":null}}],"line":48},"8":{"loc":{"start":{"line":91,"column":7},"end":{"line":118,"column":null}},"type":"binary-expr","locations":[{"start":{"line":91,"column":7},"end":{"line":91,"column":20}},{"start":{"line":91,"column":20},"end":{"line":91,"column":null}},{"start":{"line":92,"column":8},"end":{"line":118,"column":null}}],"line":91},"9":{"loc":{"start":{"line":102,"column":20},"end":{"line":106,"column":null}},"type":"cond-expr","locations":[{"start":{"line":103,"column":24},"end":{"line":103,"column":null}},{"start":{"line":104,"column":24},"end":{"line":106,"column":null}}],"line":102},"10":{"loc":{"start":{"line":104,"column":24},"end":{"line":106,"column":null}},"type":"cond-expr","locations":[{"start":{"line":105,"column":24},"end":{"line":105,"column":null}},{"start":{"line":106,"column":24},"end":{"line":106,"column":null}}],"line":104},"11":{"loc":{"start":{"line":122,"column":7},"end":{"line":138,"column":null}},"type":"binary-expr","locations":[{"start":{"line":122,"column":7},"end":{"line":122,"column":20}},{"start":{"line":122,"column":20},"end":{"line":122,"column":null}},{"start":{"line":123,"column":8},"end":{"line":138,"column":null}}],"line":122}},"s":{"0":9,"1":9,"2":9,"3":9,"4":9,"5":4,"6":5,"7":9,"8":20,"9":20,"10":1,"11":2},"f":{"0":9,"1":20,"2":1,"3":2},"b":{"0":[4,5],"1":[9,5],"2":[5,4],"3":[9,4],"4":[9,4],"5":[9,4],"6":[9,0],"7":[9,3],"8":[9,5,1],"9":[1,0],"10":[0,0],"11":[9,5,1]},"meta":{"lastBranch":12,"lastFunction":4,"lastStatement":12,"seen":{"f:5:16:5:28":0,"s:6:51:6:Infinity":0,"s:9:18:9:Infinity":1,"s:10:8:10:Infinity":2,"s:11:55:14:Infinity":3,"b:16:2:22:Infinity:undefined:undefined:undefined:undefined":0,"s:16:2:22:Infinity":4,"b:16:6:16:24:16:24:16:42":1,"s:17:4:20:Infinity":5,"s:24:16:53:Infinity":6,"b:27:13:27:38:27:38:27:Infinity":2,"b:29:17:29:43:29:43:29:44":3,"b:34:13:34:40:34:40:34:Infinity":4,"b:36:17:36:45:36:45:36:46":5,"b:41:16:41:58:41:58:41:59":6,"b:48:13:48:41:48:41:48:Infinity":7,"s:55:2:140:Infinity":7,"f:66:19:66:20":1,"s:67:23:67:Infinity":8,"s:68:10:85:Infinity":9,"b:91:7:91:20:91:20:91:Infinity:92:8:118:Infinity":8,"f:95:49:95:50":2,"s:96:14:115:Infinity":10,"b:103:24:103:Infinity:104:24:106:Infinity":9,"b:105:24:105:Infinity:106:24:106:Infinity":10,"b:122:7:122:20:122:20:122:Infinity:123:8:138:Infinity":11,"f:126:51:126:52":3,"s:127:14:135:Infinity":11}}},"/Users/jayasimha/Workspace/ChronoGuard/frontend/src/pages/PoliciesPage.tsx":{"path":"/Users/jayasimha/Workspace/ChronoGuard/frontend/src/pages/PoliciesPage.tsx","statementMap":{"0":{"start":{"line":6,"column":33},"end":{"line":6,"column":null}},"1":{"start":{"line":8,"column":2},"end":{"line":14,"column":null}},"2":{"start":{"line":9,"column":4},"end":{"line":12,"column":null}},"3":{"start":{"line":16,"column":2},"end":{"line":22,"column":null}},"4":{"start":{"line":17,"column":4},"end":{"line":20,"column":null}},"5":{"start":{"line":24,"column":2},"end":{"line":128,"column":null}},"6":{"start":{"line":40,"column":10},"end":{"line":125,"column":null}},"7":{"start":{"line":89,"column":20},"end":{"line":94,"column":null}},"8":{"start":{"line":110,"column":20},"end":{"line":115,"column":null}}},"fnMap":{"0":{"name":"PoliciesPage","decl":{"start":{"line":5,"column":16},"end":{"line":5,"column":31}},"loc":{"start":{"line":5,"column":31},"end":{"line":130,"column":null}},"line":5},"1":{"name":"(anonymous_1)","decl":{"start":{"line":39,"column":28},"end":{"line":39,"column":29}},"loc":{"start":{"line":40,"column":10},"end":{"line":125,"column":null}},"line":40},"2":{"name":"(anonymous_2)","decl":{"start":{"line":88,"column":58},"end":{"line":88,"column":59}},"loc":{"start":{"line":89,"column":20},"end":{"line":94,"column":null}},"line":89},"3":{"name":"(anonymous_3)","decl":{"start":{"line":109,"column":58},"end":{"line":109,"column":59}},"loc":{"start":{"line":110,"column":20},"end":{"line":115,"column":null}},"line":110}},"branchMap":{"0":{"loc":{"start":{"line":8,"column":2},"end":{"line":14,"column":null}},"type":"if","locations":[{"start":{"line":8,"column":2},"end":{"line":14,"column":null}},{"start":{},"end":{}}],"line":8},"1":{"loc":{"start":{"line":16,"column":2},"end":{"line":22,"column":null}},"type":"if","locations":[{"start":{"line":16,"column":2},"end":{"line":22,"column":null}},{"start":{},"end":{}}],"line":16},"2":{"loc":{"start":{"line":55,"column":24},"end":{"line":57,"column":null}},"type":"cond-expr","locations":[{"start":{"line":56,"column":28},"end":{"line":56,"column":null}},{"start":{"line":57,"column":28},"end":{"line":57,"column":null}}],"line":55},"3":{"loc":{"start":{"line":60,"column":23},"end":{"line":60,"column":null}},"type":"cond-expr","locations":[{"start":{"line":60,"column":42},"end":{"line":60,"column":53}},{"start":{"line":60,"column":53},"end":{"line":60,"column":null}}],"line":60},"4":{"loc":{"start":{"line":84,"column":13},"end":{"line":102,"column":null}},"type":"binary-expr","locations":[{"start":{"line":84,"column":13},"end":{"line":84,"column":null}},{"start":{"line":85,"column":14},"end":{"line":102,"column":null}}],"line":84},"5":{"loc":{"start":{"line":96,"column":19},"end":{"line":99,"column":null}},"type":"binary-expr","locations":[{"start":{"line":96,"column":19},"end":{"line":96,"column":null}},{"start":{"line":97,"column":20},"end":{"line":99,"column":null}}],"line":96},"6":{"loc":{"start":{"line":105,"column":13},"end":{"line":123,"column":null}},"type":"binary-expr","locations":[{"start":{"line":105,"column":13},"end":{"line":105,"column":null}},{"start":{"line":106,"column":14},"end":{"line":123,"column":null}}],"line":105},"7":{"loc":{"start":{"line":117,"column":19},"end":{"line":120,"column":null}},"type":"binary-expr","locations":[{"start":{"line":117,"column":19},"end":{"line":117,"column":null}},{"start":{"line":118,"column":20},"end":{"line":120,"column":null}}],"line":117}},"s":{"0":6,"1":6,"2":1,"3":5,"4":1,"5":4,"6":3,"7":5,"8":2},"f":{"0":6,"1":3,"2":5,"3":2},"b":{"0":[1,5],"1":[1,4],"2":[2,1],"3":[2,1],"4":[3,2],"5":[2,0],"6":[3,1],"7":[1,0]},"meta":{"lastBranch":8,"lastFunction":4,"lastStatement":9,"seen":{"f:5:16:5:31":0,"s:6:33:6:Infinity":0,"b:8:2:14:Infinity:undefined:undefined:undefined:undefined":0,"s:8:2:14:Infinity":1,"s:9:4:12:Infinity":2,"b:16:2:22:Infinity:undefined:undefined:undefined:undefined":1,"s:16:2:22:Infinity":3,"s:17:4:20:Infinity":4,"s:24:2:128:Infinity":5,"f:39:28:39:29":1,"s:40:10:125:Infinity":6,"b:56:28:56:Infinity:57:28:57:Infinity":2,"b:60:42:60:53:60:53:60:Infinity":3,"b:84:13:84:Infinity:85:14:102:Infinity":4,"f:88:58:88:59":2,"s:89:20:94:Infinity":7,"b:96:19:96:Infinity:97:20:99:Infinity":5,"b:105:13:105:Infinity:106:14:123:Infinity":6,"f:109:58:109:59":3,"s:110:20:115:Infinity":8,"b:117:19:117:Infinity:118:20:120:Infinity":7}}},"/Users/jayasimha/Workspace/ChronoGuard/frontend/src/pages/AuditPage.tsx":{"path":"/Users/jayasimha/Workspace/ChronoGuard/frontend/src/pages/AuditPage.tsx","statementMap":{"0":{"start":{"line":8,"column":22},"end":{"line":8,"column":null}},"1":{"start":{"line":9,"column":28},"end":{"line":14,"column":null}},"2":{"start":{"line":15,"column":38},"end":{"line":15,"column":null}},"3":{"start":{"line":18,"column":19},"end":{"line":18,"column":null}},"4":{"start":{"line":21,"column":42},"end":{"line":29,"column":null}},"5":{"start":{"line":31,"column":23},"end":{"line":35,"column":null}},"6":{"start":{"line":32,"column":4},"end":{"line":32,"column":null}},"7":{"start":{"line":33,"column":4},"end":{"line":33,"column":null}},"8":{"start":{"line":34,"column":4},"end":{"line":34,"column":null}},"9":{"start":{"line":37,"column":29},"end":{"line":40,"column":null}},"10":{"start":{"line":38,"column":4},"end":{"line":38,"column":null}},"11":{"start":{"line":39,"column":4},"end":{"line":39,"column":null}},"12":{"start":{"line":42,"column":23},"end":{"line":57,"column":null}},"13":{"start":{"line":43,"column":4},"end":{"line":56,"column":null}},"14":{"start":{"line":44,"column":23},"end":{"line":44,"column":null}},"15":{"start":{"line":45,"column":19},"end":{"line":47,"column":null}},"16":{"start":{"line":48,"column":18},"end":{"line":48,"column":null}},"17":{"start":{"line":49,"column":19},"end":{"line":49,"column":null}},"18":{"start":{"line":50,"column":6},"end":{"line":50,"column":null}},"19":{"start":{"line":51,"column":6},"end":{"line":51,"column":null}},"20":{"start":{"line":52,"column":6},"end":{"line":52,"column":null}},"21":{"start":{"line":53,"column":6},"end":{"line":53,"column":null}},"22":{"start":{"line":55,"column":6},"end":{"line":55,"column":null}},"23":{"start":{"line":59,"column":2},"end":{"line":65,"column":null}},"24":{"start":{"line":60,"column":4},"end":{"line":63,"column":null}},"25":{"start":{"line":67,"column":2},"end":{"line":285,"column":null}},"26":{"start":{"line":78,"column":27},"end":{"line":78,"column":null}},"27":{"start":{"line":85,"column":27},"end":{"line":85,"column":null}},"28":{"start":{"line":110,"column":33},"end":{"line":110,"column":null}},"29":{"start":{"line":111,"column":34},"end":{"line":111,"column":null}},"30":{"start":{"line":131,"column":31},"end":{"line":131,"column":null}},"31":{"start":{"line":152,"column":16},"end":{"line":152,"column":null}},"32":{"start":{"line":166,"column":16},"end":{"line":166,"column":null}},"33":{"start":{"line":214,"column":18},"end":{"line":250,"column":null}},"34":{"start":{"line":264,"column":33},"end":{"line":264,"column":null}},"35":{"start":{"line":264,"column":48},"end":{"line":264,"column":66}},"36":{"start":{"line":274,"column":33},"end":{"line":274,"column":null}},"37":{"start":{"line":274,"column":48},"end":{"line":274,"column":53}}},"fnMap":{"0":{"name":"AuditPage","decl":{"start":{"line":7,"column":16},"end":{"line":7,"column":28}},"loc":{"start":{"line":7,"column":28},"end":{"line":287,"column":null}},"line":7},"1":{"name":"(anonymous_1)","decl":{"start":{"line":31,"column":23},"end":{"line":31,"column":29}},"loc":{"start":{"line":31,"column":29},"end":{"line":35,"column":null}},"line":31},"2":{"name":"(anonymous_2)","decl":{"start":{"line":37,"column":29},"end":{"line":37,"column":30}},"loc":{"start":{"line":37,"column":61},"end":{"line":40,"column":null}},"line":37},"3":{"name":"(anonymous_3)","decl":{"start":{"line":42,"column":23},"end":{"line":42,"column":30}},"loc":{"start":{"line":42,"column":57},"end":{"line":57,"column":null}},"line":42},"4":{"name":"(anonymous_4)","decl":{"start":{"line":78,"column":21},"end":{"line":78,"column":27}},"loc":{"start":{"line":78,"column":27},"end":{"line":78,"column":null}},"line":78},"5":{"name":"(anonymous_5)","decl":{"start":{"line":85,"column":21},"end":{"line":85,"column":27}},"loc":{"start":{"line":85,"column":27},"end":{"line":85,"column":null}},"line":85},"6":{"name":"(anonymous_6)","decl":{"start":{"line":110,"column":26},"end":{"line":110,"column":27}},"loc":{"start":{"line":110,"column":33},"end":{"line":110,"column":null}},"line":110},"7":{"name":"(anonymous_7)","decl":{"start":{"line":111,"column":27},"end":{"line":111,"column":28}},"loc":{"start":{"line":111,"column":34},"end":{"line":111,"column":null}},"line":111},"8":{"name":"(anonymous_8)","decl":{"start":{"line":131,"column":24},"end":{"line":131,"column":25}},"loc":{"start":{"line":131,"column":31},"end":{"line":131,"column":null}},"line":131},"9":{"name":"(anonymous_9)","decl":{"start":{"line":151,"column":24},"end":{"line":151,"column":25}},"loc":{"start":{"line":152,"column":16},"end":{"line":152,"column":null}},"line":152},"10":{"name":"(anonymous_10)","decl":{"start":{"line":165,"column":24},"end":{"line":165,"column":25}},"loc":{"start":{"line":166,"column":16},"end":{"line":166,"column":null}},"line":166},"11":{"name":"(anonymous_11)","decl":{"start":{"line":213,"column":35},"end":{"line":213,"column":36}},"loc":{"start":{"line":214,"column":18},"end":{"line":250,"column":null}},"line":214},"12":{"name":"(anonymous_12)","decl":{"start":{"line":264,"column":27},"end":{"line":264,"column":33}},"loc":{"start":{"line":264,"column":33},"end":{"line":264,"column":null}},"line":264},"13":{"name":"(anonymous_13)","decl":{"start":{"line":264,"column":41},"end":{"line":264,"column":42}},"loc":{"start":{"line":264,"column":48},"end":{"line":264,"column":66}},"line":264},"14":{"name":"(anonymous_14)","decl":{"start":{"line":274,"column":27},"end":{"line":274,"column":33}},"loc":{"start":{"line":274,"column":33},"end":{"line":274,"column":null}},"line":274},"15":{"name":"(anonymous_15)","decl":{"start":{"line":274,"column":41},"end":{"line":274,"column":42}},"loc":{"start":{"line":274,"column":48},"end":{"line":274,"column":53}},"line":274}},"branchMap":{"0":{"loc":{"start":{"line":18,"column":19},"end":{"line":18,"column":null}},"type":"binary-expr","locations":[{"start":{"line":18,"column":19},"end":{"line":18,"column":55}},{"start":{"line":18,"column":55},"end":{"line":18,"column":null}}],"line":18},"1":{"loc":{"start":{"line":23,"column":12},"end":{"line":23,"column":null}},"type":"binary-expr","locations":[{"start":{"line":23,"column":12},"end":{"line":23,"column":30}},{"start":{"line":23,"column":30},"end":{"line":23,"column":null}}],"line":23},"2":{"loc":{"start":{"line":24,"column":14},"end":{"line":24,"column":null}},"type":"binary-expr","locations":[{"start":{"line":24,"column":14},"end":{"line":24,"column":34}},{"start":{"line":24,"column":34},"end":{"line":24,"column":null}}],"line":24},"3":{"loc":{"start":{"line":46,"column":14},"end":{"line":46,"column":null}},"type":"cond-expr","locations":[{"start":{"line":46,"column":33},"end":{"line":46,"column":46}},{"start":{"line":46,"column":46},"end":{"line":46,"column":null}}],"line":46},"4":{"loc":{"start":{"line":59,"column":2},"end":{"line":65,"column":null}},"type":"if","locations":[{"start":{"line":59,"column":2},"end":{"line":65,"column":null}},{"start":{},"end":{}}],"line":59},"5":{"loc":{"start":{"line":111,"column":34},"end":{"line":111,"column":null}},"type":"binary-expr","locations":[{"start":{"line":111,"column":34},"end":{"line":111,"column":55}},{"start":{"line":111,"column":55},"end":{"line":111,"column":null}}],"line":111},"6":{"loc":{"start":{"line":175,"column":7},"end":{"line":283,"column":null}},"type":"cond-expr","locations":[{"start":{"line":176,"column":8},"end":{"line":178,"column":null}},{"start":{"line":179,"column":10},"end":{"line":283,"column":null}}],"line":175},"7":{"loc":{"start":{"line":179,"column":10},"end":{"line":283,"column":null}},"type":"cond-expr","locations":[{"start":{"line":180,"column":8},"end":{"line":182,"column":null}},{"start":{"line":184,"column":8},"end":{"line":283,"column":null}}],"line":179},"8":{"loc":{"start":{"line":224,"column":26},"end":{"line":226,"column":null}},"type":"cond-expr","locations":[{"start":{"line":225,"column":30},"end":{"line":225,"column":null}},{"start":{"line":226,"column":30},"end":{"line":226,"column":null}}],"line":224},"9":{"loc":{"start":{"line":229,"column":25},"end":{"line":232,"column":null}},"type":"cond-expr","locations":[{"start":{"line":230,"column":26},"end":{"line":230,"column":null}},{"start":{"line":232,"column":26},"end":{"line":232,"column":null}}],"line":229},"10":{"loc":{"start":{"line":257,"column":11},"end":{"line":281,"column":null}},"type":"binary-expr","locations":[{"start":{"line":257,"column":11},"end":{"line":257,"column":null}},{"start":{"line":258,"column":12},"end":{"line":281,"column":null}}],"line":257}},"s":{"0":35,"1":35,"2":35,"3":35,"4":35,"5":35,"6":3,"7":3,"8":3,"9":35,"10":2,"11":2,"12":35,"13":0,"14":0,"15":0,"16":0,"17":0,"18":0,"19":0,"20":0,"21":0,"22":0,"23":35,"24":1,"25":34,"26":0,"27":0,"28":4,"29":1,"30":2,"31":0,"32":0,"33":8,"34":0,"35":0,"36":0,"37":0},"f":{"0":35,"1":3,"2":2,"3":0,"4":0,"5":0,"6":4,"7":1,"8":2,"9":0,"10":0,"11":8,"12":0,"13":0,"14":0,"15":0},"b":{"0":[35,0],"1":[35,32],"2":[35,33],"3":[0,0],"4":[1,34],"5":[1,1],"6":[1,33],"7":[26,7],"8":[6,2],"9":[6,2],"10":[7,7]},"meta":{"lastBranch":11,"lastFunction":16,"lastStatement":38,"seen":{"f:7:16:7:28":0,"s:8:22:8:Infinity":0,"s:9:28:14:Infinity":1,"s:15:38:15:Infinity":2,"s:18:19:18:Infinity":3,"b:18:19:18:55:18:55:18:Infinity":0,"s:21:42:29:Infinity":4,"b:23:12:23:30:23:30:23:Infinity":1,"b:24:14:24:34:24:34:24:Infinity":2,"s:31:23:35:Infinity":5,"f:31:23:31:29":1,"s:32:4:32:Infinity":6,"s:33:4:33:Infinity":7,"s:34:4:34:Infinity":8,"s:37:29:40:Infinity":9,"f:37:29:37:30":2,"s:38:4:38:Infinity":10,"s:39:4:39:Infinity":11,"s:42:23:57:Infinity":12,"f:42:23:42:30":3,"s:43:4:56:Infinity":13,"s:44:23:44:Infinity":14,"s:45:19:47:Infinity":15,"b:46:33:46:46:46:46:46:Infinity":3,"s:48:18:48:Infinity":16,"s:49:19:49:Infinity":17,"s:50:6:50:Infinity":18,"s:51:6:51:Infinity":19,"s:52:6:52:Infinity":20,"s:53:6:53:Infinity":21,"s:55:6:55:Infinity":22,"b:59:2:65:Infinity:undefined:undefined:undefined:undefined":4,"s:59:2:65:Infinity":23,"s:60:4:63:Infinity":24,"s:67:2:285:Infinity":25,"f:78:21:78:27":4,"s:78:27:78:Infinity":26,"f:85:21:85:27":5,"s:85:27:85:Infinity":27,"f:110:26:110:27":6,"s:110:33:110:Infinity":28,"f:111:27:111:28":7,"s:111:34:111:Infinity":29,"b:111:34:111:55:111:55:111:Infinity":5,"f:131:24:131:25":8,"s:131:31:131:Infinity":30,"f:151:24:151:25":9,"s:152:16:152:Infinity":31,"f:165:24:165:25":10,"s:166:16:166:Infinity":32,"b:176:8:178:Infinity:179:10:283:Infinity":6,"b:180:8:182:Infinity:184:8:283:Infinity":7,"f:213:35:213:36":11,"s:214:18:250:Infinity":33,"b:225:30:225:Infinity:226:30:226:Infinity":8,"b:230:26:230:Infinity:232:26:232:Infinity":9,"b:257:11:257:Infinity:258:12:281:Infinity":10,"f:264:27:264:33":12,"s:264:33:264:Infinity":34,"f:264:41:264:42":13,"s:264:48:264:66":35,"f:274:27:274:33":14,"s:274:33:274:Infinity":36,"f:274:41:274:42":15,"s:274:48:274:53":37}}},"/Users/jayasimha/Workspace/ChronoGuard/frontend/src/services/api.ts":{"path":"/Users/jayasimha/Workspace/ChronoGuard/frontend/src/services/api.ts","statementMap":{"0":{"start":{"line":24,"column":21},"end":{"line":24,"column":null}},"1":{"start":{"line":27,"column":24},"end":{"line":66,"column":null}},"2":{"start":{"line":28,"column":17},"end":{"line":33,"column":null}},"3":{"start":{"line":36,"column":2},"end":{"line":51,"column":null}},"4":{"start":{"line":38,"column":23},"end":{"line":38,"column":null}},"5":{"start":{"line":39,"column":21},"end":{"line":39,"column":null}},"6":{"start":{"line":41,"column":6},"end":{"line":43,"column":null}},"7":{"start":{"line":42,"column":8},"end":{"line":42,"column":null}},"8":{"start":{"line":44,"column":6},"end":{"line":46,"column":null}},"9":{"start":{"line":45,"column":8},"end":{"line":45,"column":null}},"10":{"start":{"line":48,"column":6},"end":{"line":48,"column":null}},"11":{"start":{"line":50,"column":15},"end":{"line":50,"column":null}},"12":{"start":{"line":54,"column":2},"end":{"line":63,"column":null}},"13":{"start":{"line":55,"column":18},"end":{"line":55,"column":null}},"14":{"start":{"line":57,"column":6},"end":{"line":60,"column":null}},"15":{"start":{"line":59,"column":8},"end":{"line":59,"column":null}},"16":{"start":{"line":61,"column":6},"end":{"line":61,"column":null}},"17":{"start":{"line":65,"column":2},"end":{"line":65,"column":null}},"18":{"start":{"line":68,"column":18},"end":{"line":68,"column":null}},"19":{"start":{"line":71,"column":25},"end":{"line":75,"column":null}},"20":{"start":{"line":72,"column":15},"end":{"line":72,"column":null}},"21":{"start":{"line":73,"column":15},"end":{"line":73,"column":null}},"22":{"start":{"line":74,"column":17},"end":{"line":74,"column":null}},"23":{"start":{"line":78,"column":24},"end":{"line":92,"column":null}},"24":{"start":{"line":80,"column":4},"end":{"line":82,"column":null}},"25":{"start":{"line":85,"column":4},"end":{"line":85,"column":null}},"26":{"start":{"line":88,"column":4},"end":{"line":88,"column":null}},"27":{"start":{"line":91,"column":4},"end":{"line":91,"column":null}},"28":{"start":{"line":95,"column":25},"end":{"line":112,"column":null}},"29":{"start":{"line":97,"column":4},"end":{"line":99,"column":null}},"30":{"start":{"line":102,"column":4},"end":{"line":102,"column":null}},"31":{"start":{"line":105,"column":4},"end":{"line":105,"column":null}},"32":{"start":{"line":108,"column":4},"end":{"line":108,"column":null}},"33":{"start":{"line":111,"column":4},"end":{"line":111,"column":null}},"34":{"start":{"line":115,"column":24},"end":{"line":142,"column":null}},"35":{"start":{"line":117,"column":4},"end":{"line":117,"column":null}},"36":{"start":{"line":120,"column":4},"end":{"line":125,"column":null}},"37":{"start":{"line":128,"column":21},"end":{"line":128,"column":null}},"38":{"start":{"line":129,"column":4},"end":{"line":140,"column":null}}},"fnMap":{"0":{"name":"(anonymous_0)","decl":{"start":{"line":27,"column":24},"end":{"line":27,"column":45}},"loc":{"start":{"line":27,"column":45},"end":{"line":66,"column":null}},"line":27},"1":{"name":"(anonymous_1)","decl":{"start":{"line":37,"column":4},"end":{"line":37,"column":5}},"loc":{"start":{"line":37,"column":16},"end":{"line":49,"column":null}},"line":37},"2":{"name":"(anonymous_2)","decl":{"start":{"line":50,"column":4},"end":{"line":50,"column":5}},"loc":{"start":{"line":50,"column":15},"end":{"line":50,"column":null}},"line":50},"3":{"name":"(anonymous_3)","decl":{"start":{"line":55,"column":4},"end":{"line":55,"column":5}},"loc":{"start":{"line":55,"column":18},"end":{"line":55,"column":null}},"line":55},"4":{"name":"(anonymous_4)","decl":{"start":{"line":56,"column":4},"end":{"line":56,"column":5}},"loc":{"start":{"line":56,"column":15},"end":{"line":62,"column":null}},"line":56},"5":{"name":"(anonymous_5)","decl":{"start":{"line":72,"column":9},"end":{"line":72,"column":15}},"loc":{"start":{"line":72,"column":15},"end":{"line":72,"column":null}},"line":72},"6":{"name":"(anonymous_6)","decl":{"start":{"line":73,"column":9},"end":{"line":73,"column":15}},"loc":{"start":{"line":73,"column":15},"end":{"line":73,"column":null}},"line":73},"7":{"name":"(anonymous_7)","decl":{"start":{"line":74,"column":11},"end":{"line":74,"column":17}},"loc":{"start":{"line":74,"column":17},"end":{"line":74,"column":null}},"line":74},"8":{"name":"(anonymous_8)","decl":{"start":{"line":79,"column":8},"end":{"line":79,"column":9}},"loc":{"start":{"line":80,"column":4},"end":{"line":82,"column":null}},"line":80},"9":{"name":"(anonymous_9)","decl":{"start":{"line":84,"column":7},"end":{"line":84,"column":8}},"loc":{"start":{"line":85,"column":4},"end":{"line":85,"column":null}},"line":85},"10":{"name":"(anonymous_10)","decl":{"start":{"line":87,"column":10},"end":{"line":87,"column":11}},"loc":{"start":{"line":88,"column":4},"end":{"line":88,"column":null}},"line":88},"11":{"name":"(anonymous_11)","decl":{"start":{"line":90,"column":10},"end":{"line":90,"column":11}},"loc":{"start":{"line":91,"column":4},"end":{"line":91,"column":null}},"line":91},"12":{"name":"(anonymous_12)","decl":{"start":{"line":96,"column":8},"end":{"line":96,"column":9}},"loc":{"start":{"line":97,"column":4},"end":{"line":99,"column":null}},"line":97},"13":{"name":"(anonymous_13)","decl":{"start":{"line":101,"column":7},"end":{"line":101,"column":8}},"loc":{"start":{"line":102,"column":4},"end":{"line":102,"column":null}},"line":102},"14":{"name":"(anonymous_14)","decl":{"start":{"line":104,"column":10},"end":{"line":104,"column":11}},"loc":{"start":{"line":105,"column":4},"end":{"line":105,"column":null}},"line":105},"15":{"name":"(anonymous_15)","decl":{"start":{"line":107,"column":10},"end":{"line":107,"column":11}},"loc":{"start":{"line":108,"column":4},"end":{"line":108,"column":null}},"line":108},"16":{"name":"(anonymous_16)","decl":{"start":{"line":110,"column":10},"end":{"line":110,"column":11}},"loc":{"start":{"line":111,"column":4},"end":{"line":111,"column":null}},"line":111},"17":{"name":"(anonymous_17)","decl":{"start":{"line":116,"column":9},"end":{"line":116,"column":10}},"loc":{"start":{"line":117,"column":4},"end":{"line":117,"column":null}},"line":117},"18":{"name":"(anonymous_18)","decl":{"start":{"line":119,"column":13},"end":{"line":119,"column":14}},"loc":{"start":{"line":120,"column":4},"end":{"line":125,"column":null}},"line":120},"19":{"name":"(anonymous_19)","decl":{"start":{"line":127,"column":10},"end":{"line":127,"column":11}},"loc":{"start":{"line":127,"column":74},"end":{"line":141,"column":null}},"line":127}},"branchMap":{"0":{"loc":{"start":{"line":24,"column":21},"end":{"line":24,"column":null}},"type":"binary-expr","locations":[{"start":{"line":24,"column":21},"end":{"line":24,"column":53}},{"start":{"line":24,"column":53},"end":{"line":24,"column":null}}],"line":24},"1":{"loc":{"start":{"line":41,"column":6},"end":{"line":43,"column":null}},"type":"if","locations":[{"start":{"line":41,"column":6},"end":{"line":43,"column":null}},{"start":{},"end":{}}],"line":41},"2":{"loc":{"start":{"line":44,"column":6},"end":{"line":46,"column":null}},"type":"if","locations":[{"start":{"line":44,"column":6},"end":{"line":46,"column":null}},{"start":{},"end":{}}],"line":44},"3":{"loc":{"start":{"line":57,"column":6},"end":{"line":60,"column":null}},"type":"if","locations":[{"start":{"line":57,"column":6},"end":{"line":60,"column":null}},{"start":{},"end":{}}],"line":57},"4":{"loc":{"start":{"line":79,"column":9},"end":{"line":79,"column":19}},"type":"default-arg","locations":[{"start":{"line":79,"column":16},"end":{"line":79,"column":19}}],"line":79},"5":{"loc":{"start":{"line":79,"column":19},"end":{"line":79,"column":null}},"type":"default-arg","locations":[{"start":{"line":79,"column":30},"end":{"line":79,"column":null}}],"line":79},"6":{"loc":{"start":{"line":96,"column":9},"end":{"line":96,"column":19}},"type":"default-arg","locations":[{"start":{"line":96,"column":16},"end":{"line":96,"column":19}}],"line":96},"7":{"loc":{"start":{"line":96,"column":19},"end":{"line":96,"column":null}},"type":"default-arg","locations":[{"start":{"line":96,"column":30},"end":{"line":96,"column":null}}],"line":96}},"s":{"0":6,"1":6,"2":6,"3":6,"4":4,"5":4,"6":4,"7":4,"8":4,"9":0,"10":4,"11":0,"12":6,"13":0,"14":2,"15":0,"16":2,"17":6,"18":6,"19":6,"20":0,"21":0,"22":1,"23":6,"24":0,"25":0,"26":0,"27":0,"28":6,"29":0,"30":0,"31":0,"32":0,"33":0,"34":6,"35":0,"36":3,"37":0,"38":0},"f":{"0":6,"1":4,"2":0,"3":0,"4":2,"5":0,"6":0,"7":1,"8":0,"9":0,"10":0,"11":0,"12":0,"13":0,"14":0,"15":0,"16":0,"17":0,"18":3,"19":0},"b":{"0":[6,6],"1":[4,0],"2":[0,4],"3":[0,2],"4":[0],"5":[0],"6":[0],"7":[0]},"meta":{"lastBranch":8,"lastFunction":20,"lastStatement":39,"seen":{"s:24:21:24:Infinity":0,"b:24:21:24:53:24:53:24:Infinity":0,"s:27:24:66:Infinity":1,"f:27:24:27:45":0,"s:28:17:33:Infinity":2,"s:36:2:51:Infinity":3,"f:37:4:37:5":1,"s:38:23:38:Infinity":4,"s:39:21:39:Infinity":5,"b:41:6:43:Infinity:undefined:undefined:undefined:undefined":1,"s:41:6:43:Infinity":6,"s:42:8:42:Infinity":7,"b:44:6:46:Infinity:undefined:undefined:undefined:undefined":2,"s:44:6:46:Infinity":8,"s:45:8:45:Infinity":9,"s:48:6:48:Infinity":10,"f:50:4:50:5":2,"s:50:15:50:Infinity":11,"s:54:2:63:Infinity":12,"f:55:4:55:5":3,"s:55:18:55:Infinity":13,"f:56:4:56:5":4,"b:57:6:60:Infinity:undefined:undefined:undefined:undefined":3,"s:57:6:60:Infinity":14,"s:59:8:59:Infinity":15,"s:61:6:61:Infinity":16,"s:65:2:65:Infinity":17,"s:68:18:68:Infinity":18,"s:71:25:75:Infinity":19,"f:72:9:72:15":5,"s:72:15:72:Infinity":20,"f:73:9:73:15":6,"s:73:15:73:Infinity":21,"f:74:11:74:17":7,"s:74:17:74:Infinity":22,"s:78:24:92:Infinity":23,"f:79:8:79:9":8,"s:80:4:82:Infinity":24,"b:79:16:79:19":4,"b:79:30:79:Infinity":5,"f:84:7:84:8":9,"s:85:4:85:Infinity":25,"f:87:10:87:11":10,"s:88:4:88:Infinity":26,"f:90:10:90:11":11,"s:91:4:91:Infinity":27,"s:95:25:112:Infinity":28,"f:96:8:96:9":12,"s:97:4:99:Infinity":29,"b:96:16:96:19":6,"b:96:30:96:Infinity":7,"f:101:7:101:8":13,"s:102:4:102:Infinity":30,"f:104:10:104:11":14,"s:105:4:105:Infinity":31,"f:107:10:107:11":15,"s:108:4:108:Infinity":32,"f:110:10:110:11":16,"s:111:4:111:Infinity":33,"s:115:24:142:Infinity":34,"f:116:9:116:10":17,"s:117:4:117:Infinity":35,"f:119:13:119:14":18,"s:120:4:125:Infinity":36,"f:127:10:127:11":19,"s:128:21:128:Infinity":37,"s:129:4:140:Infinity":38}}}}}