{"meta": {"format": 3, "version": "7.10.7", "timestamp": "2025-11-08T20:16:11.700975", "branch_coverage": false, "show_contexts": false}, "files": {"src/__init__.py": {"executed_lines": [], "summary": {"covered_lines": 0, "num_statements": 0, "percent_covered": 100.0, "percent_covered_display": "100", "missing_lines": 0, "excluded_lines": 0}, "missing_lines": [], "excluded_lines": [], "functions": {"": {"executed_lines": [], "summary": {"covered_lines": 0, "num_statements": 0, "percent_covered": 100.0, "percent_covered_display": "100", "missing_lines": 0, "excluded_lines": 0}, "missing_lines": [], "excluded_lines": []}}, "classes": {"": {"executed_lines": [], "summary": {"covered_lines": 0, "num_statements": 0, "percent_covered": 100.0, "percent_covered_display": "100", "missing_lines": 0, "excluded_lines": 0}, "missing_lines": [], "excluded_lines": []}}}, "src/application/__init__.py": {"executed_lines": [0], "summary": {"covered_lines": 0, "num_statements": 0, "percent_covered": 100.0, "percent_covered_display": "100", "missing_lines": 0, "excluded_lines": 0}, "missing_lines": [], "excluded_lines": [], "functions": {"": {"executed_lines": [], "summary": {"covered_lines": 0, "num_statements": 0, "percent_covered": 100.0, "percent_covered_display": "100", "missing_lines": 0, "excluded_lines": 0}, "missing_lines": [], "excluded_lines": []}}, "classes": {"": {"executed_lines": [], "summary": {"covered_lines": 0, "num_statements": 0, "percent_covered": 100.0, "percent_covered_display": "100", "missing_lines": 0, "excluded_lines": 0}, "missing_lines": [], "excluded_lines": []}}}, "src/application/commands/__init__.py": {"executed_lines": [1, 6, 7, 8, 9, 10, 12], "summary": {"covered_lines": 6, "num_statements": 6, "percent_covered": 100.0, "percent_covered_display": "100", "missing_lines": 0, "excluded_lines": 0}, "missing_lines": [], "excluded_lines": [], "functions": {"": {"executed_lines": [1, 6, 7, 8, 9, 10, 12], "summary": {"covered_lines": 6, "num_statements": 6, "percent_covered": 100.0, "percent_covered_display": "100", "missing_lines": 0, "excluded_lines": 0}, "missing_lines": [], "excluded_lines": []}}, "classes": {"": {"executed_lines": [1, 6, 7, 8, 9, 10, 12], "summary": {"covered_lines": 6, "num_statements": 6, "percent_covered": 100.0, "percent_covered_display": "100", "missing_lines": 0, "excluded_lines": 0}, "missing_lines": [], "excluded_lines": []}}}, "src/application/commands/create_agent.py": {"executed_lines": [1, 7, 9, 11, 12, 13, 14, 16, 19, 20, 26, 35, 36, 38, 54, 57, 62, 63, 64, 82, 83, 85, 92], "summary": {"covered_lines": 21, "num_statements": 21, "percent_covered": 100.0, "percent_covered_display": "100", "missing_lines": 0, "excluded_lines": 0}, "missing_lines": [], "excluded_lines": [], "functions": {"CreateAgentCommand.__init__": {"executed_lines": [35, 36], "summary": {"covered_lines": 2, "num_statements": 2, "percent_covered": 100.0, "percent_covered_display": "100", "missing_lines": 0, "excluded_lines": 0}, "missing_lines": [], "excluded_lines": []}, "CreateAgentCommand.execute": {"executed_lines": [54, 57, 62, 63, 64, 82, 83, 85, 92], "summary": {"covered_lines": 9, "num_statements": 9, "percent_covered": 100.0, "percent_covered_display": "100", "missing_lines": 0, "excluded_lines": 0}, "missing_lines": [], "excluded_lines": []}, "": {"executed_lines": [1, 7, 9, 11, 12, 13, 14, 16, 19, 20, 26, 38], "summary": {"covered_lines": 10, "num_statements": 10, "percent_covered": 100.0, "percent_covered_display": "100", "missing_lines": 0, "excluded_lines": 0}, "missing_lines": [], "excluded_lines": []}}, "classes": {"CreateAgentCommand": {"executed_lines": [35, 36, 54, 57, 62, 63, 64, 82, 83, 85, 92], "summary": {"covered_lines": 11, "num_statements": 11, "percent_covered": 100.0, "percent_covered_display": "100", "missing_lines": 0, "excluded_lines": 0}, "missing_lines": [], "excluded_lines": []}, "": {"executed_lines": [1, 7, 9, 11, 12, 13, 14, 16, 19, 20, 26, 38], "summary": {"covered_lines": 10, "num_statements": 10, "percent_covered": 100.0, "percent_covered_display": "100", "missing_lines": 0, "excluded_lines": 0}, "missing_lines": [], "excluded_lines": []}}}, "src/application/commands/create_policy.py": {"executed_lines": [1, 7, 9, 11, 12, 13, 14, 15, 16, 17, 19, 22, 25, 26, 32, 47, 48, 49, 50, 52, 71, 80, 81, 85, 90, 91, 94, 97, 102, 104, 107, 108, 110, 115, 118, 126, 127, 128, 142, 143, 145, 152], "summary": {"covered_lines": 40, "num_statements": 41, "percent_covered": 97.5609756097561, "percent_covered_display": "98", "missing_lines": 1, "excluded_lines": 0}, "missing_lines": [86], "excluded_lines": [], "functions": {"CreatePolicyCommand.__init__": {"executed_lines": [47, 48, 49, 50], "summary": {"covered_lines": 4, "num_statements": 4, "percent_covered": 100.0, "percent_covered_display": "100", "missing_lines": 0, "excluded_lines": 0}, "missing_lines": [], "excluded_lines": []}, "CreatePolicyCommand.execute": {"executed_lines": [71, 80, 81, 85, 90, 91, 94, 97, 102, 104, 107, 108, 110, 115, 118, 126, 127, 128, 142, 143, 145, 152], "summary": {"covered_lines": 22, "num_statements": 23, "percent_covered": 95.65217391304348, "percent_covered_display": "96", "missing_lines": 1, "excluded_lines": 0}, "missing_lines": [86], "excluded_lines": []}, "": {"executed_lines": [1, 7, 9, 11, 12, 13, 14, 15, 16, 17, 19, 22, 25, 26, 32, 52], "summary": {"covered_lines": 14, "num_statements": 14, "percent_covered": 100.0, "percent_covered_display": "100", "missing_lines": 0, "excluded_lines": 0}, "missing_lines": [], "excluded_lines": []}}, "classes": {"CreatePolicyCommand": {"executed_lines": [47, 48, 49, 50, 71, 80, 81, 85, 90, 91, 94, 97, 102, 104, 107, 108, 110, 115, 118, 126, 127, 128, 142, 143, 145, 152], "summary": {"covered_lines": 26, "num_statements": 27, "percent_covered": 96.29629629629629, "percent_covered_display": "96", "missing_lines": 1, "excluded_lines": 0}, "missing_lines": [86], "excluded_lines": []}, "": {"executed_lines": [1, 7, 9, 11, 12, 13, 14, 15, 16, 17, 19, 22, 25, 26, 32, 52], "summary": {"covered_lines": 14, "num_statements": 14, "percent_covered": 100.0, "percent_covered_display": "100", "missing_lines": 0, "excluded_lines": 0}, "missing_lines": [], "excluded_lines": []}}}, "src/application/commands/delete_policy.py": {"executed_lines": [1, 7, 9, 11, 12, 13, 14, 15, 18, 21, 22, 28, 41, 42, 43, 45, 59, 60, 61, 63, 66, 67, 70, 73, 74, 75, 76, 78, 83, 86, 94, 95, 96, 109, 110, 112, 118], "summary": {"covered_lines": 35, "num_statements": 35, "percent_covered": 100.0, "percent_covered_display": "100", "missing_lines": 0, "excluded_lines": 0}, "missing_lines": [], "excluded_lines": [], "functions": {"DeletePolicyCommand.__init__": {"executed_lines": [41, 42, 43], "summary": {"covered_lines": 3, "num_statements": 3, "percent_covered": 100.0, "percent_covered_display": "100", "missing_lines": 0, "excluded_lines": 0}, "missing_lines": [], "excluded_lines": []}, "DeletePolicyCommand.execute": {"executed_lines": [59, 60, 61, 63, 66, 67, 70, 73, 74, 75, 76, 78, 83, 86, 94, 95, 96, 109, 110, 112, 118], "summary": {"covered_lines": 21, "num_statements": 21, "percent_covered": 100.0, "percent_covered_display": "100", "missing_lines": 0, "excluded_lines": 0}, "missing_lines": [], "excluded_lines": []}, "": {"executed_lines": [1, 7, 9, 11, 12, 13, 14, 15, 18, 21, 22, 28, 45], "summary": {"covered_lines": 11, "num_statements": 11, "percent_covered": 100.0, "percent_covered_display": "100", "missing_lines": 0, "excluded_lines": 0}, "missing_lines": [], "excluded_lines": []}}, "classes": {"DeletePolicyCommand": {"executed_lines": [41, 42, 43, 59, 60, 61, 63, 66, 67, 70, 73, 74, 75, 76, 78, 83, 86, 94, 95, 96, 109, 110, 112, 118], "summary": {"covered_lines": 24, "num_statements": 24, "percent_covered": 100.0, "percent_covered_display": "100", "missing_lines": 0, "excluded_lines": 0}, "missing_lines": [], "excluded_lines": []}, "": {"executed_lines": [1, 7, 9, 11, 12, 13, 14, 15, 18, 21, 22, 28, 45], "summary": {"covered_lines": 11, "num_statements": 11, "percent_covered": 100.0, "percent_covered_display": "100", "missing_lines": 0, "excluded_lines": 0}, "missing_lines": [], "excluded_lines": []}}}, "src/application/commands/update_agent.py": {"executed_lines": [1, 7, 9, 11, 12, 13, 14, 15, 16, 18, 21, 22, 28, 37, 38, 40, 58, 59, 60, 63, 65, 66, 68, 72, 76, 77, 78, 80, 83, 84, 86, 87, 101, 102, 104, 111], "summary": {"covered_lines": 34, "num_statements": 37, "percent_covered": 91.89189189189189, "percent_covered_display": "92", "missing_lines": 3, "excluded_lines": 0}, "missing_lines": [69, 70, 73], "excluded_lines": [], "functions": {"UpdateAgentCommand.__init__": {"executed_lines": [37, 38], "summary": {"covered_lines": 2, "num_statements": 2, "percent_covered": 100.0, "percent_covered_display": "100", "missing_lines": 0, "excluded_lines": 0}, "missing_lines": [], "excluded_lines": []}, "UpdateAgentCommand.execute": {"executed_lines": [58, 59, 60, 63, 65, 66, 68, 72, 76, 77, 78, 80, 83, 84, 86, 87, 101, 102, 104, 111], "summary": {"covered_lines": 20, "num_statements": 23, "percent_covered": 86.95652173913044, "percent_covered_display": "87", "missing_lines": 3, "excluded_lines": 0}, "missing_lines": [69, 70, 73], "excluded_lines": []}, "": {"executed_lines": [1, 7, 9, 11, 12, 13, 14, 15, 16, 18, 21, 22, 28, 40], "summary": {"covered_lines": 12, "num_statements": 12, "percent_covered": 100.0, "percent_covered_display": "100", "missing_lines": 0, "excluded_lines": 0}, "missing_lines": [], "excluded_lines": []}}, "classes": {"UpdateAgentCommand": {"executed_lines": [37, 38, 58, 59, 60, 63, 65, 66, 68, 72, 76, 77, 78, 80, 83, 84, 86, 87, 101, 102, 104, 111], "summary": {"covered_lines": 22, "num_statements": 25, "percent_covered": 88.0, "percent_covered_display": "88", "missing_lines": 3, "excluded_lines": 0}, "missing_lines": [69, 70, 73], "excluded_lines": []}, "": {"executed_lines": [1, 7, 9, 11, 12, 13, 14, 15, 16, 18, 21, 22, 28, 40], "summary": {"covered_lines": 12, "num_statements": 12, "percent_covered": 100.0, "percent_covered_display": "100", "missing_lines": 0, "excluded_lines": 0}, "missing_lines": [], "excluded_lines": []}}}, "src/application/commands/update_policy.py": {"executed_lines": [1, 7, 9, 11, 12, 13, 14, 15, 16, 17, 18, 20, 23, 26, 27, 33, 48, 49, 50, 51, 53, 70, 71, 75, 77, 78, 80, 83, 84, 86, 89, 92, 96, 97, 98, 100, 103, 108, 110, 113, 114, 116, 132, 133, 135, 136, 150, 151, 153, 160], "summary": {"covered_lines": 48, "num_statements": 55, "percent_covered": 87.27272727272727, "percent_covered_display": "87", "missing_lines": 7, "excluded_lines": 0}, "missing_lines": [72, 81, 87, 90, 93, 121, 124], "excluded_lines": [], "functions": {"UpdatePolicyCommand.__init__": {"executed_lines": [48, 49, 50, 51], "summary": {"covered_lines": 4, "num_statements": 4, "percent_covered": 100.0, "percent_covered_display": "100", "missing_lines": 0, "excluded_lines": 0}, "missing_lines": [], "excluded_lines": []}, "UpdatePolicyCommand.execute": {"executed_lines": [70, 71, 75, 77, 78, 80, 83, 84, 86, 89, 92, 96, 97, 98, 100, 103, 108, 110, 113, 114, 116, 132, 133, 135, 136, 150, 151, 153, 160], "summary": {"covered_lines": 29, "num_statements": 36, "percent_covered": 80.55555555555556, "percent_covered_display": "81", "missing_lines": 7, "excluded_lines": 0}, "missing_lines": [72, 81, 87, 90, 93, 121, 124], "excluded_lines": []}, "": {"executed_lines": [1, 7, 9, 11, 12, 13, 14, 15, 16, 17, 18, 20, 23, 26, 27, 33, 53], "summary": {"covered_lines": 15, "num_statements": 15, "percent_covered": 100.0, "percent_covered_display": "100", "missing_lines": 0, "excluded_lines": 0}, "missing_lines": [], "excluded_lines": []}}, "classes": {"UpdatePolicyCommand": {"executed_lines": [48, 49, 50, 51, 70, 71, 75, 77, 78, 80, 83, 84, 86, 89, 92, 96, 97, 98, 100, 103, 108, 110, 113, 114, 116, 132, 133, 135, 136, 150, 151, 153, 160], "summary": {"covered_lines": 33, "num_statements": 40, "percent_covered": 82.5, "percent_covered_display": "82", "missing_lines": 7, "excluded_lines": 0}, "missing_lines": [72, 81, 87, 90, 93, 121, 124], "excluded_lines": []}, "": {"executed_lines": [1, 7, 9, 11, 12, 13, 14, 15, 16, 17, 18, 20, 23, 26, 27, 33, 53], "summary": {"covered_lines": 15, "num_statements": 15, "percent_covered": 100.0, "percent_covered_display": "100", "missing_lines": 0, "excluded_lines": 0}, "missing_lines": [], "excluded_lines": []}}}, "src/application/dto/__init__.py": {"executed_lines": [1, 6, 7, 15, 16, 28], "summary": {"covered_lines": 5, "num_statements": 5, "percent_covered": 100.0, "percent_covered_display": "100", "missing_lines": 0, "excluded_lines": 0}, "missing_lines": [], "excluded_lines": [], "functions": {"": {"executed_lines": [1, 6, 7, 15, 16, 28], "summary": {"covered_lines": 5, "num_statements": 5, "percent_covered": 100.0, "percent_covered_display": "100", "missing_lines": 0, "excluded_lines": 0}, "missing_lines": [], "excluded_lines": []}}, "classes": {"": {"executed_lines": [1, 6, 7, 15, 16, 28], "summary": {"covered_lines": 5, "num_statements": 5, "percent_covered": 100.0, "percent_covered_display": "100", "missing_lines": 0, "excluded_lines": 0}, "missing_lines": [], "excluded_lines": []}}}, "src/application/dto/agent_dto.py": {"executed_lines": [1, 7, 9, 10, 11, 13, 16, 17, 23, 24, 25, 26, 27, 28, 29, 30, 31, 32, 33, 34, 35, 37, 38, 40, 41, 60, 61, 66, 67, 68, 70, 71, 72, 84, 85, 86, 87, 89, 90, 91, 103, 104, 105, 106, 107, 108, 110, 111, 113, 122, 123, 128, 129, 130, 132, 133, 134, 146, 147, 148, 149, 150, 152, 153, 154, 166, 167, 168, 169, 170, 172, 174, 175, 177, 186, 187, 192, 193, 194, 195, 197, 198, 200], "summary": {"covered_lines": 74, "num_statements": 75, "percent_covered": 98.66666666666667, "percent_covered_display": "99", "missing_lines": 1, "excluded_lines": 0}, "missing_lines": [171], "excluded_lines": [], "functions": {"CreateAgentRequest.validate_name": {"executed_lines": [84, 85, 86, 87], "summary": {"covered_lines": 4, "num_statements": 4, "percent_covered": 100.0, "percent_covered_display": "100", "missing_lines": 0, "excluded_lines": 0}, "missing_lines": [], "excluded_lines": []}, "CreateAgentRequest.validate_certificate_pem": {"executed_lines": [103, 104, 105, 106, 107, 108], "summary": {"covered_lines": 6, "num_statements": 6, "percent_covered": 100.0, "percent_covered_display": "100", "missing_lines": 0, "excluded_lines": 0}, "missing_lines": [], "excluded_lines": []}, "UpdateAgentRequest.validate_name": {"executed_lines": [146, 147, 148, 149, 150], "summary": {"covered_lines": 5, "num_statements": 5, "percent_covered": 100.0, "percent_covered_display": "100", "missing_lines": 0, "excluded_lines": 0}, "missing_lines": [], "excluded_lines": []}, "UpdateAgentRequest.validate_certificate_pem": {"executed_lines": [166, 167, 168, 169, 170, 172], "summary": {"covered_lines": 6, "num_statements": 7, "percent_covered": 85.71428571428571, "percent_covered_display": "86", "missing_lines": 1, "excluded_lines": 0}, "missing_lines": [171], "excluded_lines": []}, "": {"executed_lines": [1, 7, 9, 10, 11, 13, 16, 17, 23, 24, 25, 26, 27, 28, 29, 30, 31, 32, 33, 34, 35, 37, 38, 40, 41, 60, 61, 66, 67, 68, 70, 71, 72, 89, 90, 91, 110, 111, 113, 122, 123, 128, 129, 130, 132, 133, 134, 152, 153, 154, 174, 175, 177, 186, 187, 192, 193, 194, 195, 197, 198, 200], "summary": {"covered_lines": 53, "num_statements": 53, "percent_covered": 100.0, "percent_covered_display": "100", "missing_lines": 0, "excluded_lines": 0}, "missing_lines": [], "excluded_lines": []}}, "classes": {"AgentDTO": {"executed_lines": [], "summary": {"covered_lines": 0, "num_statements": 0, "percent_covered": 100.0, "percent_covered_display": "100", "missing_lines": 0, "excluded_lines": 0}, "missing_lines": [], "excluded_lines": []}, "AgentDTO.Config": {"executed_lines": [], "summary": {"covered_lines": 0, "num_statements": 0, "percent_covered": 100.0, "percent_covered_display": "100", "missing_lines": 0, "excluded_lines": 0}, "missing_lines": [], "excluded_lines": []}, "CreateAgentRequest": {"executed_lines": [84, 85, 86, 87, 103, 104, 105, 106, 107, 108], "summary": {"covered_lines": 10, "num_statements": 10, "percent_covered": 100.0, "percent_covered_display": "100", "missing_lines": 0, "excluded_lines": 0}, "missing_lines": [], "excluded_lines": []}, "CreateAgentRequest.Config": {"executed_lines": [], "summary": {"covered_lines": 0, "num_statements": 0, "percent_covered": 100.0, "percent_covered_display": "100", "missing_lines": 0, "excluded_lines": 0}, "missing_lines": [], "excluded_lines": []}, "UpdateAgentRequest": {"executed_lines": [146, 147, 148, 149, 150, 166, 167, 168, 169, 170, 172], "summary": {"covered_lines": 11, "num_statements": 12, "percent_covered": 91.66666666666667, "percent_covered_display": "92", "missing_lines": 1, "excluded_lines": 0}, "missing_lines": [171], "excluded_lines": []}, "UpdateAgentRequest.Config": {"executed_lines": [], "summary": {"covered_lines": 0, "num_statements": 0, "percent_covered": 100.0, "percent_covered_display": "100", "missing_lines": 0, "excluded_lines": 0}, "missing_lines": [], "excluded_lines": []}, "AgentListResponse": {"executed_lines": [], "summary": {"covered_lines": 0, "num_statements": 0, "percent_covered": 100.0, "percent_covered_display": "100", "missing_lines": 0, "excluded_lines": 0}, "missing_lines": [], "excluded_lines": []}, "AgentListResponse.Config": {"executed_lines": [], "summary": {"covered_lines": 0, "num_statements": 0, "percent_covered": 100.0, "percent_covered_display": "100", "missing_lines": 0, "excluded_lines": 0}, "missing_lines": [], "excluded_lines": []}, "": {"executed_lines": [1, 7, 9, 10, 11, 13, 16, 17, 23, 24, 25, 26, 27, 28, 29, 30, 31, 32, 33, 34, 35, 37, 38, 40, 41, 60, 61, 66, 67, 68, 70, 71, 72, 89, 90, 91, 110, 111, 113, 122, 123, 128, 129, 130, 132, 133, 134, 152, 153, 154, 174, 175, 177, 186, 187, 192, 193, 194, 195, 197, 198, 200], "summary": {"covered_lines": 53, "num_statements": 53, "percent_covered": 100.0, "percent_covered_display": "100", "missing_lines": 0, "excluded_lines": 0}, "missing_lines": [], "excluded_lines": []}}}, "src/application/dto/audit_dto.py": {"executed_lines": [1, 7, 9, 10, 11, 13, 16, 17, 22, 23, 24, 25, 26, 27, 28, 29, 30, 31, 32, 34, 35, 37, 38, 64, 65, 67, 68, 69, 70, 71, 72, 73, 74, 75, 76, 78, 79, 81, 84, 85, 91, 92, 93, 94, 95, 96, 97, 98, 99, 100, 101, 102, 103, 104, 105, 106, 107, 108, 109, 110, 111, 112, 114, 115, 117, 118, 155, 156, 161, 162, 163, 164, 165, 166, 167, 168, 170, 171, 172, 184, 185, 193, 194, 195, 198, 199, 200, 213, 214, 215, 216, 217, 219, 220, 222, 235, 236, 241, 242, 243, 244, 245, 247, 248, 250, 253, 254, 259, 260, 261, 262, 263, 264, 266, 267, 268, 281, 282, 283, 284, 287, 288, 289, 291, 293, 294, 296], "summary": {"covered_lines": 114, "num_statements": 115, "percent_covered": 99.1304347826087, "percent_covered_display": "99", "missing_lines": 1, "excluded_lines": 0}, "missing_lines": [196], "excluded_lines": [], "functions": {"AuditQueryRequest.validate_decision": {"executed_lines": [184, 185, 193, 194, 195], "summary": {"covered_lines": 5, "num_statements": 6, "percent_covered": 83.33333333333333, "percent_covered_display": "83", "missing_lines": 1, "excluded_lines": 0}, "missing_lines": [196], "excluded_lines": []}, "AuditQueryRequest.validate_time_range": {"executed_lines": [213, 214, 215, 216, 217], "summary": {"covered_lines": 5, "num_statements": 5, "percent_covered": 100.0, "percent_covered_display": "100", "missing_lines": 0, "excluded_lines": 0}, "missing_lines": [], "excluded_lines": []}, "AuditExportRequest.validate_time_range": {"executed_lines": [281, 282, 283, 284, 287, 288, 289, 291], "summary": {"covered_lines": 8, "num_statements": 8, "percent_covered": 100.0, "percent_covered_display": "100", "missing_lines": 0, "excluded_lines": 0}, "missing_lines": [], "excluded_lines": []}, "": {"executed_lines": [1, 7, 9, 10, 11, 13, 16, 17, 22, 23, 24, 25, 26, 27, 28, 29, 30, 31, 32, 34, 35, 37, 38, 64, 65, 67, 68, 69, 70, 71, 72, 73, 74, 75, 76, 78, 79, 81, 84, 85, 91, 92, 93, 94, 95, 96, 97, 98, 99, 100, 101, 102, 103, 104, 105, 106, 107, 108, 109, 110, 111, 112, 114, 115, 117, 118, 155, 156, 161, 162, 163, 164, 165, 166, 167, 168, 170, 171, 172, 198, 199, 200, 219, 220, 222, 235, 236, 241, 242, 243, 244, 245, 247, 248, 250, 253, 254, 259, 260, 261, 262, 263, 264, 266, 267, 268, 293, 294, 296], "summary": {"covered_lines": 96, "num_statements": 96, "percent_covered": 100.0, "percent_covered_display": "100", "missing_lines": 0, "excluded_lines": 0}, "missing_lines": [], "excluded_lines": []}}, "classes": {"TemporalPatternDTO": {"executed_lines": [], "summary": {"covered_lines": 0, "num_statements": 0, "percent_covered": 100.0, "percent_covered_display": "100", "missing_lines": 0, "excluded_lines": 0}, "missing_lines": [], "excluded_lines": []}, "TemporalPatternDTO.Config": {"executed_lines": [], "summary": {"covered_lines": 0, "num_statements": 0, "percent_covered": 100.0, "percent_covered_display": "100", "missing_lines": 0, "excluded_lines": 0}, "missing_lines": [], "excluded_lines": []}, "TimedAccessContextDTO": {"executed_lines": [], "summary": {"covered_lines": 0, "num_statements": 0, "percent_covered": 100.0, "percent_covered_display": "100", "missing_lines": 0, "excluded_lines": 0}, "missing_lines": [], "excluded_lines": []}, "TimedAccessContextDTO.Config": {"executed_lines": [], "summary": {"covered_lines": 0, "num_statements": 0, "percent_covered": 100.0, "percent_covered_display": "100", "missing_lines": 0, "excluded_lines": 0}, "missing_lines": [], "excluded_lines": []}, "AuditEntryDTO": {"executed_lines": [], "summary": {"covered_lines": 0, "num_statements": 0, "percent_covered": 100.0, "percent_covered_display": "100", "missing_lines": 0, "excluded_lines": 0}, "missing_lines": [], "excluded_lines": []}, "AuditEntryDTO.Config": {"executed_lines": [], "summary": {"covered_lines": 0, "num_statements": 0, "percent_covered": 100.0, "percent_covered_display": "100", "missing_lines": 0, "excluded_lines": 0}, "missing_lines": [], "excluded_lines": []}, "AuditQueryRequest": {"executed_lines": [184, 185, 193, 194, 195, 213, 214, 215, 216, 217], "summary": {"covered_lines": 10, "num_statements": 11, "percent_covered": 90.9090909090909, "percent_covered_display": "91", "missing_lines": 1, "excluded_lines": 0}, "missing_lines": [196], "excluded_lines": []}, "AuditQueryRequest.Config": {"executed_lines": [], "summary": {"covered_lines": 0, "num_statements": 0, "percent_covered": 100.0, "percent_covered_display": "100", "missing_lines": 0, "excluded_lines": 0}, "missing_lines": [], "excluded_lines": []}, "AuditListResponse": {"executed_lines": [], "summary": {"covered_lines": 0, "num_statements": 0, "percent_covered": 100.0, "percent_covered_display": "100", "missing_lines": 0, "excluded_lines": 0}, "missing_lines": [], "excluded_lines": []}, "AuditListResponse.Config": {"executed_lines": [], "summary": {"covered_lines": 0, "num_statements": 0, "percent_covered": 100.0, "percent_covered_display": "100", "missing_lines": 0, "excluded_lines": 0}, "missing_lines": [], "excluded_lines": []}, "AuditExportRequest": {"executed_lines": [281, 282, 283, 284, 287, 288, 289, 291], "summary": {"covered_lines": 8, "num_statements": 8, "percent_covered": 100.0, "percent_covered_display": "100", "missing_lines": 0, "excluded_lines": 0}, "missing_lines": [], "excluded_lines": []}, "AuditExportRequest.Config": {"executed_lines": [], "summary": {"covered_lines": 0, "num_statements": 0, "percent_covered": 100.0, "percent_covered_display": "100", "missing_lines": 0, "excluded_lines": 0}, "missing_lines": [], "excluded_lines": []}, "": {"executed_lines": [1, 7, 9, 10, 11, 13, 16, 17, 22, 23, 24, 25, 26, 27, 28, 29, 30, 31, 32, 34, 35, 37, 38, 64, 65, 67, 68, 69, 70, 71, 72, 73, 74, 75, 76, 78, 79, 81, 84, 85, 91, 92, 93, 94, 95, 96, 97, 98, 99, 100, 101, 102, 103, 104, 105, 106, 107, 108, 109, 110, 111, 112, 114, 115, 117, 118, 155, 156, 161, 162, 163, 164, 165, 166, 167, 168, 170, 171, 172, 198, 199, 200, 219, 220, 222, 235, 236, 241, 242, 243, 244, 245, 247, 248, 250, 253, 254, 259, 260, 261, 262, 263, 264, 266, 267, 268, 293, 294, 296], "summary": {"covered_lines": 96, "num_statements": 96, "percent_covered": 100.0, "percent_covered_display": "100", "missing_lines": 0, "excluded_lines": 0}, "missing_lines": [], "excluded_lines": []}}}, "src/application/dto/mappers.py": {"executed_lines": [1, 7, 9, 11, 12, 13, 14, 16, 17, 18, 29, 30, 32, 33, 42, 58, 59, 72, 74, 82, 83, 85, 86, 96, 99, 100, 104, 105, 106, 108, 127, 128, 141, 152, 153, 182, 183, 209, 210, 219, 228, 229, 231, 232, 241, 254], "summary": {"covered_lines": 42, "num_statements": 47, "percent_covered": 89.36170212765957, "percent_covered_display": "89", "missing_lines": 5, "excluded_lines": 0}, "missing_lines": [101, 162, 171, 192, 202], "excluded_lines": [], "functions": {"AgentMapper.to_dto": {"executed_lines": [42], "summary": {"covered_lines": 1, "num_statements": 1, "percent_covered": 100.0, "percent_covered_display": "100", "missing_lines": 0, "excluded_lines": 0}, "missing_lines": [], "excluded_lines": []}, "AgentMapper.from_create_request": {"executed_lines": [72, 74], "summary": {"covered_lines": 2, "num_statements": 2, "percent_covered": 100.0, "percent_covered_display": "100", "missing_lines": 0, "excluded_lines": 0}, "missing_lines": [], "excluded_lines": []}, "PolicyMapper.to_dto": {"executed_lines": [96, 99, 100, 104, 105, 106, 108], "summary": {"covered_lines": 7, "num_statements": 8, "percent_covered": 87.5, "percent_covered_display": "88", "missing_lines": 1, "excluded_lines": 0}, "missing_lines": [101], "excluded_lines": []}, "PolicyMapper.from_create_request": {"executed_lines": [141], "summary": {"covered_lines": 1, "num_statements": 1, "percent_covered": 100.0, "percent_covered_display": "100", "missing_lines": 0, "excluded_lines": 0}, "missing_lines": [], "excluded_lines": []}, "PolicyMapper._rule_to_dto": {"executed_lines": [], "summary": {"covered_lines": 0, "num_statements": 2, "percent_covered": 0.0, "percent_covered_display": "0", "missing_lines": 2, "excluded_lines": 0}, "missing_lines": [162, 171], "excluded_lines": []}, "PolicyMapper._time_restriction_to_dto": {"executed_lines": [], "summary": {"covered_lines": 0, "num_statements": 2, "percent_covered": 0.0, "percent_covered_display": "0", "missing_lines": 2, "excluded_lines": 0}, "missing_lines": [192, 202], "excluded_lines": []}, "PolicyMapper._rate_limit_to_dto": {"executed_lines": [219], "summary": {"covered_lines": 1, "num_statements": 1, "percent_covered": 100.0, "percent_covered_display": "100", "missing_lines": 0, "excluded_lines": 0}, "missing_lines": [], "excluded_lines": []}, "AuditMapper.to_dto": {"executed_lines": [241, 254], "summary": {"covered_lines": 2, "num_statements": 2, "percent_covered": 100.0, "percent_covered_display": "100", "missing_lines": 0, "excluded_lines": 0}, "missing_lines": [], "excluded_lines": []}, "": {"executed_lines": [1, 7, 9, 11, 12, 13, 14, 16, 17, 18, 29, 30, 32, 33, 58, 59, 82, 83, 85, 86, 127, 128, 152, 153, 182, 183, 209, 210, 228, 229, 231, 232], "summary": {"covered_lines": 28, "num_statements": 28, "percent_covered": 100.0, "percent_covered_display": "100", "missing_lines": 0, "excluded_lines": 0}, "missing_lines": [], "excluded_lines": []}}, "classes": {"AgentMapper": {"executed_lines": [42, 72, 74], "summary": {"covered_lines": 3, "num_statements": 3, "percent_covered": 100.0, "percent_covered_display": "100", "missing_lines": 0, "excluded_lines": 0}, "missing_lines": [], "excluded_lines": []}, "PolicyMapper": {"executed_lines": [96, 99, 100, 104, 105, 106, 108, 141, 219], "summary": {"covered_lines": 9, "num_statements": 14, "percent_covered": 64.28571428571429, "percent_covered_display": "64", "missing_lines": 5, "excluded_lines": 0}, "missing_lines": [101, 162, 171, 192, 202], "excluded_lines": []}, "AuditMapper": {"executed_lines": [241, 254], "summary": {"covered_lines": 2, "num_statements": 2, "percent_covered": 100.0, "percent_covered_display": "100", "missing_lines": 0, "excluded_lines": 0}, "missing_lines": [], "excluded_lines": []}, "": {"executed_lines": [1, 7, 9, 11, 12, 13, 14, 16, 17, 18, 29, 30, 32, 33, 58, 59, 82, 83, 85, 86, 127, 128, 152, 153, 182, 183, 209, 210, 228, 229, 231, 232], "summary": {"covered_lines": 28, "num_statements": 28, "percent_covered": 100.0, "percent_covered_display": "100", "missing_lines": 0, "excluded_lines": 0}, "missing_lines": [], "excluded_lines": []}}}, "src/application/dto/opa_dto.py": {"executed_lines": [1, 3, 4, 6, 9, 10, 12, 13, 14, 17, 18, 20, 21, 22, 25, 26, 32, 33, 36, 39, 42, 45, 46, 47, 50, 52, 53, 55, 58, 59, 61], "summary": {"covered_lines": 25, "num_statements": 25, "percent_covered": 100.0, "percent_covered_display": "100", "missing_lines": 0, "excluded_lines": 0}, "missing_lines": [], "excluded_lines": [], "functions": {"": {"executed_lines": [1, 3, 4, 6, 9, 10, 12, 13, 14, 17, 18, 20, 21, 22, 25, 26, 32, 33, 36, 39, 42, 45, 46, 47, 50, 52, 53, 55, 58, 59, 61], "summary": {"covered_lines": 25, "num_statements": 25, "percent_covered": 100.0, "percent_covered_display": "100", "missing_lines": 0, "excluded_lines": 0}, "missing_lines": [], "excluded_lines": []}}, "classes": {"OPAInputAttributes": {"executed_lines": [], "summary": {"covered_lines": 0, "num_statements": 0, "percent_covered": 100.0, "percent_covered_display": "100", "missing_lines": 0, "excluded_lines": 0}, "missing_lines": [], "excluded_lines": []}, "OPAInput": {"executed_lines": [], "summary": {"covered_lines": 0, "num_statements": 0, "percent_covered": 100.0, "percent_covered_display": "100", "missing_lines": 0, "excluded_lines": 0}, "missing_lines": [], "excluded_lines": []}, "OPADecisionLog": {"executed_lines": [], "summary": {"covered_lines": 0, "num_statements": 0, "percent_covered": 100.0, "percent_covered_display": "100", "missing_lines": 0, "excluded_lines": 0}, "missing_lines": [], "excluded_lines": []}, "OPADecisionLog.Config": {"executed_lines": [], "summary": {"covered_lines": 0, "num_statements": 0, "percent_covered": 100.0, "percent_covered_display": "100", "missing_lines": 0, "excluded_lines": 0}, "missing_lines": [], "excluded_lines": []}, "OPADecisionBatch": {"executed_lines": [], "summary": {"covered_lines": 0, "num_statements": 0, "percent_covered": 100.0, "percent_covered_display": "100", "missing_lines": 0, "excluded_lines": 0}, "missing_lines": [], "excluded_lines": []}, "": {"executed_lines": [1, 3, 4, 6, 9, 10, 12, 13, 14, 17, 18, 20, 21, 22, 25, 26, 32, 33, 36, 39, 42, 45, 46, 47, 50, 52, 53, 55, 58, 59, 61], "summary": {"covered_lines": 25, "num_statements": 25, "percent_covered": 100.0, "percent_covered_display": "100", "missing_lines": 0, "excluded_lines": 0}, "missing_lines": [], "excluded_lines": []}}}, "src/application/dto/policy_dto.py": {"executed_lines": [1, 7, 9, 10, 12, 15, 16, 18, 19, 20, 22, 23, 25, 28, 29, 31, 32, 33, 34, 35, 36, 37, 38, 40, 41, 43, 46, 47, 49, 50, 51, 52, 54, 55, 57, 60, 61, 63, 64, 65, 66, 68, 69, 71, 74, 75, 77, 78, 79, 80, 81, 83, 84, 86, 89, 90, 96, 97, 98, 99, 100, 101, 102, 103, 104, 105, 106, 107, 108, 109, 110, 111, 113, 114, 116, 117, 137, 138, 143, 144, 145, 146, 147, 148, 150, 151, 152, 164, 165, 167, 169, 170, 171, 183, 184, 186, 188, 189, 190, 202, 203, 206, 208, 209, 211, 223, 224, 229, 230, 231, 232, 233, 234, 236, 237, 238, 250, 251, 252, 254, 256, 257, 258, 276, 277, 278, 297, 298, 300, 310, 311, 316, 317, 318, 319, 321, 322, 324], "summary": {"covered_lines": 119, "num_statements": 132, "percent_covered": 90.15151515151516, "percent_covered_display": "90", "missing_lines": 13, "excluded_lines": 0}, "missing_lines": [166, 185, 253, 270, 271, 272, 273, 274, 290, 291, 292, 294, 295], "excluded_lines": [], "functions": {"CreatePolicyRequest.validate_name": {"executed_lines": [164, 165, 167], "summary": {"covered_lines": 3, "num_statements": 4, "percent_covered": 75.0, "percent_covered_display": "75", "missing_lines": 1, "excluded_lines": 0}, "missing_lines": [166], "excluded_lines": []}, "CreatePolicyRequest.validate_description": {"executed_lines": [183, 184, 186], "summary": {"covered_lines": 3, "num_statements": 4, "percent_covered": 75.0, "percent_covered_display": "75", "missing_lines": 1, "excluded_lines": 0}, "missing_lines": [185], "excluded_lines": []}, "CreatePolicyRequest.validate_domain_lists": {"executed_lines": [202, 203, 206], "summary": {"covered_lines": 3, "num_statements": 3, "percent_covered": 100.0, "percent_covered_display": "100", "missing_lines": 0, "excluded_lines": 0}, "missing_lines": [], "excluded_lines": []}, "UpdatePolicyRequest.validate_name": {"executed_lines": [250, 251, 252, 254], "summary": {"covered_lines": 4, "num_statements": 5, "percent_covered": 80.0, "percent_covered_display": "80", "missing_lines": 1, "excluded_lines": 0}, "missing_lines": [253], "excluded_lines": []}, "UpdatePolicyRequest.validate_description": {"executed_lines": [], "summary": {"covered_lines": 0, "num_statements": 5, "percent_covered": 0.0, "percent_covered_display": "0", "missing_lines": 5, "excluded_lines": 0}, "missing_lines": [270, 271, 272, 273, 274], "excluded_lines": []}, "UpdatePolicyRequest.validate_domain_lists": {"executed_lines": [], "summary": {"covered_lines": 0, "num_statements": 5, "percent_covered": 0.0, "percent_covered_display": "0", "missing_lines": 5, "excluded_lines": 0}, "missing_lines": [290, 291, 292, 294, 295], "excluded_lines": []}, "": {"executed_lines": [1, 7, 9, 10, 12, 15, 16, 18, 19, 20, 22, 23, 25, 28, 29, 31, 32, 33, 34, 35, 36, 37, 38, 40, 41, 43, 46, 47, 49, 50, 51, 52, 54, 55, 57, 60, 61, 63, 64, 65, 66, 68, 69, 71, 74, 75, 77, 78, 79, 80, 81, 83, 84, 86, 89, 90, 96, 97, 98, 99, 100, 101, 102, 103, 104, 105, 106, 107, 108, 109, 110, 111, 113, 114, 116, 117, 137, 138, 143, 144, 145, 146, 147, 148, 150, 151, 152, 169, 170, 171, 188, 189, 190, 208, 209, 211, 223, 224, 229, 230, 231, 232, 233, 234, 236, 237, 238, 256, 257, 258, 276, 277, 278, 297, 298, 300, 310, 311, 316, 317, 318, 319, 321, 322, 324], "summary": {"covered_lines": 106, "num_statements": 106, "percent_covered": 100.0, "percent_covered_display": "100", "missing_lines": 0, "excluded_lines": 0}, "missing_lines": [], "excluded_lines": []}}, "classes": {"RuleConditionDTO": {"executed_lines": [], "summary": {"covered_lines": 0, "num_statements": 0, "percent_covered": 100.0, "percent_covered_display": "100", "missing_lines": 0, "excluded_lines": 0}, "missing_lines": [], "excluded_lines": []}, "RuleConditionDTO.Config": {"executed_lines": [], "summary": {"covered_lines": 0, "num_statements": 0, "percent_covered": 100.0, "percent_covered_display": "100", "missing_lines": 0, "excluded_lines": 0}, "missing_lines": [], "excluded_lines": []}, "PolicyRuleDTO": {"executed_lines": [], "summary": {"covered_lines": 0, "num_statements": 0, "percent_covered": 100.0, "percent_covered_display": "100", "missing_lines": 0, "excluded_lines": 0}, "missing_lines": [], "excluded_lines": []}, "PolicyRuleDTO.Config": {"executed_lines": [], "summary": {"covered_lines": 0, "num_statements": 0, "percent_covered": 100.0, "percent_covered_display": "100", "missing_lines": 0, "excluded_lines": 0}, "missing_lines": [], "excluded_lines": []}, "TimeRangeDTO": {"executed_lines": [], "summary": {"covered_lines": 0, "num_statements": 0, "percent_covered": 100.0, "percent_covered_display": "100", "missing_lines": 0, "excluded_lines": 0}, "missing_lines": [], "excluded_lines": []}, "TimeRangeDTO.Config": {"executed_lines": [], "summary": {"covered_lines": 0, "num_statements": 0, "percent_covered": 100.0, "percent_covered_display": "100", "missing_lines": 0, "excluded_lines": 0}, "missing_lines": [], "excluded_lines": []}, "TimeRestrictionDTO": {"executed_lines": [], "summary": {"covered_lines": 0, "num_statements": 0, "percent_covered": 100.0, "percent_covered_display": "100", "missing_lines": 0, "excluded_lines": 0}, "missing_lines": [], "excluded_lines": []}, "TimeRestrictionDTO.Config": {"executed_lines": [], "summary": {"covered_lines": 0, "num_statements": 0, "percent_covered": 100.0, "percent_covered_display": "100", "missing_lines": 0, "excluded_lines": 0}, "missing_lines": [], "excluded_lines": []}, "RateLimitDTO": {"executed_lines": [], "summary": {"covered_lines": 0, "num_statements": 0, "percent_covered": 100.0, "percent_covered_display": "100", "missing_lines": 0, "excluded_lines": 0}, "missing_lines": [], "excluded_lines": []}, "RateLimitDTO.Config": {"executed_lines": [], "summary": {"covered_lines": 0, "num_statements": 0, "percent_covered": 100.0, "percent_covered_display": "100", "missing_lines": 0, "excluded_lines": 0}, "missing_lines": [], "excluded_lines": []}, "PolicyDTO": {"executed_lines": [], "summary": {"covered_lines": 0, "num_statements": 0, "percent_covered": 100.0, "percent_covered_display": "100", "missing_lines": 0, "excluded_lines": 0}, "missing_lines": [], "excluded_lines": []}, "PolicyDTO.Config": {"executed_lines": [], "summary": {"covered_lines": 0, "num_statements": 0, "percent_covered": 100.0, "percent_covered_display": "100", "missing_lines": 0, "excluded_lines": 0}, "missing_lines": [], "excluded_lines": []}, "CreatePolicyRequest": {"executed_lines": [164, 165, 167, 183, 184, 186, 202, 203, 206], "summary": {"covered_lines": 9, "num_statements": 11, "percent_covered": 81.81818181818181, "percent_covered_display": "82", "missing_lines": 2, "excluded_lines": 0}, "missing_lines": [166, 185], "excluded_lines": []}, "CreatePolicyRequest.Config": {"executed_lines": [], "summary": {"covered_lines": 0, "num_statements": 0, "percent_covered": 100.0, "percent_covered_display": "100", "missing_lines": 0, "excluded_lines": 0}, "missing_lines": [], "excluded_lines": []}, "UpdatePolicyRequest": {"executed_lines": [250, 251, 252, 254], "summary": {"covered_lines": 4, "num_statements": 15, "percent_covered": 26.666666666666668, "percent_covered_display": "27", "missing_lines": 11, "excluded_lines": 0}, "missing_lines": [253, 270, 271, 272, 273, 274, 290, 291, 292, 294, 295], "excluded_lines": []}, "UpdatePolicyRequest.Config": {"executed_lines": [], "summary": {"covered_lines": 0, "num_statements": 0, "percent_covered": 100.0, "percent_covered_display": "100", "missing_lines": 0, "excluded_lines": 0}, "missing_lines": [], "excluded_lines": []}, "PolicyListResponse": {"executed_lines": [], "summary": {"covered_lines": 0, "num_statements": 0, "percent_covered": 100.0, "percent_covered_display": "100", "missing_lines": 0, "excluded_lines": 0}, "missing_lines": [], "excluded_lines": []}, "PolicyListResponse.Config": {"executed_lines": [], "summary": {"covered_lines": 0, "num_statements": 0, "percent_covered": 100.0, "percent_covered_display": "100", "missing_lines": 0, "excluded_lines": 0}, "missing_lines": [], "excluded_lines": []}, "": {"executed_lines": [1, 7, 9, 10, 12, 15, 16, 18, 19, 20, 22, 23, 25, 28, 29, 31, 32, 33, 34, 35, 36, 37, 38, 40, 41, 43, 46, 47, 49, 50, 51, 52, 54, 55, 57, 60, 61, 63, 64, 65, 66, 68, 69, 71, 74, 75, 77, 78, 79, 80, 81, 83, 84, 86, 89, 90, 96, 97, 98, 99, 100, 101, 102, 103, 104, 105, 106, 107, 108, 109, 110, 111, 113, 114, 116, 117, 137, 138, 143, 144, 145, 146, 147, 148, 150, 151, 152, 169, 170, 171, 188, 189, 190, 208, 209, 211, 223, 224, 229, 230, 231, 232, 233, 234, 236, 237, 238, 256, 257, 258, 276, 277, 278, 297, 298, 300, 310, 311, 316, 317, 318, 319, 321, 322, 324], "summary": {"covered_lines": 106, "num_statements": 106, "percent_covered": 100.0, "percent_covered_display": "100", "missing_lines": 0, "excluded_lines": 0}, "missing_lines": [], "excluded_lines": []}}}, "src/application/queries/__init__.py": {"executed_lines": [1, 6, 7, 8, 9, 10, 12], "summary": {"covered_lines": 6, "num_statements": 6, "percent_covered": 100.0, "percent_covered_display": "100", "missing_lines": 0, "excluded_lines": 0}, "missing_lines": [], "excluded_lines": [], "functions": {"": {"executed_lines": [1, 6, 7, 8, 9, 10, 12], "summary": {"covered_lines": 6, "num_statements": 6, "percent_covered": 100.0, "percent_covered_display": "100", "missing_lines": 0, "excluded_lines": 0}, "missing_lines": [], "excluded_lines": []}}, "classes": {"": {"executed_lines": [1, 6, 7, 8, 9, 10, 12], "summary": {"covered_lines": 6, "num_statements": 6, "percent_covered": 100.0, "percent_covered_display": "100", "missing_lines": 0, "excluded_lines": 0}, "missing_lines": [], "excluded_lines": []}}}, "src/application/queries/audit_export.py": {"executed_lines": [1, 3, 4, 5, 6, 7, 8, 10, 11, 12, 15, 16, 18, 24, 26, 44, 48, 50, 51, 67, 69, 70, 71, 73, 74, 76, 78, 98, 102, 104, 114, 115, 117, 118, 119, 121, 123, 125, 138, 140], "summary": {"covered_lines": 38, "num_statements": 38, "percent_covered": 100.0, "percent_covered_display": "100", "missing_lines": 0, "excluded_lines": 0}, "missing_lines": [], "excluded_lines": [], "functions": {"AuditExporter.__init__": {"executed_lines": [24], "summary": {"covered_lines": 1, "num_statements": 1, "percent_covered": 100.0, "percent_covered_display": "100", "missing_lines": 0, "excluded_lines": 0}, "missing_lines": [], "excluded_lines": []}, "AuditExporter.export_to_csv": {"executed_lines": [44, 48, 50, 51, 67, 69, 70, 71, 73, 74, 76], "summary": {"covered_lines": 11, "num_statements": 11, "percent_covered": 100.0, "percent_covered_display": "100", "missing_lines": 0, "excluded_lines": 0}, "missing_lines": [], "excluded_lines": []}, "AuditExporter.export_to_json": {"executed_lines": [98, 102, 104, 114, 115, 117, 118, 119, 121], "summary": {"covered_lines": 9, "num_statements": 9, "percent_covered": 100.0, "percent_covered_display": "100", "missing_lines": 0, "excluded_lines": 0}, "missing_lines": [], "excluded_lines": []}, "AuditExporter._entry_to_csv_dict": {"executed_lines": [125], "summary": {"covered_lines": 1, "num_statements": 1, "percent_covered": 100.0, "percent_covered_display": "100", "missing_lines": 0, "excluded_lines": 0}, "missing_lines": [], "excluded_lines": []}, "AuditExporter._entry_to_dict": {"executed_lines": [140], "summary": {"covered_lines": 1, "num_statements": 1, "percent_covered": 100.0, "percent_covered_display": "100", "missing_lines": 0, "excluded_lines": 0}, "missing_lines": [], "excluded_lines": []}, "": {"executed_lines": [1, 3, 4, 5, 6, 7, 8, 10, 11, 12, 15, 16, 18, 26, 78, 123, 138], "summary": {"covered_lines": 15, "num_statements": 15, "percent_covered": 100.0, "percent_covered_display": "100", "missing_lines": 0, "excluded_lines": 0}, "missing_lines": [], "excluded_lines": []}}, "classes": {"AuditExporter": {"executed_lines": [24, 44, 48, 50, 51, 67, 69, 70, 71, 73, 74, 76, 98, 102, 104, 114, 115, 117, 118, 119, 121, 125, 140], "summary": {"covered_lines": 23, "num_statements": 23, "percent_covered": 100.0, "percent_covered_display": "100", "missing_lines": 0, "excluded_lines": 0}, "missing_lines": [], "excluded_lines": []}, "": {"executed_lines": [1, 3, 4, 5, 6, 7, 8, 10, 11, 12, 15, 16, 18, 26, 78, 123, 138], "summary": {"covered_lines": 15, "num_statements": 15, "percent_covered": 100.0, "percent_covered_display": "100", "missing_lines": 0, "excluded_lines": 0}, "missing_lines": [], "excluded_lines": []}}}, "src/application/queries/get_agent.py": {"executed_lines": [1, 7, 9, 11, 12, 14, 17, 18, 20, 26, 28, 38, 41, 42, 44, 47, 48, 50, 56, 58, 79, 80, 81, 82, 85, 88, 93, 96, 98], "summary": {"covered_lines": 26, "num_statements": 26, "percent_covered": 100.0, "percent_covered_display": "100", "missing_lines": 0, "excluded_lines": 0}, "missing_lines": [], "excluded_lines": [], "functions": {"GetAgentQuery.__init__": {"executed_lines": [26], "summary": {"covered_lines": 1, "num_statements": 1, "percent_covered": 100.0, "percent_covered_display": "100", "missing_lines": 0, "excluded_lines": 0}, "missing_lines": [], "excluded_lines": []}, "GetAgentQuery.execute": {"executed_lines": [38, 41, 42, 44], "summary": {"covered_lines": 4, "num_statements": 4, "percent_covered": 100.0, "percent_covered_display": "100", "missing_lines": 0, "excluded_lines": 0}, "missing_lines": [], "excluded_lines": []}, "ListAgentsQuery.__init__": {"executed_lines": [56], "summary": {"covered_lines": 1, "num_statements": 1, "percent_covered": 100.0, "percent_covered_display": "100", "missing_lines": 0, "excluded_lines": 0}, "missing_lines": [], "excluded_lines": []}, "ListAgentsQuery.execute": {"executed_lines": [79, 80, 81, 82, 85, 88, 93, 96, 98], "summary": {"covered_lines": 9, "num_statements": 9, "percent_covered": 100.0, "percent_covered_display": "100", "missing_lines": 0, "excluded_lines": 0}, "missing_lines": [], "excluded_lines": []}, "": {"executed_lines": [1, 7, 9, 11, 12, 14, 17, 18, 20, 28, 47, 48, 50, 58], "summary": {"covered_lines": 11, "num_statements": 11, "percent_covered": 100.0, "percent_covered_display": "100", "missing_lines": 0, "excluded_lines": 0}, "missing_lines": [], "excluded_lines": []}}, "classes": {"GetAgentQuery": {"executed_lines": [26, 38, 41, 42, 44], "summary": {"covered_lines": 5, "num_statements": 5, "percent_covered": 100.0, "percent_covered_display": "100", "missing_lines": 0, "excluded_lines": 0}, "missing_lines": [], "excluded_lines": []}, "ListAgentsQuery": {"executed_lines": [56, 79, 80, 81, 82, 85, 88, 93, 96, 98], "summary": {"covered_lines": 10, "num_statements": 10, "percent_covered": 100.0, "percent_covered_display": "100", "missing_lines": 0, "excluded_lines": 0}, "missing_lines": [], "excluded_lines": []}, "": {"executed_lines": [1, 7, 9, 11, 12, 14, 17, 18, 20, 28, 47, 48, 50, 58], "summary": {"covered_lines": 11, "num_statements": 11, "percent_covered": 100.0, "percent_covered_display": "100", "missing_lines": 0, "excluded_lines": 0}, "missing_lines": [], "excluded_lines": []}}}, "src/application/queries/get_audit.py": {"executed_lines": [1, 7, 9, 10, 12, 15, 16, 18, 24, 26, 39, 41, 45, 48, 51, 54, 57, 59, 67, 78, 79, 87, 88, 97, 98, 99, 107, 116, 118, 127, 128], "summary": {"covered_lines": 29, "num_statements": 34, "percent_covered": 85.29411764705883, "percent_covered_display": "85", "missing_lines": 5, "excluded_lines": 0}, "missing_lines": [40, 42, 80, 108, 130], "excluded_lines": [], "functions": {"GetAuditEntriesQuery.__init__": {"executed_lines": [24], "summary": {"covered_lines": 1, "num_statements": 1, "percent_covered": 100.0, "percent_covered_display": "100", "missing_lines": 0, "excluded_lines": 0}, "missing_lines": [], "excluded_lines": []}, "GetAuditEntriesQuery.execute": {"executed_lines": [39, 41, 45, 48, 51, 54, 57, 59], "summary": {"covered_lines": 8, "num_statements": 10, "percent_covered": 80.0, "percent_covered_display": "80", "missing_lines": 2, "excluded_lines": 0}, "missing_lines": [40, 42], "excluded_lines": []}, "GetAuditEntriesQuery._query_with_filters": {"executed_lines": [78, 79, 87, 88, 97, 98, 99, 107, 116], "summary": {"covered_lines": 9, "num_statements": 11, "percent_covered": 81.81818181818181, "percent_covered_display": "82", "missing_lines": 2, "excluded_lines": 0}, "missing_lines": [80, 108], "excluded_lines": []}, "GetAuditEntriesQuery._count_with_filters": {"executed_lines": [127, 128], "summary": {"covered_lines": 2, "num_statements": 3, "percent_covered": 66.66666666666667, "percent_covered_display": "67", "missing_lines": 1, "excluded_lines": 0}, "missing_lines": [130], "excluded_lines": []}, "": {"executed_lines": [1, 7, 9, 10, 12, 15, 16, 18, 26, 67, 118], "summary": {"covered_lines": 9, "num_statements": 9, "percent_covered": 100.0, "percent_covered_display": "100", "missing_lines": 0, "excluded_lines": 0}, "missing_lines": [], "excluded_lines": []}}, "classes": {"GetAuditEntriesQuery": {"executed_lines": [24, 39, 41, 45, 48, 51, 54, 57, 59, 78, 79, 87, 88, 97, 98, 99, 107, 116, 127, 128], "summary": {"covered_lines": 20, "num_statements": 25, "percent_covered": 80.0, "percent_covered_display": "80", "missing_lines": 5, "excluded_lines": 0}, "missing_lines": [40, 42, 80, 108, 130], "excluded_lines": []}, "": {"executed_lines": [1, 7, 9, 10, 12, 15, 16, 18, 26, 67, 118], "summary": {"covered_lines": 9, "num_statements": 9, "percent_covered": 100.0, "percent_covered_display": "100", "missing_lines": 0, "excluded_lines": 0}, "missing_lines": [], "excluded_lines": []}}}, "src/application/queries/get_policy.py": {"executed_lines": [1, 7, 9, 11, 12, 14, 17, 18, 20, 26, 28, 38, 41, 42, 44, 47, 48, 50, 56, 58, 79, 81, 85, 88, 93, 96, 98], "summary": {"covered_lines": 24, "num_statements": 26, "percent_covered": 92.3076923076923, "percent_covered_display": "92", "missing_lines": 2, "excluded_lines": 0}, "missing_lines": [80, 82], "excluded_lines": [], "functions": {"GetPolicyQuery.__init__": {"executed_lines": [26], "summary": {"covered_lines": 1, "num_statements": 1, "percent_covered": 100.0, "percent_covered_display": "100", "missing_lines": 0, "excluded_lines": 0}, "missing_lines": [], "excluded_lines": []}, "GetPolicyQuery.execute": {"executed_lines": [38, 41, 42, 44], "summary": {"covered_lines": 4, "num_statements": 4, "percent_covered": 100.0, "percent_covered_display": "100", "missing_lines": 0, "excluded_lines": 0}, "missing_lines": [], "excluded_lines": []}, "ListPoliciesQuery.__init__": {"executed_lines": [56], "summary": {"covered_lines": 1, "num_statements": 1, "percent_covered": 100.0, "percent_covered_display": "100", "missing_lines": 0, "excluded_lines": 0}, "missing_lines": [], "excluded_lines": []}, "ListPoliciesQuery.execute": {"executed_lines": [79, 81, 85, 88, 93, 96, 98], "summary": {"covered_lines": 7, "num_statements": 9, "percent_covered": 77.77777777777777, "percent_covered_display": "78", "missing_lines": 2, "excluded_lines": 0}, "missing_lines": [80, 82], "excluded_lines": []}, "": {"executed_lines": [1, 7, 9, 11, 12, 14, 17, 18, 20, 28, 47, 48, 50, 58], "summary": {"covered_lines": 11, "num_statements": 11, "percent_covered": 100.0, "percent_covered_display": "100", "missing_lines": 0, "excluded_lines": 0}, "missing_lines": [], "excluded_lines": []}}, "classes": {"GetPolicyQuery": {"executed_lines": [26, 38, 41, 42, 44], "summary": {"covered_lines": 5, "num_statements": 5, "percent_covered": 100.0, "percent_covered_display": "100", "missing_lines": 0, "excluded_lines": 0}, "missing_lines": [], "excluded_lines": []}, "ListPoliciesQuery": {"executed_lines": [56, 79, 81, 85, 88, 93, 96, 98], "summary": {"covered_lines": 8, "num_statements": 10, "percent_covered": 80.0, "percent_covered_display": "80", "missing_lines": 2, "excluded_lines": 0}, "missing_lines": [80, 82], "excluded_lines": []}, "": {"executed_lines": [1, 7, 9, 11, 12, 14, 17, 18, 20, 28, 47, 48, 50, 58], "summary": {"covered_lines": 11, "num_statements": 11, "percent_covered": 100.0, "percent_covered_display": "100", "missing_lines": 0, "excluded_lines": 0}, "missing_lines": [], "excluded_lines": []}}}, "src/application/queries/temporal_analytics.py": {"executed_lines": [1, 3, 4, 5, 6, 8, 9, 10, 11, 12, 15, 16, 18, 19, 20, 21, 22, 23, 24, 25, 26, 27, 28, 31, 32, 34, 43, 44, 46, 60, 61, 62, 63, 64, 66, 70, 71, 73, 75, 77, 78, 80, 81, 83, 84, 86, 87, 88, 89, 90, 91, 94, 95, 96, 98, 100, 104, 105, 106, 108, 112, 113, 114, 116, 118, 121, 122, 124, 128, 131, 134, 138, 142, 145, 146, 148, 150, 152, 153, 154, 158, 159, 160, 164, 165, 168, 169, 180, 181, 182, 191, 193, 197, 201, 202, 203, 205, 206, 207, 209, 210, 212, 214, 216, 218, 219, 221, 222, 226, 235, 236, 238, 242], "summary": {"covered_lines": 110, "num_statements": 116, "percent_covered": 94.82758620689656, "percent_covered_display": "95", "missing_lines": 6, "excluded_lines": 0}, "missing_lines": [119, 129, 143, 170, 198, 199], "excluded_lines": [], "functions": {"TemporalAnalyticsQuery.__init__": {"executed_lines": [43, 44], "summary": {"covered_lines": 2, "num_statements": 2, "percent_covered": 100.0, "percent_covered_display": "100", "missing_lines": 0, "excluded_lines": 0}, "missing_lines": [], "excluded_lines": []}, "TemporalAnalyticsQuery.execute": {"executed_lines": [60, 61, 62, 63, 64, 66, 70, 71, 73, 75, 77, 78, 80, 81, 83, 84, 86, 87, 88, 89, 90, 91, 94, 95, 96, 98], "summary": {"covered_lines": 26, "num_statements": 26, "percent_covered": 100.0, "percent_covered_display": "100", "missing_lines": 0, "excluded_lines": 0}, "missing_lines": [], "excluded_lines": []}, "TemporalAnalyticsQuery._analyze_hourly_distribution": {"executed_lines": [104, 105, 106], "summary": {"covered_lines": 3, "num_statements": 3, "percent_covered": 100.0, "percent_covered_display": "100", "missing_lines": 0, "excluded_lines": 0}, "missing_lines": [], "excluded_lines": []}, "TemporalAnalyticsQuery._analyze_daily_distribution": {"executed_lines": [112, 113, 114], "summary": {"covered_lines": 3, "num_statements": 3, "percent_covered": 100.0, "percent_covered_display": "100", "missing_lines": 0, "excluded_lines": 0}, "missing_lines": [], "excluded_lines": []}, "TemporalAnalyticsQuery._identify_peak_hours": {"executed_lines": [118, 121, 122], "summary": {"covered_lines": 3, "num_statements": 4, "percent_covered": 75.0, "percent_covered_display": "75", "missing_lines": 1, "excluded_lines": 0}, "missing_lines": [119], "excluded_lines": []}, "TemporalAnalyticsQuery._calculate_off_hours_activity": {"executed_lines": [128, 131, 134], "summary": {"covered_lines": 3, "num_statements": 4, "percent_covered": 75.0, "percent_covered_display": "75", "missing_lines": 1, "excluded_lines": 0}, "missing_lines": [129], "excluded_lines": []}, "TemporalAnalyticsQuery._calculate_weekend_activity": {"executed_lines": [142, 145, 146], "summary": {"covered_lines": 3, "num_statements": 4, "percent_covered": 75.0, "percent_covered_display": "75", "missing_lines": 1, "excluded_lines": 0}, "missing_lines": [143], "excluded_lines": []}, "TemporalAnalyticsQuery._detect_anomalies": {"executed_lines": [150, 152, 153, 154, 158, 159, 160, 164, 165, 168, 169, 180, 181, 182, 191], "summary": {"covered_lines": 15, "num_statements": 16, "percent_covered": 93.75, "percent_covered_display": "94", "missing_lines": 1, "excluded_lines": 0}, "missing_lines": [170], "excluded_lines": []}, "TemporalAnalyticsQuery._calculate_compliance_score": {"executed_lines": [197, 201, 202, 203, 205, 206, 207, 209, 210, 212], "summary": {"covered_lines": 10, "num_statements": 12, "percent_covered": 83.33333333333333, "percent_covered_display": "83", "missing_lines": 2, "excluded_lines": 0}, "missing_lines": [198, 199], "excluded_lines": []}, "TemporalAnalyticsQuery._identify_top_domains": {"executed_lines": [216, 218, 219, 221, 222], "summary": {"covered_lines": 5, "num_statements": 5, "percent_covered": 100.0, "percent_covered_display": "100", "missing_lines": 0, "excluded_lines": 0}, "missing_lines": [], "excluded_lines": []}, "TemporalAnalyticsQuery._is_production_domain": {"executed_lines": [235, 236], "summary": {"covered_lines": 2, "num_statements": 2, "percent_covered": 100.0, "percent_covered_display": "100", "missing_lines": 0, "excluded_lines": 0}, "missing_lines": [], "excluded_lines": []}, "TemporalAnalyticsQuery._empty_pattern": {"executed_lines": [242], "summary": {"covered_lines": 1, "num_statements": 1, "percent_covered": 100.0, "percent_covered_display": "100", "missing_lines": 0, "excluded_lines": 0}, "missing_lines": [], "excluded_lines": []}, "": {"executed_lines": [1, 3, 4, 5, 6, 8, 9, 10, 11, 12, 15, 16, 18, 19, 20, 21, 22, 23, 24, 25, 26, 27, 28, 31, 32, 34, 46, 100, 108, 116, 124, 138, 148, 193, 214, 226, 238], "summary": {"covered_lines": 34, "num_statements": 34, "percent_covered": 100.0, "percent_covered_display": "100", "missing_lines": 0, "excluded_lines": 0}, "missing_lines": [], "excluded_lines": []}}, "classes": {"TemporalPattern": {"executed_lines": [], "summary": {"covered_lines": 0, "num_statements": 0, "percent_covered": 100.0, "percent_covered_display": "100", "missing_lines": 0, "excluded_lines": 0}, "missing_lines": [], "excluded_lines": []}, "TemporalAnalyticsQuery": {"executed_lines": [43, 44, 60, 61, 62, 63, 64, 66, 70, 71, 73, 75, 77, 78, 80, 81, 83, 84, 86, 87, 88, 89, 90, 91, 94, 95, 96, 98, 104, 105, 106, 112, 113, 114, 118, 121, 122, 128, 131, 134, 142, 145, 146, 150, 152, 153, 154, 158, 159, 160, 164, 165, 168, 169, 180, 181, 182, 191, 197, 201, 202, 203, 205, 206, 207, 209, 210, 212, 216, 218, 219, 221, 222, 235, 236, 242], "summary": {"covered_lines": 76, "num_statements": 82, "percent_covered": 92.6829268292683, "percent_covered_display": "93", "missing_lines": 6, "excluded_lines": 0}, "missing_lines": [119, 129, 143, 170, 198, 199], "excluded_lines": []}, "": {"executed_lines": [1, 3, 4, 5, 6, 8, 9, 10, 11, 12, 15, 16, 18, 19, 20, 21, 22, 23, 24, 25, 26, 27, 28, 31, 32, 34, 46, 100, 108, 116, 124, 138, 148, 193, 214, 226, 238], "summary": {"covered_lines": 34, "num_statements": 34, "percent_covered": 100.0, "percent_covered_display": "100", "missing_lines": 0, "excluded_lines": 0}, "missing_lines": [], "excluded_lines": []}}}, "src/chronoguard/__init__.py": {"executed_lines": [1, 3, 4, 5, 8, 9, 11], "summary": {"covered_lines": 6, "num_statements": 6, "percent_covered": 100.0, "percent_covered_display": "100", "missing_lines": 0, "excluded_lines": 0}, "missing_lines": [], "excluded_lines": [], "functions": {"": {"executed_lines": [1, 3, 4, 5, 8, 9, 11], "summary": {"covered_lines": 6, "num_statements": 6, "percent_covered": 100.0, "percent_covered_display": "100", "missing_lines": 0, "excluded_lines": 0}, "missing_lines": [], "excluded_lines": []}}, "classes": {"": {"executed_lines": [1, 3, 4, 5, 8, 9, 11], "summary": {"covered_lines": 6, "num_statements": 6, "percent_covered": 100.0, "percent_covered_display": "100", "missing_lines": 0, "excluded_lines": 0}, "missing_lines": [], "excluded_lines": []}}}, "src/core/__init__.py": {"executed_lines": [0], "summary": {"covered_lines": 0, "num_statements": 0, "percent_covered": 100.0, "percent_covered_display": "100", "missing_lines": 0, "excluded_lines": 0}, "missing_lines": [], "excluded_lines": [], "functions": {"": {"executed_lines": [], "summary": {"covered_lines": 0, "num_statements": 0, "percent_covered": 100.0, "percent_covered_display": "100", "missing_lines": 0, "excluded_lines": 0}, "missing_lines": [], "excluded_lines": []}}, "classes": {"": {"executed_lines": [], "summary": {"covered_lines": 0, "num_statements": 0, "percent_covered": 100.0, "percent_covered_display": "100", "missing_lines": 0, "excluded_lines": 0}, "missing_lines": [], "excluded_lines": []}}}, "src/core/celery_app.py": {"executed_lines": [1, 23, 25, 26, 27, 29, 30, 31, 39, 40, 43, 44, 46, 53, 81, 106, 107, 109, 120, 127, 144, 152, 169, 178, 182, 183, 190, 196, 197, 204, 210, 211, 223, 226, 227, 247, 255, 256, 264, 265, 270, 271, 293, 294, 303, 304, 320, 321, 329, 330, 341, 342, 346, 349, 367, 368, 369, 372, 374, 380, 381, 382, 385, 388, 405, 406, 409, 410, 412, 418, 419, 420, 423, 429, 446, 447, 450, 451, 453, 459, 460, 461, 464, 470, 488, 489, 492, 494, 500, 501, 502, 505, 506, 520, 521, 524, 525, 526, 528, 529, 531, 538, 539, 540, 549, 550, 572, 581, 584, 585, 588, 591, 592, 593, 595, 599, 610, 621, 624, 631, 632, 636, 637], "summary": {"covered_lines": 121, "num_statements": 121, "percent_covered": 100.0, "percent_covered_display": "100", "missing_lines": 0, "excluded_lines": 0}, "missing_lines": [], "excluded_lines": [], "functions": {"LoggingTask.on_success": {"executed_lines": [120], "summary": {"covered_lines": 1, "num_statements": 1, "percent_covered": 100.0, "percent_covered_display": "100", "missing_lines": 0, "excluded_lines": 0}, "missing_lines": [], "excluded_lines": []}, "LoggingTask.on_failure": {"executed_lines": [144], "summary": {"covered_lines": 1, "num_statements": 1, "percent_covered": 100.0, "percent_covered_display": "100", "missing_lines": 0, "excluded_lines": 0}, "missing_lines": [], "excluded_lines": []}, "LoggingTask.on_retry": {"executed_lines": [169], "summary": {"covered_lines": 1, "num_statements": 1, "percent_covered": 100.0, "percent_covered_display": "100", "missing_lines": 0, "excluded_lines": 0}, "missing_lines": [], "excluded_lines": []}, "worker_ready_handler": {"executed_lines": [190], "summary": {"covered_lines": 1, "num_statements": 1, "percent_covered": 100.0, "percent_covered_display": "100", "missing_lines": 0, "excluded_lines": 0}, "missing_lines": [], "excluded_lines": []}, "worker_shutdown_handler": {"executed_lines": [204], "summary": {"covered_lines": 1, "num_statements": 1, "percent_covered": 100.0, "percent_covered_display": "100", "missing_lines": 0, "excluded_lines": 0}, "missing_lines": [], "excluded_lines": []}, "task_prerun_handler": {"executed_lines": [223], "summary": {"covered_lines": 1, "num_statements": 1, "percent_covered": 100.0, "percent_covered_display": "100", "missing_lines": 0, "excluded_lines": 0}, "missing_lines": [], "excluded_lines": []}, "task_postrun_handler": {"executed_lines": [247], "summary": {"covered_lines": 1, "num_statements": 1, "percent_covered": 100.0, "percent_covered_display": "100", "missing_lines": 0, "excluded_lines": 0}, "missing_lines": [], "excluded_lines": []}, "task_success_handler": {"executed_lines": [264, 265], "summary": {"covered_lines": 2, "num_statements": 2, "percent_covered": 100.0, "percent_covered_display": "100", "missing_lines": 0, "excluded_lines": 0}, "missing_lines": [], "excluded_lines": []}, "task_failure_handler": {"executed_lines": [293, 294], "summary": {"covered_lines": 2, "num_statements": 2, "percent_covered": 100.0, "percent_covered_display": "100", "missing_lines": 0, "excluded_lines": 0}, "missing_lines": [], "excluded_lines": []}, "task_retry_handler": {"executed_lines": [320, 321], "summary": {"covered_lines": 2, "num_statements": 2, "percent_covered": 100.0, "percent_covered_display": "100", "missing_lines": 0, "excluded_lines": 0}, "missing_lines": [], "excluded_lines": []}, "after_task_publish_handler": {"executed_lines": [341, 342], "summary": {"covered_lines": 2, "num_statements": 2, "percent_covered": 100.0, "percent_covered_display": "100", "missing_lines": 0, "excluded_lines": 0}, "missing_lines": [], "excluded_lines": []}, "cleanup_old_audit_logs": {"executed_lines": [367, 368, 369, 372, 374, 380, 381, 382], "summary": {"covered_lines": 8, "num_statements": 8, "percent_covered": 100.0, "percent_covered_display": "100", "missing_lines": 0, "excluded_lines": 0}, "missing_lines": [], "excluded_lines": []}, "compile_active_policies": {"executed_lines": [405, 406, 409, 410, 412, 418, 419, 420], "summary": {"covered_lines": 8, "num_statements": 8, "percent_covered": 100.0, "percent_covered_display": "100", "missing_lines": 0, "excluded_lines": 0}, "missing_lines": [], "excluded_lines": []}, "refresh_agent_certificates": {"executed_lines": [446, 447, 450, 451, 453, 459, 460, 461], "summary": {"covered_lines": 8, "num_statements": 8, "percent_covered": 100.0, "percent_covered_display": "100", "missing_lines": 0, "excluded_lines": 0}, "missing_lines": [], "excluded_lines": []}, "generate_analytics_report": {"executed_lines": [488, 489, 492, 494, 500, 501, 502], "summary": {"covered_lines": 7, "num_statements": 7, "percent_covered": 100.0, "percent_covered_display": "100", "missing_lines": 0, "excluded_lines": 0}, "missing_lines": [], "excluded_lines": []}, "health_check_workers": {"executed_lines": [520, 521, 524, 525, 526, 528, 529, 531, 538, 539, 540], "summary": {"covered_lines": 11, "num_statements": 11, "percent_covered": 100.0, "percent_covered_display": "100", "missing_lines": 0, "excluded_lines": 0}, "missing_lines": [], "excluded_lines": []}, "async_audit_export": {"executed_lines": [572, 581, 584, 585, 588, 591, 592, 593, 595, 599], "summary": {"covered_lines": 10, "num_statements": 10, "percent_covered": 100.0, "percent_covered_display": "100", "missing_lines": 0, "excluded_lines": 0}, "missing_lines": [], "excluded_lines": []}, "get_celery_app": {"executed_lines": [621], "summary": {"covered_lines": 1, "num_statements": 1, "percent_covered": 100.0, "percent_covered_display": "100", "missing_lines": 0, "excluded_lines": 0}, "missing_lines": [], "excluded_lines": []}, "graceful_shutdown": {"executed_lines": [631, 632], "summary": {"covered_lines": 2, "num_statements": 2, "percent_covered": 100.0, "percent_covered_display": "100", "missing_lines": 0, "excluded_lines": 0}, "missing_lines": [], "excluded_lines": []}, "": {"executed_lines": [1, 23, 25, 26, 27, 29, 30, 31, 39, 40, 43, 44, 46, 53, 81, 106, 107, 109, 127, 152, 178, 182, 183, 196, 197, 210, 211, 226, 227, 255, 256, 270, 271, 303, 304, 329, 330, 346, 349, 385, 388, 423, 429, 464, 470, 505, 506, 549, 550, 610, 624, 636, 637], "summary": {"covered_lines": 51, "num_statements": 51, "percent_covered": 100.0, "percent_covered_display": "100", "missing_lines": 0, "excluded_lines": 0}, "missing_lines": [], "excluded_lines": []}}, "classes": {"LoggingTask": {"executed_lines": [120, 144, 169], "summary": {"covered_lines": 3, "num_statements": 3, "percent_covered": 100.0, "percent_covered_display": "100", "missing_lines": 0, "excluded_lines": 0}, "missing_lines": [], "excluded_lines": []}, "": {"executed_lines": [1, 23, 25, 26, 27, 29, 30, 31, 39, 40, 43, 44, 46, 53, 81, 106, 107, 109, 127, 152, 178, 182, 183, 190, 196, 197, 204, 210, 211, 223, 226, 227, 247, 255, 256, 264, 265, 270, 271, 293, 294, 303, 304, 320, 321, 329, 330, 341, 342, 346, 349, 367, 368, 369, 372, 374, 380, 381, 382, 385, 388, 405, 406, 409, 410, 412, 418, 419, 420, 423, 429, 446, 447, 450, 451, 453, 459, 460, 461, 464, 470, 488, 489, 492, 494, 500, 501, 502, 505, 506, 520, 521, 524, 525, 526, 528, 529, 531, 538, 539, 540, 549, 550, 572, 581, 584, 585, 588, 591, 592, 593, 595, 599, 610, 621, 624, 631, 632, 636, 637], "summary": {"covered_lines": 118, "num_statements": 118, "percent_covered": 100.0, "percent_covered_display": "100", "missing_lines": 0, "excluded_lines": 0}, "missing_lines": [], "excluded_lines": []}}}, "src/core/config.py": {"executed_lines": [1, 7, 9, 10, 11, 13, 14, 17, 18, 20, 22, 23, 24, 25, 26, 27, 28, 29, 30, 33, 35, 36, 42, 44, 45, 51, 54, 55, 57, 59, 60, 61, 62, 63, 66, 67, 68, 70, 71, 77, 78, 79, 82, 83, 85, 87, 88, 91, 92, 93, 96, 97, 98, 99, 102, 105, 108, 113, 114, 116, 118, 122, 123, 126, 129, 132, 135, 138, 139, 142, 145, 146, 147, 148, 149, 151, 152, 153, 165, 166, 167, 170, 171, 173, 175, 176, 180, 181, 185, 186, 187, 188, 189, 193, 194, 198, 201, 204, 209, 210, 212, 215, 216, 217, 218, 219, 222, 223, 226, 227, 228, 231, 233, 234, 235, 247, 248, 249, 250, 253, 254, 256, 259, 262, 263, 264, 267, 268, 271, 274, 275, 278, 279, 281, 283, 284, 289, 290, 291, 292, 293, 295, 296, 297, 309, 310, 311, 312, 315, 316, 318, 327, 331, 334, 335, 336, 337, 338, 339, 340, 341, 343, 344, 345, 357, 358, 359, 360, 362, 368, 370, 376, 378, 384, 386, 398, 399, 400, 402, 411, 414, 415, 416, 420, 425, 426, 428, 433, 438, 442, 445, 452, 453, 454, 457, 464, 467, 474, 475], "summary": {"covered_lines": 189, "num_statements": 192, "percent_covered": 98.4375, "percent_covered_display": "98", "missing_lines": 3, "excluded_lines": 0}, "missing_lines": [421, 429, 434], "excluded_lines": [], "functions": {"DatabaseSettings.async_url": {"executed_lines": [42], "summary": {"covered_lines": 1, "num_statements": 1, "percent_covered": 100.0, "percent_covered_display": "100", "missing_lines": 0, "excluded_lines": 0}, "missing_lines": [], "excluded_lines": []}, "DatabaseSettings.sync_url": {"executed_lines": [51], "summary": {"covered_lines": 1, "num_statements": 1, "percent_covered": 100.0, "percent_covered_display": "100", "missing_lines": 0, "excluded_lines": 0}, "missing_lines": [], "excluded_lines": []}, "RedisSettings.url": {"executed_lines": [77, 78, 79], "summary": {"covered_lines": 3, "num_statements": 3, "percent_covered": 100.0, "percent_covered_display": "100", "missing_lines": 0, "excluded_lines": 0}, "missing_lines": [], "excluded_lines": []}, "SecuritySettings.validate_secret_key": {"executed_lines": [165, 166, 167], "summary": {"covered_lines": 3, "num_statements": 3, "percent_covered": 100.0, "percent_covered_display": "100", "missing_lines": 0, "excluded_lines": 0}, "missing_lines": [], "excluded_lines": []}, "ObservabilitySettings.validate_log_level": {"executed_lines": [247, 248, 249, 250], "summary": {"covered_lines": 4, "num_statements": 4, "percent_covered": 100.0, "percent_covered_display": "100", "missing_lines": 0, "excluded_lines": 0}, "missing_lines": [], "excluded_lines": []}, "StorageSettings.validate_backend": {"executed_lines": [309, 310, 311, 312], "summary": {"covered_lines": 4, "num_statements": 4, "percent_covered": 100.0, "percent_covered_display": "100", "missing_lines": 0, "excluded_lines": 0}, "missing_lines": [], "excluded_lines": []}, "Settings.validate_environment": {"executed_lines": [357, 358, 359, 360], "summary": {"covered_lines": 4, "num_statements": 4, "percent_covered": 100.0, "percent_covered_display": "100", "missing_lines": 0, "excluded_lines": 0}, "missing_lines": [], "excluded_lines": []}, "Settings.is_production": {"executed_lines": [368], "summary": {"covered_lines": 1, "num_statements": 1, "percent_covered": 100.0, "percent_covered_display": "100", "missing_lines": 0, "excluded_lines": 0}, "missing_lines": [], "excluded_lines": []}, "Settings.is_development": {"executed_lines": [376], "summary": {"covered_lines": 1, "num_statements": 1, "percent_covered": 100.0, "percent_covered_display": "100", "missing_lines": 0, "excluded_lines": 0}, "missing_lines": [], "excluded_lines": []}, "Settings.is_testing": {"executed_lines": [384], "summary": {"covered_lines": 1, "num_statements": 1, "percent_covered": 100.0, "percent_covered_display": "100", "missing_lines": 0, "excluded_lines": 0}, "missing_lines": [], "excluded_lines": []}, "Settings.get_component_config": {"executed_lines": [398, 399, 400], "summary": {"covered_lines": 3, "num_statements": 3, "percent_covered": 100.0, "percent_covered_display": "100", "missing_lines": 0, "excluded_lines": 0}, "missing_lines": [], "excluded_lines": []}, "Settings.validate_required_settings": {"executed_lines": [411, 414, 415, 416, 420, 425, 426, 428, 433, 438], "summary": {"covered_lines": 10, "num_statements": 13, "percent_covered": 76.92307692307692, "percent_covered_display": "77", "missing_lines": 3, "excluded_lines": 0}, "missing_lines": [421, 429, 434], "excluded_lines": []}, "get_settings": {"executed_lines": [452, 453, 454], "summary": {"covered_lines": 3, "num_statements": 3, "percent_covered": 100.0, "percent_covered_display": "100", "missing_lines": 0, "excluded_lines": 0}, "missing_lines": [], "excluded_lines": []}, "configure_settings": {"executed_lines": [464], "summary": {"covered_lines": 1, "num_statements": 1, "percent_covered": 100.0, "percent_covered_display": "100", "missing_lines": 0, "excluded_lines": 0}, "missing_lines": [], "excluded_lines": []}, "reload_settings": {"executed_lines": [474, 475], "summary": {"covered_lines": 2, "num_statements": 2, "percent_covered": 100.0, "percent_covered_display": "100", "missing_lines": 0, "excluded_lines": 0}, "missing_lines": [], "excluded_lines": []}, "": {"executed_lines": [1, 7, 9, 10, 11, 13, 14, 17, 18, 20, 22, 23, 24, 25, 26, 27, 28, 29, 30, 33, 35, 36, 44, 45, 54, 55, 57, 59, 60, 61, 62, 63, 66, 67, 68, 70, 71, 82, 83, 85, 87, 88, 91, 92, 93, 96, 97, 98, 99, 102, 105, 108, 113, 114, 116, 118, 122, 123, 126, 129, 132, 135, 138, 139, 142, 145, 146, 147, 148, 149, 151, 152, 153, 170, 171, 173, 175, 176, 180, 181, 185, 186, 187, 188, 189, 193, 194, 198, 201, 204, 209, 210, 212, 215, 216, 217, 218, 219, 222, 223, 226, 227, 228, 231, 233, 234, 235, 253, 254, 256, 259, 262, 263, 264, 267, 268, 271, 274, 275, 278, 279, 281, 283, 284, 289, 290, 291, 292, 293, 295, 296, 297, 315, 316, 318, 327, 331, 334, 335, 336, 337, 338, 339, 340, 341, 343, 344, 345, 362, 370, 378, 386, 402, 442, 445, 457, 467], "summary": {"covered_lines": 147, "num_statements": 147, "percent_covered": 100.0, "percent_covered_display": "100", "missing_lines": 0, "excluded_lines": 0}, "missing_lines": [], "excluded_lines": []}}, "classes": {"DatabaseSettings": {"executed_lines": [42, 51], "summary": {"covered_lines": 2, "num_statements": 2, "percent_covered": 100.0, "percent_covered_display": "100", "missing_lines": 0, "excluded_lines": 0}, "missing_lines": [], "excluded_lines": []}, "RedisSettings": {"executed_lines": [77, 78, 79], "summary": {"covered_lines": 3, "num_statements": 3, "percent_covered": 100.0, "percent_covered_display": "100", "missing_lines": 0, "excluded_lines": 0}, "missing_lines": [], "excluded_lines": []}, "CelerySettings": {"executed_lines": [], "summary": {"covered_lines": 0, "num_statements": 0, "percent_covered": 100.0, "percent_covered_display": "100", "missing_lines": 0, "excluded_lines": 0}, "missing_lines": [], "excluded_lines": []}, "SecuritySettings": {"executed_lines": [165, 166, 167], "summary": {"covered_lines": 3, "num_statements": 3, "percent_covered": 100.0, "percent_covered_display": "100", "missing_lines": 0, "excluded_lines": 0}, "missing_lines": [], "excluded_lines": []}, "APISettings": {"executed_lines": [], "summary": {"covered_lines": 0, "num_statements": 0, "percent_covered": 100.0, "percent_covered_display": "100", "missing_lines": 0, "excluded_lines": 0}, "missing_lines": [], "excluded_lines": []}, "ObservabilitySettings": {"executed_lines": [247, 248, 249, 250], "summary": {"covered_lines": 4, "num_statements": 4, "percent_covered": 100.0, "percent_covered_display": "100", "missing_lines": 0, "excluded_lines": 0}, "missing_lines": [], "excluded_lines": []}, "ProxySettings": {"executed_lines": [], "summary": {"covered_lines": 0, "num_statements": 0, "percent_covered": 100.0, "percent_covered_display": "100", "missing_lines": 0, "excluded_lines": 0}, "missing_lines": [], "excluded_lines": []}, "StorageSettings": {"executed_lines": [309, 310, 311, 312], "summary": {"covered_lines": 4, "num_statements": 4, "percent_covered": 100.0, "percent_covered_display": "100", "missing_lines": 0, "excluded_lines": 0}, "missing_lines": [], "excluded_lines": []}, "Settings": {"executed_lines": [357, 358, 359, 360, 368, 376, 384, 398, 399, 400, 411, 414, 415, 416, 420, 425, 426, 428, 433, 438], "summary": {"covered_lines": 20, "num_statements": 23, "percent_covered": 86.95652173913044, "percent_covered_display": "87", "missing_lines": 3, "excluded_lines": 0}, "missing_lines": [421, 429, 434], "excluded_lines": []}, "": {"executed_lines": [1, 7, 9, 10, 11, 13, 14, 17, 18, 20, 22, 23, 24, 25, 26, 27, 28, 29, 30, 33, 35, 36, 44, 45, 54, 55, 57, 59, 60, 61, 62, 63, 66, 67, 68, 70, 71, 82, 83, 85, 87, 88, 91, 92, 93, 96, 97, 98, 99, 102, 105, 108, 113, 114, 116, 118, 122, 123, 126, 129, 132, 135, 138, 139, 142, 145, 146, 147, 148, 149, 151, 152, 153, 170, 171, 173, 175, 176, 180, 181, 185, 186, 187, 188, 189, 193, 194, 198, 201, 204, 209, 210, 212, 215, 216, 217, 218, 219, 222, 223, 226, 227, 228, 231, 233, 234, 235, 253, 254, 256, 259, 262, 263, 264, 267, 268, 271, 274, 275, 278, 279, 281, 283, 284, 289, 290, 291, 292, 293, 295, 296, 297, 315, 316, 318, 327, 331, 334, 335, 336, 337, 338, 339, 340, 341, 343, 344, 345, 362, 370, 378, 386, 402, 442, 445, 452, 453, 454, 457, 464, 467, 474, 475], "summary": {"covered_lines": 153, "num_statements": 153, "percent_covered": 100.0, "percent_covered_display": "100", "missing_lines": 0, "excluded_lines": 0}, "missing_lines": [], "excluded_lines": []}}}, "src/core/container.py": {"executed_lines": [1, 3, 5, 6, 7, 9, 11, 14, 15, 17, 23, 24, 25, 26, 28, 41, 44, 46, 47, 48, 50, 63, 66, 68, 69, 70, 72, 86, 87, 88, 91, 97, 98, 101, 102, 103, 104, 106, 108, 117, 118, 120, 126, 128, 134, 136, 137, 138, 140, 143, 144, 146, 152, 153, 155, 156, 158, 160, 176, 177, 179, 195, 196, 198, 207, 209, 218, 220, 226, 239, 240, 242, 245, 246, 248, 252, 255, 262, 264, 267, 268, 277, 280, 292, 294, 295], "summary": {"covered_lines": 81, "num_statements": 84, "percent_covered": 96.42857142857143, "percent_covered_display": "96", "missing_lines": 3, "excluded_lines": 0}, "missing_lines": [121, 122, 263], "excluded_lines": [], "functions": {"ServiceRegistry.__init__": {"executed_lines": [23, 24, 25, 26], "summary": {"covered_lines": 4, "num_statements": 4, "percent_covered": 100.0, "percent_covered_display": "100", "missing_lines": 0, "excluded_lines": 0}, "missing_lines": [], "excluded_lines": []}, "ServiceRegistry.register_singleton": {"executed_lines": [41, 44, 46, 47, 48], "summary": {"covered_lines": 5, "num_statements": 5, "percent_covered": 100.0, "percent_covered_display": "100", "missing_lines": 0, "excluded_lines": 0}, "missing_lines": [], "excluded_lines": []}, "ServiceRegistry.register_factory": {"executed_lines": [63, 66, 68, 69, 70], "summary": {"covered_lines": 5, "num_statements": 5, "percent_covered": 100.0, "percent_covered_display": "100", "missing_lines": 0, "excluded_lines": 0}, "missing_lines": [], "excluded_lines": []}, "ServiceRegistry.get": {"executed_lines": [86, 87, 88, 91, 97, 98, 101, 102, 103, 104, 106], "summary": {"covered_lines": 11, "num_statements": 11, "percent_covered": 100.0, "percent_covered_display": "100", "missing_lines": 0, "excluded_lines": 0}, "missing_lines": [], "excluded_lines": []}, "ServiceRegistry.is_registered": {"executed_lines": [117, 118, 120, 126], "summary": {"covered_lines": 4, "num_statements": 6, "percent_covered": 66.66666666666667, "percent_covered_display": "67", "missing_lines": 2, "excluded_lines": 0}, "missing_lines": [121, 122], "excluded_lines": []}, "ServiceRegistry.get_registered_services": {"executed_lines": [134, 136, 137, 138, 140], "summary": {"covered_lines": 5, "num_statements": 5, "percent_covered": 100.0, "percent_covered_display": "100", "missing_lines": 0, "excluded_lines": 0}, "missing_lines": [], "excluded_lines": []}, "DependencyContainer.__init__": {"executed_lines": [152, 153], "summary": {"covered_lines": 2, "num_statements": 2, "percent_covered": 100.0, "percent_covered_display": "100", "missing_lines": 0, "excluded_lines": 0}, "missing_lines": [], "excluded_lines": []}, "DependencyContainer.feature_manager": {"executed_lines": [158], "summary": {"covered_lines": 1, "num_statements": 1, "percent_covered": 100.0, "percent_covered_display": "100", "missing_lines": 0, "excluded_lines": 0}, "missing_lines": [], "excluded_lines": []}, "DependencyContainer.register_singleton": {"executed_lines": [176, 177], "summary": {"covered_lines": 2, "num_statements": 2, "percent_covered": 100.0, "percent_covered_display": "100", "missing_lines": 0, "excluded_lines": 0}, "missing_lines": [], "excluded_lines": []}, "DependencyContainer.register_factory": {"executed_lines": [195, 196], "summary": {"covered_lines": 2, "num_statements": 2, "percent_covered": 100.0, "percent_covered_display": "100", "missing_lines": 0, "excluded_lines": 0}, "missing_lines": [], "excluded_lines": []}, "DependencyContainer.get": {"executed_lines": [207], "summary": {"covered_lines": 1, "num_statements": 1, "percent_covered": 100.0, "percent_covered_display": "100", "missing_lines": 0, "excluded_lines": 0}, "missing_lines": [], "excluded_lines": []}, "DependencyContainer.is_registered": {"executed_lines": [218], "summary": {"covered_lines": 1, "num_statements": 1, "percent_covered": 100.0, "percent_covered_display": "100", "missing_lines": 0, "excluded_lines": 0}, "missing_lines": [], "excluded_lines": []}, "DependencyContainer.health_check": {"executed_lines": [226], "summary": {"covered_lines": 1, "num_statements": 1, "percent_covered": 100.0, "percent_covered_display": "100", "missing_lines": 0, "excluded_lines": 0}, "missing_lines": [], "excluded_lines": []}, "get_container": {"executed_lines": [262, 264], "summary": {"covered_lines": 2, "num_statements": 3, "percent_covered": 66.66666666666667, "percent_covered_display": "67", "missing_lines": 1, "excluded_lines": 0}, "missing_lines": [263], "excluded_lines": []}, "get_service": {"executed_lines": [277], "summary": {"covered_lines": 1, "num_statements": 1, "percent_covered": 100.0, "percent_covered_display": "100", "missing_lines": 0, "excluded_lines": 0}, "missing_lines": [], "excluded_lines": []}, "configure_container": {"executed_lines": [292, 29
[...]
_lines": [], "excluded_lines": []}}}, "src/presentation/grpc/server.py": {"executed_lines": [1, 7, 9, 10, 12, 13, 15, 19, 20, 22, 25, 26, 28, 31, 32, 34, 37, 38, 54, 65, 66, 67, 68, 70, 88, 90, 91, 92, 96, 99, 100, 101, 102, 106, 109, 110, 112, 113, 117, 119, 122, 124, 125, 126, 130, 132, 149, 151, 152, 153, 154, 157, 163, 164, 165, 166, 167, 171, 173, 174, 177, 179, 180, 182, 188, 195, 196, 197, 201, 203, 221, 223, 224, 225, 226, 230, 233, 234, 235, 236, 240, 243, 251, 253, 256, 258, 259, 263, 264, 265, 266, 270, 272, 290, 292, 293, 294, 298, 301, 302, 303, 304, 308, 311, 314, 315, 316, 317, 318, 319, 322, 324, 325, 329, 331, 334, 336, 337, 341, 350, 359, 360, 362, 363, 369, 370, 373, 375, 377, 383, 384, 385, 387, 388, 390, 392, 401, 421, 422, 428, 430, 431, 437], "summary": {"covered_lines": 137, "num_statements": 141, "percent_covered": 97.16312056737588, "percent_covered_display": "97", "missing_lines": 4, "excluded_lines": 2}, "missing_lines": [342, 343, 344, 348], "excluded_lines": [15, 16], "functions": {"GRPCAgentService.__init__": {"executed_lines": [65, 66, 67, 68], "summary": {"covered_lines": 4, "num_statements": 4, "percent_covered": 100.0, "percent_covered_display": "100", "missing_lines": 0, "excluded_lines": 0}, "missing_lines": [], "excluded_lines": []}, "GRPCAgentService.GetAgent": {"executed_lines": [88, 90, 91, 92, 96, 99, 100, 101, 102, 106, 109, 110, 112, 113, 117, 119, 122, 124, 125, 126, 130], "summary": {"covered_lines": 21, "num_statements": 21, "percent_covered": 100.0, "percent_covered_display": "100", "missing_lines": 0, "excluded_lines": 0}, "missing_lines": [], "excluded_lines": []}, "GRPCAgentService.ListAgents": {"executed_lines": [149, 151, 152, 153, 154, 157, 163, 164, 165, 166, 167, 171, 173, 174, 177, 179, 180, 182, 188, 195, 196, 197, 201], "summary": {"covered_lines": 23, "num_statements": 23, "percent_covered": 100.0, "percent_covered_display": "100", "missing_lines": 0, "excluded_lines": 0}, "missing_lines": [], "excluded_lines": []}, "GRPCAgentService.CreateAgent": {"executed_lines": [221, 223, 224, 225, 226, 230, 233, 234, 235, 236, 240, 243, 251, 253, 256, 258, 259, 263, 264, 265, 266, 270], "summary": {"covered_lines": 22, "num_statements": 22, "percent_covered": 100.0, "percent_covered_display": "100", "missing_lines": 0, "excluded_lines": 0}, "missing_lines": [], "excluded_lines": []}, "GRPCAgentService.UpdateAgent": {"executed_lines": [290, 292, 293, 294, 298, 301, 302, 303, 304, 308, 311, 314, 315, 316, 317, 318, 319, 322, 324, 325, 329, 331, 334, 336, 337, 341], "summary": {"covered_lines": 26, "num_statements": 30, "percent_covered": 86.66666666666667, "percent_covered_display": "87", "missing_lines": 4, "excluded_lines": 0}, "missing_lines": [342, 343, 344, 348], "excluded_lines": []}, "GRPCAgentService.start": {"executed_lines": [359, 360, 362, 363, 369, 370, 373, 375], "summary": {"covered_lines": 8, "num_statements": 8, "percent_covered": 100.0, "percent_covered_display": "100", "missing_lines": 0, "excluded_lines": 0}, "missing_lines": [], "excluded_lines": []}, "GRPCAgentService.stop": {"executed_lines": [383, 384, 385, 387, 388, 390], "summary": {"covered_lines": 6, "num_statements": 6, "percent_covered": 100.0, "percent_covered_display": "100", "missing_lines": 0, "excluded_lines": 0}, "missing_lines": [], "excluded_lines": []}, "GRPCAgentService._agent_to_dict": {"executed_lines": [401], "summary": {"covered_lines": 1, "num_statements": 1, "percent_covered": 100.0, "percent_covered_display": "100", "missing_lines": 0, "excluded_lines": 0}, "missing_lines": [], "excluded_lines": []}, "GRPCAgentService.is_running": {"executed_lines": [428], "summary": {"covered_lines": 1, "num_statements": 1, "percent_covered": 100.0, "percent_covered_display": "100", "missing_lines": 0, "excluded_lines": 0}, "missing_lines": [], "excluded_lines": []}, "GRPCAgentService.port": {"executed_lines": [437], "summary": {"covered_lines": 1, "num_statements": 1, "percent_covered": 100.0, "percent_covered_display": "100", "missing_lines": 0, "excluded_lines": 0}, "missing_lines": [], "excluded_lines": []}, "": {"executed_lines": [1, 7, 9, 10, 12, 13, 15, 19, 20, 22, 25, 26, 28, 31, 32, 34, 37, 38, 54, 70, 132, 203, 272, 350, 377, 392, 421, 422, 430, 431], "summary": {"covered_lines": 24, "num_statements": 24, "percent_covered": 100.0, "percent_covered_display": "100", "missing_lines": 0, "excluded_lines": 2}, "missing_lines": [], "excluded_lines": [15, 16]}}, "classes": {"AgentServiceError": {"executed_lines": [], "summary": {"covered_lines": 0, "num_statements": 0, "percent_covered": 100.0, "percent_covered_display": "100", "missing_lines": 0, "excluded_lines": 0}, "missing_lines": [], "excluded_lines": []}, "AgentNotFoundError": {"executed_lines": [], "summary": {"covered_lines": 0, "num_statements": 0, "percent_covered": 100.0, "percent_covered_display": "100", "missing_lines": 0, "excluded_lines": 0}, "missing_lines": [], "excluded_lines": []}, "InvalidRequestError": {"executed_lines": [], "summary": {"covered_lines": 0, "num_statements": 0, "percent_covered": 100.0, "percent_covered_display": "100", "missing_lines": 0, "excluded_lines": 0}, "missing_lines": [], "excluded_lines": []}, "GRPCAgentService": {"executed_lines": [65, 66, 67, 68, 88, 90, 91, 92, 96, 99, 100, 101, 102, 106, 109, 110, 112, 113, 117, 119, 122, 124, 125, 126, 130, 149, 151, 152, 153, 154, 157, 163, 164, 165, 166, 167, 171, 173, 174, 177, 179, 180, 182, 188, 195, 196, 197, 201, 221, 223, 224, 225, 226, 230, 233, 234, 235, 236, 240, 243, 251, 253, 256, 258, 259, 263, 264, 265, 266, 270, 290, 292, 293, 294, 298, 301, 302, 303, 304, 308, 311, 314, 315, 316, 317, 318, 319, 322, 324, 325, 329, 331, 334, 336, 337, 341, 359, 360, 362, 363, 369, 370, 373, 375, 383, 384, 385, 387, 388, 390, 401, 428, 437], "summary": {"covered_lines": 113, "num_statements": 117, "percent_covered": 96.58119658119658, "percent_covered_display": "97", "missing_lines": 4, "excluded_lines": 0}, "missing_lines": [342, 343, 344, 348], "excluded_lines": []}, "": {"executed_lines": [1, 7, 9, 10, 12, 13, 15, 19, 20, 22, 25, 26, 28, 31, 32, 34, 37, 38, 54, 70, 132, 203, 272, 350, 377, 392, 421, 422, 430, 431], "summary": {"covered_lines": 24, "num_statements": 24, "percent_covered": 100.0, "percent_covered_display": "100", "missing_lines": 0, "excluded_lines": 2}, "missing_lines": [], "excluded_lines": [15, 16]}}}, "src/presentation/websocket/__init__.py": {"executed_lines": [0], "summary": {"covered_lines": 0, "num_statements": 0, "percent_covered": 100.0, "percent_covered_display": "100", "missing_lines": 0, "excluded_lines": 0}, "missing_lines": [], "excluded_lines": [], "functions": {"": {"executed_lines": [], "summary": {"covered_lines": 0, "num_statements": 0, "percent_covered": 100.0, "percent_covered_display": "100", "missing_lines": 0, "excluded_lines": 0}, "missing_lines": [], "excluded_lines": []}}, "classes": {"": {"executed_lines": [], "summary": {"covered_lines": 0, "num_statements": 0, "percent_covered": 100.0, "percent_covered_display": "100", "missing_lines": 0, "excluded_lines": 0}, "missing_lines": [], "excluded_lines": []}}}, "src/presentation/websocket/handlers.py": {"executed_lines": [1, 7, 9, 10, 12, 14, 18, 19, 37, 48, 49, 51, 71, 72, 75, 76, 79, 82, 91, 93, 107, 109, 110, 111, 113, 115, 134, 136, 139, 140, 141, 146, 149, 150, 151, 152, 153, 154, 156, 162, 163, 164, 169, 170, 174, 180, 202, 203, 204, 209, 212, 213, 218, 222, 223, 224, 225, 226, 227, 228, 231, 240, 245, 266, 267, 268, 273, 276, 277, 282, 285, 286, 287, 288, 289, 290, 291, 294, 303, 308, 321, 328, 330, 341, 342, 343, 344, 345, 347, 360, 370, 376, 378, 380, 386, 387, 389, 395], "summary": {"covered_lines": 95, "num_statements": 95, "percent_covered": 100.0, "percent_covered_display": "100", "missing_lines": 0, "excluded_lines": 2}, "missing_lines": [], "excluded_lines": [14, 15], "functions": {"WebSocketHandlers.__init__": {"executed_lines": [48, 49], "summary": {"covered_lines": 2, "num_statements": 2, "percent_covered": 100.0, "percent_covered_display": "100", "missing_lines": 0, "excluded_lines": 0}, "missing_lines": [], "excluded_lines": []}, "WebSocketHandlers.on_connect": {"executed_lines": [71, 72, 75, 76, 79, 82, 91], "summary": {"covered_lines": 7, "num_statements": 7, "percent_covered": 100.0, "percent_covered_display": "100", "missing_lines": 0, "excluded_lines": 0}, "missing_lines": [], "excluded_lines": []}, "WebSocketHandlers.on_disconnect": {"executed_lines": [107, 109, 110, 111, 113], "summary": {"covered_lines": 5, "num_statements": 5, "percent_covered": 100.0, "percent_covered_display": "100", "missing_lines": 0, "excluded_lines": 0}, "missing_lines": [], "excluded_lines": []}, "WebSocketHandlers.on_message": {"executed_lines": [134, 136, 139, 140, 141, 146, 149, 150, 151, 152, 153, 154, 156, 162, 163, 164, 169, 170, 174], "summary": {"covered_lines": 19, "num_statements": 19, "percent_covered": 100.0, "percent_covered_display": "100", "missing_lines": 0, "excluded_lines": 0}, "missing_lines": [], "excluded_lines": []}, "WebSocketHandlers.handle_subscribe": {"executed_lines": [202, 203, 204, 209, 212, 213, 218, 222, 223, 224, 225, 226, 227, 228, 231, 240], "summary": {"covered_lines": 16, "num_statements": 16, "percent_covered": 100.0, "percent_covered_display": "100", "missing_lines": 0, "excluded_lines": 0}, "missing_lines": [], "excluded_lines": []}, "WebSocketHandlers.handle_unsubscribe": {"executed_lines": [266, 267, 268, 273, 276, 277, 282, 285, 286, 287, 288, 289, 290, 291, 294, 303], "summary": {"covered_lines": 16, "num_statements": 16, "percent_covered": 100.0, "percent_covered_display": "100", "missing_lines": 0, "excluded_lines": 0}, "missing_lines": [], "excluded_lines": []}, "WebSocketHandlers._handle_ping": {"executed_lines": [321, 328], "summary": {"covered_lines": 2, "num_statements": 2, "percent_covered": 100.0, "percent_covered_display": "100", "missing_lines": 0, "excluded_lines": 0}, "missing_lines": [], "excluded_lines": []}, "WebSocketHandlers._send_message": {"executed_lines": [341, 342, 343, 344, 345], "summary": {"covered_lines": 5, "num_statements": 5, "percent_covered": 100.0, "percent_covered_display": "100", "missing_lines": 0, "excluded_lines": 0}, "missing_lines": [], "excluded_lines": []}, "WebSocketHandlers._send_error": {"executed_lines": [360], "summary": {"covered_lines": 1, "num_statements": 1, "percent_covered": 100.0, "percent_covered_display": "100", "missing_lines": 0, "excluded_lines": 0}, "missing_lines": [], "excluded_lines": []}, "WebSocketHandlers._get_timestamp": {"executed_lines": [376, 378], "summary": {"covered_lines": 2, "num_statements": 2, "percent_covered": 100.0, "percent_covered_display": "100", "missing_lines": 0, "excluded_lines": 0}, "missing_lines": [], "excluded_lines": []}, "WebSocketHandlers.set_auth_service": {"executed_lines": [386, 387], "summary": {"covered_lines": 2, "num_statements": 2, "percent_covered": 100.0, "percent_covered_display": "100", "missing_lines": 0, "excluded_lines": 0}, "missing_lines": [], "excluded_lines": []}, "WebSocketHandlers.get_manager": {"executed_lines": [395], "summary": {"covered_lines": 1, "num_statements": 1, "percent_covered": 100.0, "percent_covered_display": "100", "missing_lines": 0, "excluded_lines": 0}, "missing_lines": [], "excluded_lines": []}, "": {"executed_lines": [1, 7, 9, 10, 12, 14, 18, 19, 37, 51, 93, 115, 180, 245, 308, 330, 347, 370, 380, 389], "summary": {"covered_lines": 17, "num_statements": 17, "percent_covered": 100.0, "percent_covered_display": "100", "missing_lines": 0, "excluded_lines": 2}, "missing_lines": [], "excluded_lines": [14, 15]}}, "classes": {"WebSocketHandlers": {"executed_lines": [48, 49, 71, 72, 75, 76, 79, 82, 91, 107, 109, 110, 111, 113, 134, 136, 139, 140, 141, 146, 149, 150, 151, 152, 153, 154, 156, 162, 163, 164, 169, 170, 174, 202, 203, 204, 209, 212, 213, 218, 222, 223, 224, 225, 226, 227, 228, 231, 240, 266, 267, 268, 273, 276, 277, 282, 285, 286, 287, 288, 289, 290, 291, 294, 303, 321, 328, 341, 342, 343, 344, 345, 360, 376, 378, 386, 387, 395], "summary": {"covered_lines": 78, "num_statements": 78, "percent_covered": 100.0, "percent_covered_display": "100", "missing_lines": 0, "excluded_lines": 0}, "missing_lines": [], "excluded_lines": []}, "": {"executed_lines": [1, 7, 9, 10, 12, 14, 18, 19, 37, 51, 93, 115, 180, 245, 308, 330, 347, 370, 380, 389], "summary": {"covered_lines": 17, "num_statements": 17, "percent_covered": 100.0, "percent_covered_display": "100", "missing_lines": 0, "excluded_lines": 2}, "missing_lines": [], "excluded_lines": [14, 15]}}}, "src/presentation/websocket/manager.py": {"executed_lines": [1, 7, 9, 10, 12, 14, 18, 19, 28, 41, 42, 43, 44, 47, 48, 68, 70, 71, 73, 89, 90, 93, 96, 98, 103, 114, 115, 118, 121, 122, 125, 127, 132, 142, 143, 145, 146, 148, 151, 154, 155, 156, 158, 163, 173, 174, 176, 178, 179, 181, 183, 185, 204, 205, 208, 211, 212, 215, 216, 217, 218, 220, 225, 227, 241, 242, 243, 245, 247, 249, 252, 254, 255, 257, 258, 263, 264, 265, 266, 267, 269, 275, 277, 286, 288, 300, 301, 303, 305, 314, 316, 322, 324, 336, 337, 339, 341, 350, 351, 352, 353, 355, 357, 359, 367, 368, 369, 372, 373, 376, 377, 378, 380, 386], "summary": {"covered_lines": 110, "num_statements": 110, "percent_covered": 100.0, "percent_covered_display": "100", "missing_lines": 0, "excluded_lines": 2}, "missing_lines": [], "excluded_lines": [14, 15], "functions": {"ConnectionInfo.__init__": {"executed_lines": [41, 42, 43, 44], "summary": {"covered_lines": 4, "num_statements": 4, "percent_covered": 100.0, "percent_covered_display": "100", "missing_lines": 0, "excluded_lines": 0}, "missing_lines": [], "excluded_lines": []}, "WebSocketManager.__init__": {"executed_lines": [70, 71], "summary": {"covered_lines": 2, "num_statements": 2, "percent_covered": 100.0, "percent_covered_display": "100", "missing_lines": 0, "excluded_lines": 0}, "missing_lines": [], "excluded_lines": []}, "WebSocketManager.register": {"executed_lines": [89, 90, 93, 96, 98], "summary": {"covered_lines": 5, "num_statements": 5, "percent_covered": 100.0, "percent_covered_display": "100", "missing_lines": 0, "excluded_lines": 0}, "missing_lines": [], "excluded_lines": []}, "WebSocketManager.unregister": {"executed_lines": [114, 115, 118, 121, 122, 125, 127], "summary": {"covered_lines": 7, "num_statements": 7, "percent_covered": 100.0, "percent_covered_display": "100", "missing_lines": 0, "excluded_lines": 0}, "missing_lines": [], "excluded_lines": []}, "WebSocketManager.subscribe": {"executed_lines": [142, 143, 145, 146, 148, 151, 154, 155, 156, 158], "summary": {"covered_lines": 10, "num_statements": 10, "percent_covered": 100.0, "percent_covered_display": "100", "missing_lines": 0, "excluded_lines": 0}, "missing_lines": [], "excluded_lines": []}, "WebSocketManager.unsubscribe": {"executed_lines": [173, 174, 176, 178, 179, 181, 183], "summary": {"covered_lines": 7, "num_statements": 7, "percent_covered": 100.0, "percent_covered_display": "100", "missing_lines": 0, "excluded_lines": 0}, "missing_lines": [], "excluded_lines": []}, "WebSocketManager.broadcast": {"executed_lines": [204, 205, 208, 211, 212, 215, 216, 217, 218, 220, 225], "summary": {"covered_lines": 11, "num_statements": 11, "percent_covered": 100.0, "percent_covered_display": "100", "missing_lines": 0, "excluded_lines": 0}, "missing_lines": [], "excluded_lines": []}, "WebSocketManager.send_to": {"executed_lines": [241, 242, 243, 245, 247, 249, 252, 254, 255, 257, 258, 263, 264, 265, 266, 267], "summary": {"covered_lines": 16, "num_statements": 16, "percent_covered": 100.0, "percent_covered_display": "100", "missing_lines": 0, "excluded_lines": 0}, "missing_lines": [], "excluded_lines": []}, "WebSocketManager.get_connection_count": {"executed_lines": [275], "summary": {"covered_lines": 1, "num_statements": 1, "percent_covered": 100.0, "percent_covered_display": "100", "missing_lines": 0, "excluded_lines": 0}, "missing_lines": [], "excluded_lines": []}, "WebSocketManager.get_topic_subscriber_count": {"executed_lines": [286], "summary": {"covered_lines": 1, "num_statements": 1, "percent_covered": 100.0, "percent_covered_display": "100", "missing_lines": 0, "excluded_lines": 0}, "missing_lines": [], "excluded_lines": []}, "WebSocketManager.get_client_subscriptions": {"executed_lines": [300, 301, 303], "summary": {"covered_lines": 3, "num_statements": 3, "percent_covered": 100.0, "percent_covered_display": "100", "missing_lines": 0, "excluded_lines": 0}, "missing_lines": [], "excluded_lines": []}, "WebSocketManager.is_registered": {"executed_lines": [314], "summary": {"covered_lines": 1, "num_statements": 1, "percent_covered": 100.0, "percent_covered_display": "100", "missing_lines": 0, "excluded_lines": 0}, "missing_lines": [], "excluded_lines": []}, "WebSocketManager.get_all_topics": {"executed_lines": [322], "summary": {"covered_lines": 1, "num_statements": 1, "percent_covered": 100.0, "percent_covered_display": "100", "missing_lines": 0, "excluded_lines": 0}, "missing_lines": [], "excluded_lines": []}, "WebSocketManager.get_connection_metadata": {"executed_lines": [336, 337, 339], "summary": {"covered_lines": 3, "num_statements": 3, "percent_covered": 100.0, "percent_covered_display": "100", "missing_lines": 0, "excluded_lines": 0}, "missing_lines": [], "excluded_lines": []}, "WebSocketManager.broadcast_to_all": {"executed_lines": [350, 351, 352, 353, 355, 357], "summary": {"covered_lines": 6, "num_statements": 6, "percent_covered": 100.0, "percent_covered_display": "100", "missing_lines": 0, "excluded_lines": 0}, "missing_lines": [], "excluded_lines": []}, "WebSocketManager._remove_from_topic": {"executed_lines": [367, 368, 369, 372, 373, 376, 377, 378], "summary": {"covered_lines": 8, "num_statements": 8, "percent_covered": 100.0, "percent_covered_display": "100", "missing_lines": 0, "excluded_lines": 0}, "missing_lines": [], "excluded_lines": []}, "WebSocketManager.get_stats": {"executed_lines": [386], "summary": {"covered_lines": 1, "num_statements": 1, "percent_covered": 100.0, "percent_covered_display": "100", "missing_lines": 0, "excluded_lines": 0}, "missing_lines": [], "excluded_lines": []}, "": {"executed_lines": [1, 7, 9, 10, 12, 14, 18, 19, 28, 47, 48, 68, 73, 103, 132, 163, 185, 227, 269, 277, 288, 305, 316, 324, 341, 359, 380], "summary": {"covered_lines": 23, "num_statements": 23, "percent_covered": 100.0, "percent_covered_display": "100", "missing_lines": 0, "excluded_lines": 2}, "missing_lines": [], "excluded_lines": [14, 15]}}, "classes": {"ConnectionInfo": {"executed_lines": [41, 42, 43, 44], "summary": {"covered_lines": 4, "num_statements": 4, "percent_covered": 100.0, "percent_covered_display": "100", "missing_lines": 0, "excluded_lines": 0}, "missing_lines": [], "excluded_lines": []}, "WebSocketManager": {"executed_lines": [70, 71, 89, 90, 93, 96, 98, 114, 115, 118, 121, 122, 125, 127, 142, 143, 145, 146, 148, 151, 154, 155, 156, 158, 173, 174, 176, 178, 179, 181, 183, 204, 205, 208, 211, 212, 215, 216, 217, 218, 220, 225, 241, 242, 243, 245, 247, 249, 252, 254, 255, 257, 258, 263, 264, 265, 266, 267, 275, 286, 300, 301, 303, 314, 322, 336, 337, 339, 350, 351, 352, 353, 355, 357, 367, 368, 369, 372, 373, 376, 377, 378, 386], "summary": {"covered_lines": 83, "num_statements": 83, "percent_covered": 100.0, "percent_covered_display": "100", "missing_lines": 0, "excluded_lines": 0}, "missing_lines": [], "excluded_lines": []}, "": {"executed_lines": [1, 7, 9, 10, 12, 14, 18, 19, 28, 47, 48, 68, 73, 103, 132, 163, 185, 227, 269, 277, 288, 305, 316, 324, 341, 359, 380], "summary": {"covered_lines": 23, "num_statements": 23, "percent_covered": 100.0, "percent_covered_display": "100", "missing_lines": 0, "excluded_lines": 2}, "missing_lines": [], "excluded_lines": [14, 15]}}}}, "totals": {"covered_lines": 5998, "num_statements": 6736, "percent_covered": 89.04394299287411, "percent_covered_display": "89", "missing_lines": 738, "excluded_lines": 40}}